#
# A fatal error has been detected by the Java Runtime Environment:
#
#  SIGSEGV (0xb) at pc=0x00007efe61d93f5a, pid=16732, tid=16734
#
# JRE version: Java(TM) SE Runtime Environment (9.0+11) (build 9.0.1+11)
# Java VM: Java HotSpot(TM) 64-Bit Server VM (9.0.1+11, mixed mode, tiered, compressed oops, g1 gc, linux-amd64)
# Problematic frame:
# C  [libLLVM-3.9.so+0x467f5a]  LLVMBuildLoad+0x4a
#
# Core dump will be written. Default location: Core dumps may be processed with "/usr/share/apport/apport %p %s %c %d %P" (or dumping to /home/merrillm/cs/IdeaProjects/covfefe/core.16732)
#
# If you would like to submit a bug report, please visit:
#   http://bugreport.java.com/bugreport/crash.jsp
# The crash happened outside the Java Virtual Machine in native code.
# See problematic frame for where to report the bug.
#

---------------  S U M M A R Y ------------

Command Line: -javaagent:/opt/idea-IU-172.3757.52/lib/idea_rt.jar=39799:/opt/idea-IU-172.3757.52/bin -Dfile.encoding=UTF-8 io.javalanche.covfefe.CovfefeMain example.iloc

Host: Intel(R) Core(TM) i7-4510U CPU @ 2.00GHz, 4 cores, 7G, Ubuntu 16.04.3 LTS
Time: Sat Dec  2 16:47:09 2017 PST elapsed time: 0 seconds (0d 0h 0m 0s)

---------------  T H R E A D  ---------------

Current thread (0x00007efec8013800):  JavaThread "main" [_thread_in_native, id=16734, stack(0x00007efecefff000,0x00007efecf0ff000)]

Stack: [0x00007efecefff000,0x00007efecf0ff000],  sp=0x00007efecf0fd770,  free space=1017k
Native frames: (J=compiled Java code, A=aot compiled Java code, j=interpreted, Vv=VM code, C=native code)
C  [libLLVM-3.9.so+0x467f5a]  LLVMBuildLoad+0x4a

Java frames: (J=compiled Java code, j=interpreted, Vv=VM code)
j  org.bytedeco.javacpp.LLVM.LLVMBuildLoad(Lorg/bytedeco/javacpp/LLVM$LLVMBuilderRef;Lorg/bytedeco/javacpp/LLVM$LLVMValueRef;Ljava/lang/String;)Lorg/bytedeco/javacpp/LLVM$LLVMValueRef;+0
j  io.javalanche.covfefe.instructions.InstructionLoad.loadAI(Lio/javalanche/covfefe/CompileContext;Ljava/lang/String;)V+18
j  io.javalanche.covfefe.instructions.InstructionEmitter$$Lambda$35.sink(Lio/javalanche/covfefe/CompileContext;Ljava/lang/String;)V+2
j  io.javalanche.covfefe.CovfefeMain.parse(Ljava/util/List;)Lio/javalanche/covfefe/CompileContext;+313
j  io.javalanche.covfefe.CovfefeMain.main([Ljava/lang/String;)V+33
v  ~StubRoutines::call_stub

siginfo: si_signo: 11 (SIGSEGV), si_code: 1 (SEGV_MAPERR), si_addr: 0x0000000000000000

Register to memory mapping:

RAX=0x0000000000000000 is an unknown value
RBX=0x00007efec83c6208 is an unknown value
RCX=0x0000000000000000 is an unknown value
RDX=0x00007efec83c5e40 is an unknown value
RSP=0x00007efecf0fd770 is pointing into the stack for thread: 0x00007efec8013800
RBP=0x00007efec83bbad0 is an unknown value
RSI=0x00007efec83c6208 is an unknown value
RDI=0x00007efec83c6208 is an unknown value
R8 =0x0000000000000000 is an unknown value
R9 =0x0000000000000000 is an unknown value
R10=0x000000000000124a is an unknown value
R11=0x00007efe61d93f10: LLVMBuildLoad+0x0000000000000000 in /home/merrillm/.javacpp/cache/llvm-3.9.0-1.3-linux-x86_64.jar/org/bytedeco/javacpp/linux-x86_64/libLLVM-3.9.so at 0x00007efe6192c000
R12=0x00007efec83c5e40 is an unknown value
R13=0x00007efec83bbad0 is an unknown value
R14=0x00007efec83c5fa0 is an unknown value
R15=0x00007efec8013800 is a thread


Registers:
RAX=0x0000000000000000, RBX=0x00007efec83c6208, RCX=0x0000000000000000, RDX=0x00007efec83c5e40
RSP=0x00007efecf0fd770, RBP=0x00007efec83bbad0, RSI=0x00007efec83c6208, RDI=0x00007efec83c6208
R8 =0x0000000000000000, R9 =0x0000000000000000, R10=0x000000000000124a, R11=0x00007efe61d93f10
R12=0x00007efec83c5e40, R13=0x00007efec83bbad0, R14=0x00007efec83c5fa0, R15=0x00007efec8013800
RIP=0x00007efe61d93f5a, EFLAGS=0x0000000000010246, CSGSFS=0x0000000000000033, ERR=0x0000000000000004
  TRAPNO=0x000000000000000e

Top of Stack: (sp=0x00007efecf0fd770)
0x00007efecf0fd770:   0000000000000008 00007efe60ec8414
0x00007efecf0fd780:   00007efe80df0101 00007efec8013a18
0x00007efecf0fd790:   00007efec8013a18 00007efecf0fd880
0x00007efecf0fd7a0:   00007efec83c5e40 00007efe60f0c900 

Instructions: (pc=0x00007efe61d93f5a)
0x00007efe61d93f3a:   00 e8 d0 7a ed ff 48 89 c3 49 8b 44 24 08 45 31
0x00007efe61d93f4a:   c9 45 31 c0 31 c9 48 89 df 4c 89 e2 48 8b 40 10
0x00007efe61d93f5a:   48 8b 30 e8 de 67 ec ff 48 8b 7d 08 48 8b 45 10
0x00007efe61d93f6a:   48 85 ff 74 26 48 8b 50 20 48 89 43 28 48 39 47 


---------------  P R O C E S S  ---------------

Java Threads: ( => current thread )
  0x00007efec83b8800 JavaThread "JavaCPP Deallocator" daemon [_thread_blocked, id=16781, stack(0x00007efe60d8a000,0x00007efe60e8b000)]
  0x00007efec82c9800 JavaThread "Service Thread" daemon [_thread_blocked, id=16779, stack(0x00007efe635d2000,0x00007efe636d3000)]
  0x00007efec82c8000 JavaThread "Monitor Ctrl-Break" daemon [_thread_in_native, id=16778, stack(0x00007efe636d3000,0x00007efe637d4000)]
  0x00007efec81ca000 JavaThread "Common-Cleaner" daemon [_thread_blocked, id=16774, stack(0x00007efe637d4000,0x00007efe638d5000)]
  0x00007efec818d800 JavaThread "Sweeper thread" daemon [_thread_blocked, id=16773, stack(0x00007efe63cfd000,0x00007efe63dfe000)]
  0x00007efec818b800 JavaThread "C1 CompilerThread2" daemon [_thread_blocked, id=16771, stack(0x00007efe63dfe000,0x00007efe63eff000)]
  0x00007efec8189800 JavaThread "C2 CompilerThread1" daemon [_thread_blocked, id=16768, stack(0x00007efe63eff000,0x00007efe64000000)]
  0x00007efec8187800 JavaThread "C2 CompilerThread0" daemon [_thread_blocked, id=16766, stack(0x00007efe8000b000,0x00007efe8010c000)]
  0x00007efec8185800 JavaThread "Signal Dispatcher" daemon [_thread_blocked, id=16764, stack(0x00007efe8010c000,0x00007efe8020d000)]
  0x00007efec816a800 JavaThread "Finalizer" daemon [_thread_blocked, id=16762, stack(0x00007efe804e5000,0x00007efe805e6000)]
  0x00007efec8162800 JavaThread "Reference Handler" daemon [_thread_blocked, id=16760, stack(0x00007efe805e6000,0x00007efe806e7000)]
=>0x00007efec8013800 JavaThread "main" [_thread_in_native, id=16734, stack(0x00007efecefff000,0x00007efecf0ff000)]

Other Threads:
  0x00007efec8158800 VMThread "VM Thread" [stack: 0x00007efe806e8000,0x00007efe807e8000] [id=16759]
  0x00007efec82cf000 WatcherThread [stack: 0x00007efe634d2000,0x00007efe635d2000] [id=16780]
  0x00007efec802b000 GCTaskThread "GC Thread#0" [stack: 0x00007efead008000,0x00007efead108000] [id=16736]
  0x00007efec802c000 GCTaskThread "GC Thread#1" [stack: 0x00007efeacf07000,0x00007efead007000] [id=16739]
  0x00007efec802e000 GCTaskThread "GC Thread#2" [stack: 0x00007efeace06000,0x00007efeacf06000] [id=16741]
  0x00007efec802f800 GCTaskThread "GC Thread#3" [stack: 0x00007efeacd05000,0x00007efeace05000] [id=16743]
  0x00007efec805e000 ConcurrentGCThread "G1 Main Marker" [stack: 0x00007efe835bf000,0x00007efe836bf000] [id=16753]
  0x00007efec8060000 ConcurrentGCThread "G1 Marker#0" [stack: 0x00007efe834be000,0x00007efe835be000] [id=16755]
  0x00007efec8037000 ConcurrentGCThread "G1 Refine#0" [stack: 0x00007efeac4fd000,0x00007efeac5fd000] [id=16750]
  0x00007efec8035800 ConcurrentGCThread "G1 Refine#1" [stack: 0x00007efeac5fe000,0x00007efeac6fe000] [id=16748]
  0x00007efec8033800 ConcurrentGCThread "G1 Refine#2" [stack: 0x00007efeac6ff000,0x00007efeac7ff000] [id=16746]
  0x00007efec8031800 ConcurrentGCThread "G1 Refine#3" [stack: 0x00007efeac800000,0x00007efeac900000] [id=16744]
  0x00007efec8039000 ConcurrentGCThread "G1 Young RemSet Sampling" [stack: 0x00007efeac3fc000,0x00007efeac4fc000] [id=16752]

Threads with active compile tasks:

VM state:not at safepoint (normal execution)

VM Mutex/Monitor currently owned by a thread: None

Heap address: 0x0000000084a00000, size: 1974 MB, Compressed Oops mode: 32-bit
Narrow klass base: 0x0000000000000000, Narrow klass shift: 3
Compressed class space size: 1073741824 Address: 0x0000000100000000

Heap:
 garbage-first heap   total 126976K, used 8192K [0x0000000084a00000, 0x0000000084b003e0, 0x0000000100000000)
  region size 1024K, 9 young (9216K), 0 survivors (0K)
 Metaspace       used 8946K, capacity 9182K, committed 9344K, reserved 1058816K
  class space    used 815K, capacity 889K, committed 896K, reserved 1048576K
Heap Regions: E=young(eden), S=young(survivor), O=old, HS=humongous(starts), HC=humongous(continues), CS=collection set, F=free, A=archive, TS=gc time stamp, AC=allocation context, TAMS=top-at-mark-start (previous, next)
|   0|0x0000000084a00000, 0x0000000084a00000, 0x0000000084b00000|  0%| F|  |TS  0|AC  0|TAMS 0x0000000084a00000, 0x0000000084a00000|
|   1|0x0000000084b00000, 0x0000000084b00000, 0x0000000084c00000|  0%| F|  |TS  0|AC  0|TAMS 0x0000000084b00000, 0x0000000084b00000|
|   2|0x0000000084c00000, 0x0000000084c00000, 0x0000000084d00000|  0%| F|  |TS  0|AC  0|TAMS 0x0000000084c00000, 0x0000000084c00000|
|   3|0x0000000084d00000, 0x0000000084d00000, 0x0000000084e00000|  0%| F|  |TS  0|AC  0|TAMS 0x0000000084d00000, 0x0000000084d00000|
|   4|0x0000000084e00000, 0x0000000084e00000, 0x0000000084f00000|  0%| F|  |TS  0|AC  0|TAMS 0x0000000084e00000, 0x0000000084e00000|
|   5|0x0000000084f00000, 0x0000000084f00000, 0x0000000085000000|  0%| F|  |TS  0|AC  0|TAMS 0x0000000084f00000, 0x0000000084f00000|
|   6|0x0000000085000000, 0x0000000085000000, 0x0000000085100000|  0%| F|  |TS  0|AC  0|TAMS 0x0000000085000000, 0x0000000085000000|
|   7|0x0000000085100000, 0x0000000085100000, 0x0000000085200000|  0%| F|  |TS  0|AC  0|TAMS 0x0000000085100000, 0x0000000085100000|
|   8|0x0000000085200000, 0x0000000085200000, 0x0000000085300000|  0%| F|  |TS  0|AC  0|TAMS 0x0000000085200000, 0x0000000085200000|
|   9|0x0000000085300000, 0x0000000085300000, 0x0000000085400000|  0%| F|  |TS  0|AC  0|TAMS 0x0000000085300000, 0x0000000085300000|
|  10|0x0000000085400000, 0x0000000085400000, 0x0000000085500000|  0%| F|  |TS  0|AC  0|TAMS 0x0000000085400000, 0x0000000085400000|
|  11|0x0000000085500000, 0x0000000085500000, 0x0000000085600000|  0%| F|  |TS  0|AC  0|TAMS 0x0000000085500000, 0x0000000085500000|
|  12|0x0000000085600000, 0x0000000085600000, 0x0000000085700000|  0%| F|  |TS  0|AC  0|TAMS 0x0000000085600000, 0x0000000085600000|
|  13|0x0000000085700000, 0x0000000085700000, 0x0000000085800000|  0%| F|  |TS  0|AC  0|TAMS 0x0000000085700000, 0x0000000085700000|
|  14|0x0000000085800000, 0x0000000085800000, 0x0000000085900000|  0%| F|  |TS  0|AC  0|TAMS 0x0000000085800000, 0x0000000085800000|
|  15|0x0000000085900000, 0x0000000085900000, 0x0000000085a00000|  0%| F|  |TS  0|AC  0|TAMS 0x0000000085900000, 0x0000000085900000|
|  16|0x0000000085a00000, 0x0000000085a00000, 0x0000000085b00000|  0%| F|  |TS  0|AC  0|TAMS 0x0000000085a00000, 0x0000000085a00000|
|  17|0x0000000085b00000, 0x0000000085b00000, 0x0000000085c00000|  0%| F|  |TS  0|AC  0|TAMS 0x0000000085b00000, 0x0000000085b00000|
|  18|0x0000000085c00000, 0x0000000085c00000, 0x0000000085d00000|  0%| F|  |TS  0|AC  0|TAMS 0x0000000085c00000, 0x0000000085c00000|
|  19|0x0000000085d00000, 0x0000000085d00000, 0x0000000085e00000|  0%| F|  |TS  0|AC  0|TAMS 0x0000000085d00000, 0x0000000085d00000|
|  20|0x0000000085e00000, 0x0000000085e00000, 0x0000000085f00000|  0%| F|  |TS  0|AC  0|TAMS 0x0000000085e00000, 0x0000000085e00000|
|  21|0x0000000085f00000, 0x0000000085f00000, 0x0000000086000000|  0%| F|  |TS  0|AC  0|TAMS 0x0000000085f00000, 0x0000000085f00000|
|  22|0x0000000086000000, 0x0000000086000000, 0x0000000086100000|  0%| F|  |TS  0|AC  0|TAMS 0x0000000086000000, 0x0000000086000000|
|  23|0x0000000086100000, 0x0000000086100000, 0x0000000086200000|  0%| F|  |TS  0|AC  0|TAMS 0x0000000086100000, 0x0000000086100000|
|  24|0x0000000086200000, 0x0000000086200000, 0x0000000086300000|  0%| F|  |TS  0|AC  0|TAMS 0x0000000086200000, 0x0000000086200000|
|  25|0x0000000086300000, 0x0000000086300000, 0x0000000086400000|  0%| F|  |TS  0|AC  0|TAMS 0x0000000086300000, 0x0000000086300000|
|  26|0x0000000086400000, 0x0000000086400000, 0x0000000086500000|  0%| F|  |TS  0|AC  0|TAMS 0x0000000086400000, 0x0000000086400000|
|  27|0x0000000086500000, 0x0000000086500000, 0x0000000086600000|  0%| F|  |TS  0|AC  0|TAMS 0x0000000086500000, 0x0000000086500000|
|  28|0x0000000086600000, 0x0000000086600000, 0x0000000086700000|  0%| F|  |TS  0|AC  0|TAMS 0x0000000086600000, 0x0000000086600000|
|  29|0x0000000086700000, 0x0000000086700000, 0x0000000086800000|  0%| F|  |TS  0|AC  0|TAMS 0x0000000086700000, 0x0000000086700000|
|  30|0x0000000086800000, 0x0000000086800000, 0x0000000086900000|  0%| F|  |TS  0|AC  0|TAMS 0x0000000086800000, 0x0000000086800000|
|  31|0x0000000086900000, 0x0000000086900000, 0x0000000086a00000|  0%| F|  |TS  0|AC  0|TAMS 0x0000000086900000, 0x0000000086900000|
|  32|0x0000000086a00000, 0x0000000086a00000, 0x0000000086b00000|  0%| F|  |TS  0|AC  0|TAMS 0x0000000086a00000, 0x0000000086a00000|
|  33|0x0000000086b00000, 0x0000000086b00000, 0x0000000086c00000|  0%| F|  |TS  0|AC  0|TAMS 0x0000000086b00000, 0x0000000086b00000|
|  34|0x0000000086c00000, 0x0000000086c00000, 0x0000000086d00000|  0%| F|  |TS  0|AC  0|TAMS 0x0000000086c00000, 0x0000000086c00000|
|  35|0x0000000086d00000, 0x0000000086d00000, 0x0000000086e00000|  0%| F|  |TS  0|AC  0|TAMS 0x0000000086d00000, 0x0000000086d00000|
|  36|0x0000000086e00000, 0x0000000086e00000, 0x0000000086f00000|  0%| F|  |TS  0|AC  0|TAMS 0x0000000086e00000, 0x0000000086e00000|
|  37|0x0000000086f00000, 0x0000000086f00000, 0x0000000087000000|  0%| F|  |TS  0|AC  0|TAMS 0x0000000086f00000, 0x0000000086f00000|
|  38|0x0000000087000000, 0x0000000087000000, 0x0000000087100000|  0%| F|  |TS  0|AC  0|TAMS 0x0000000087000000, 0x0000000087000000|
|  39|0x0000000087100000, 0x0000000087100000, 0x0000000087200000|  0%| F|  |TS  0|AC  0|TAMS 0x0000000087100000, 0x0000000087100000|
|  40|0x0000000087200000, 0x0000000087200000, 0x0000000087300000|  0%| F|  |TS  0|AC  0|TAMS 0x0000000087200000, 0x0000000087200000|
|  41|0x0000000087300000, 0x0000000087300000, 0x0000000087400000|  0%| F|  |TS  0|AC  0|TAMS 0x0000000087300000, 0x0000000087300000|
|  42|0x0000000087400000, 0x0000000087400000, 0x0000000087500000|  0%| F|  |TS  0|AC  0|TAMS 0x0000000087400000, 0x0000000087400000|
|  43|0x0000000087500000, 0x0000000087500000, 0x0000000087600000|  0%| F|  |TS  0|AC  0|TAMS 0x0000000087500000, 0x0000000087500000|
|  44|0x0000000087600000, 0x0000000087600000, 0x0000000087700000|  0%| F|  |TS  0|AC  0|TAMS 0x0000000087600000, 0x0000000087600000|
|  45|0x0000000087700000, 0x0000000087700000, 0x0000000087800000|  0%| F|  |TS  0|AC  0|TAMS 0x0000000087700000, 0x0000000087700000|
|  46|0x0000000087800000, 0x0000000087800000, 0x0000000087900000|  0%| F|  |TS  0|AC  0|TAMS 0x0000000087800000, 0x0000000087800000|
|  47|0x0000000087900000, 0x0000000087900000, 0x0000000087a00000|  0%| F|  |TS  0|AC  0|TAMS 0x0000000087900000, 0x0000000087900000|
|  48|0x0000000087a00000, 0x0000000087a00000, 0x0000000087b00000|  0%| F|  |TS  0|AC  0|TAMS 0x0000000087a00000, 0x0000000087a00000|
|  49|0x0000000087b00000, 0x0000000087b00000, 0x0000000087c00000|  0%| F|  |TS  0|AC  0|TAMS 0x0000000087b00000, 0x0000000087b00000|
|  50|0x0000000087c00000, 0x0000000087c00000, 0x0000000087d00000|  0%| F|  |TS  0|AC  0|TAMS 0x0000000087c00000, 0x0000000087c00000|
|  51|0x0000000087d00000, 0x0000000087d00000, 0x0000000087e00000|  0%| F|  |TS  0|AC  0|TAMS 0x0000000087d00000, 0x0000000087d00000|
|  52|0x0000000087e00000, 0x0000000087e00000, 0x0000000087f00000|  0%| F|  |TS  0|AC  0|TAMS 0x0000000087e00000, 0x0000000087e00000|
|  53|0x0000000087f00000, 0x0000000087f00000, 0x0000000088000000|  0%| F|  |TS  0|AC  0|TAMS 0x0000000087f00000, 0x0000000087f00000|
|  54|0x0000000088000000, 0x0000000088000000, 0x0000000088100000|  0%| F|  |TS  0|AC  0|TAMS 0x0000000088000000, 0x0000000088000000|
|  55|0x0000000088100000, 0x0000000088100000, 0x0000000088200000|  0%| F|  |TS  0|AC  0|TAMS 0x0000000088100000, 0x0000000088100000|
|  56|0x0000000088200000, 0x0000000088200000, 0x0000000088300000|  0%| F|  |TS  0|AC  0|TAMS 0x0000000088200000, 0x0000000088200000|
|  57|0x0000000088300000, 0x0000000088300000, 0x0000000088400000|  0%| F|  |TS  0|AC  0|TAMS 0x0000000088300000, 0x0000000088300000|
|  58|0x0000000088400000, 0x0000000088400000, 0x0000000088500000|  0%| F|  |TS  0|AC  0|TAMS 0x0000000088400000, 0x0000000088400000|
|  59|0x0000000088500000, 0x0000000088500000, 0x0000000088600000|  0%| F|  |TS  0|AC  0|TAMS 0x0000000088500000, 0x0000000088500000|
|  60|0x0000000088600000, 0x0000000088600000, 0x0000000088700000|  0%| F|  |TS  0|AC  0|TAMS 0x0000000088600000, 0x0000000088600000|
|  61|0x0000000088700000, 0x0000000088700000, 0x0000000088800000|  0%| F|  |TS  0|AC  0|TAMS 0x0000000088700000, 0x0000000088700000|
|  62|0x0000000088800000, 0x0000000088800000, 0x0000000088900000|  0%| F|  |TS  0|AC  0|TAMS 0x0000000088800000, 0x0000000088800000|
|  63|0x0000000088900000, 0x0000000088900000, 0x0000000088a00000|  0%| F|  |TS  0|AC  0|TAMS 0x0000000088900000, 0x0000000088900000|
|  64|0x0000000088a00000, 0x0000000088a00000, 0x0000000088b00000|  0%| F|  |TS  0|AC  0|TAMS 0x0000000088a00000, 0x0000000088a00000|
|  65|0x0000000088b00000, 0x0000000088b00000, 0x0000000088c00000|  0%| F|  |TS  0|AC  0|TAMS 0x0000000088b00000, 0x0000000088b00000|
|  66|0x0000000088c00000, 0x0000000088c00000, 0x0000000088d00000|  0%| F|  |TS  0|AC  0|TAMS 0x0000000088c00000, 0x0000000088c00000|
|  67|0x0000000088d00000, 0x0000000088d00000, 0x0000000088e00000|  0%| F|  |TS  0|AC  0|TAMS 0x0000000088d00000, 0x0000000088d00000|
|  68|0x0000000088e00000, 0x0000000088e00000, 0x0000000088f00000|  0%| F|  |TS  0|AC  0|TAMS 0x0000000088e00000, 0x0000000088e00000|
|  69|0x0000000088f00000, 0x0000000088f00000, 0x0000000089000000|  0%| F|  |TS  0|AC  0|TAMS 0x0000000088f00000, 0x0000000088f00000|
|  70|0x0000000089000000, 0x0000000089000000, 0x0000000089100000|  0%| F|  |TS  0|AC  0|TAMS 0x0000000089000000, 0x0000000089000000|
|  71|0x0000000089100000, 0x0000000089100000, 0x0000000089200000|  0%| F|  |TS  0|AC  0|TAMS 0x0000000089100000, 0x0000000089100000|
|  72|0x0000000089200000, 0x0000000089200000, 0x0000000089300000|  0%| F|  |TS  0|AC  0|TAMS 0x0000000089200000, 0x0000000089200000|
|  73|0x0000000089300000, 0x0000000089300000, 0x0000000089400000|  0%| F|  |TS  0|AC  0|TAMS 0x0000000089300000, 0x0000000089300000|
|  74|0x0000000089400000, 0x0000000089400000, 0x0000000089500000|  0%| F|  |TS  0|AC  0|TAMS 0x0000000089400000, 0x0000000089400000|
|  75|0x0000000089500000, 0x0000000089500000, 0x0000000089600000|  0%| F|  |TS  0|AC  0|TAMS 0x0000000089500000, 0x0000000089500000|
|  76|0x0000000089600000, 0x0000000089600000, 0x0000000089700000|  0%| F|  |TS  0|AC  0|TAMS 0x0000000089600000, 0x0000000089600000|
|  77|0x0000000089700000, 0x0000000089700000, 0x0000000089800000|  0%| F|  |TS  0|AC  0|TAMS 0x0000000089700000, 0x0000000089700000|
|  78|0x0000000089800000, 0x0000000089800000, 0x0000000089900000|  0%| F|  |TS  0|AC  0|TAMS 0x0000000089800000, 0x0000000089800000|
|  79|0x0000000089900000, 0x0000000089900000, 0x0000000089a00000|  0%| F|  |TS  0|AC  0|TAMS 0x0000000089900000, 0x0000000089900000|
|  80|0x0000000089a00000, 0x0000000089a00000, 0x0000000089b00000|  0%| F|  |TS  0|AC  0|TAMS 0x0000000089a00000, 0x0000000089a00000|
|  81|0x0000000089b00000, 0x0000000089b00000, 0x0000000089c00000|  0%| F|  |TS  0|AC  0|TAMS 0x0000000089b00000, 0x0000000089b00000|
|  82|0x0000000089c00000, 0x0000000089c00000, 0x0000000089d00000|  0%| F|  |TS  0|AC  0|TAMS 0x0000000089c00000, 0x0000000089c00000|
|  83|0x0000000089d00000, 0x0000000089d00000, 0x0000000089e00000|  0%| F|  |TS  0|AC  0|TAMS 0x0000000089d00000, 0x0000000089d00000|
|  84|0x0000000089e00000, 0x0000000089e00000, 0x0000000089f00000|  0%| F|  |TS  0|AC  0|TAMS 0x0000000089e00000, 0x0000000089e00000|
|  85|0x0000000089f00000, 0x0000000089f00000, 0x000000008a000000|  0%| F|  |TS  0|AC  0|TAMS 0x0000000089f00000, 0x0000000089f00000|
|  86|0x000000008a000000, 0x000000008a000000, 0x000000008a100000|  0%| F|  |TS  0|AC  0|TAMS 0x000000008a000000, 0x000000008a000000|
|  87|0x000000008a100000, 0x000000008a100000, 0x000000008a200000|  0%| F|  |TS  0|AC  0|TAMS 0x000000008a100000, 0x000000008a100000|
|  88|0x000000008a200000, 0x000000008a200000, 0x000000008a300000|  0%| F|  |TS  0|AC  0|TAMS 0x000000008a200000, 0x000000008a200000|
|  89|0x000000008a300000, 0x000000008a300000, 0x000000008a400000|  0%| F|  |TS  0|AC  0|TAMS 0x000000008a300000, 0x000000008a300000|
|  90|0x000000008a400000, 0x000000008a400000, 0x000000008a500000|  0%| F|  |TS  0|AC  0|TAMS 0x000000008a400000, 0x000000008a400000|
|  91|0x000000008a500000, 0x000000008a500000, 0x000000008a600000|  0%| F|  |TS  0|AC  0|TAMS 0x000000008a500000, 0x000000008a500000|
|  92|0x000000008a600000, 0x000000008a600000, 0x000000008a700000|  0%| F|  |TS  0|AC  0|TAMS 0x000000008a600000, 0x000000008a600000|
|  93|0x000000008a700000, 0x000000008a700000, 0x000000008a800000|  0%| F|  |TS  0|AC  0|TAMS 0x000000008a700000, 0x000000008a700000|
|  94|0x000000008a800000, 0x000000008a800000, 0x000000008a900000|  0%| F|  |TS  0|AC  0|TAMS 0x000000008a800000, 0x000000008a800000|
|  95|0x000000008a900000, 0x000000008a900000, 0x000000008aa00000|  0%| F|  |TS  0|AC  0|TAMS 0x000000008a900000, 0x000000008a900000|
|  96|0x000000008aa00000, 0x000000008aa00000, 0x000000008ab00000|  0%| F|  |TS  0|AC  0|TAMS 0x000000008aa00000, 0x000000008aa00000|
|  97|0x000000008ab00000, 0x000000008ab00000, 0x000000008ac00000|  0%| F|  |TS  0|AC  0|TAMS 0x000000008ab00000, 0x000000008ab00000|
|  98|0x000000008ac00000, 0x000000008ac00000, 0x000000008ad00000|  0%| F|  |TS  0|AC  0|TAMS 0x000000008ac00000, 0x000000008ac00000|
|  99|0x000000008ad00000, 0x000000008ad00000, 0x000000008ae00000|  0%| F|  |TS  0|AC  0|TAMS 0x000000008ad00000, 0x000000008ad00000|
| 100|0x000000008ae00000, 0x000000008ae00000, 0x000000008af00000|  0%| F|  |TS  0|AC  0|TAMS 0x000000008ae00000, 0x000000008ae00000|
| 101|0x000000008af00000, 0x000000008af00000, 0x000000008b000000|  0%| F|  |TS  0|AC  0|TAMS 0x000000008af00000, 0x000000008af00000|
| 102|0x000000008b000000, 0x000000008b000000, 0x000000008b100000|  0%| F|  |TS  0|AC  0|TAMS 0x000000008b000000, 0x000000008b000000|
| 103|0x000000008b100000, 0x000000008b100000, 0x000000008b200000|  0%| F|  |TS  0|AC  0|TAMS 0x000000008b100000, 0x000000008b100000|
| 104|0x000000008b200000, 0x000000008b200000, 0x000000008b300000|  0%| F|  |TS  0|AC  0|TAMS 0x000000008b200000, 0x000000008b200000|
| 105|0x000000008b300000, 0x000000008b300000, 0x000000008b400000|  0%| F|  |TS  0|AC  0|TAMS 0x000000008b300000, 0x000000008b300000|
| 106|0x000000008b400000, 0x000000008b400000, 0x000000008b500000|  0%| F|  |TS  0|AC  0|TAMS 0x000000008b400000, 0x000000008b400000|
| 107|0x000000008b500000, 0x000000008b500000, 0x000000008b600000|  0%| F|  |TS  0|AC  0|TAMS 0x000000008b500000, 0x000000008b500000|
| 108|0x000000008b600000, 0x000000008b600000, 0x000000008b700000|  0%| F|  |TS  0|AC  0|TAMS 0x000000008b600000, 0x000000008b600000|
| 109|0x000000008b700000, 0x000000008b700000, 0x000000008b800000|  0%| F|  |TS  0|AC  0|TAMS 0x000000008b700000, 0x000000008b700000|
| 110|0x000000008b800000, 0x000000008b800000, 0x000000008b900000|  0%| F|  |TS  0|AC  0|TAMS 0x000000008b800000, 0x000000008b800000|
| 111|0x000000008b900000, 0x000000008b900000, 0x000000008ba00000|  0%| F|  |TS  0|AC  0|TAMS 0x000000008b900000, 0x000000008b900000|
| 112|0x000000008ba00000, 0x000000008ba00000, 0x000000008bb00000|  0%| F|  |TS  0|AC  0|TAMS 0x000000008ba00000, 0x000000008ba00000|
| 113|0x000000008bb00000, 0x000000008bb00000, 0x000000008bc00000|  0%| F|  |TS  0|AC  0|TAMS 0x000000008bb00000, 0x000000008bb00000|
| 114|0x000000008bc00000, 0x000000008bc00000, 0x000000008bd00000|  0%| F|  |TS  0|AC  0|TAMS 0x000000008bc00000, 0x000000008bc00000|
| 115|0x000000008bd00000, 0x000000008bdd89e0, 0x000000008be00000| 84%| E|  |TS  0|AC  0|TAMS 0x000000008bd00000, 0x000000008bd00000|
| 116|0x000000008be00000, 0x000000008bf00000, 0x000000008bf00000|100%| E|CS|TS  0|AC  0|TAMS 0x000000008be00000, 0x000000008be00000|
| 117|0x000000008bf00000, 0x000000008c000000, 0x000000008c000000|100%| E|CS|TS  0|AC  0|TAMS 0x000000008bf00000, 0x000000008bf00000|
| 118|0x000000008c000000, 0x000000008c100000, 0x000000008c100000|100%| E|CS|TS  0|AC  0|TAMS 0x000000008c000000, 0x000000008c000000|
| 119|0x000000008c100000, 0x000000008c200000, 0x000000008c200000|100%| E|CS|TS  0|AC  0|TAMS 0x000000008c100000, 0x000000008c100000|
| 120|0x000000008c200000, 0x000000008c300000, 0x000000008c300000|100%| E|CS|TS  0|AC  0|TAMS 0x000000008c200000, 0x000000008c200000|
| 121|0x000000008c300000, 0x000000008c400000, 0x000000008c400000|100%| E|CS|TS  0|AC  0|TAMS 0x000000008c300000, 0x000000008c300000|
| 122|0x000000008c400000, 0x000000008c500000, 0x000000008c500000|100%| E|CS|TS  0|AC  0|TAMS 0x000000008c400000, 0x000000008c400000|
| 123|0x000000008c500000, 0x000000008c600000, 0x000000008c600000|100%| E|CS|TS  0|AC  0|TAMS 0x000000008c500000, 0x000000008c500000|

Card table byte_map: [0x00007efe8784a000,0x00007efe87c25000] byte_map_base: 0x00007efe87425000

Marking Bits (Prev, Next): (CMBitMap*) 0x00007efec805d620, (CMBitMap*) 0x00007efec805d658
 Prev Bits: [0x00007efe85597000, 0x00007efe8746f000)
 Next Bits: [0x00007efe836bf000, 0x00007efe85597000)

Polling page: 0x00007efecf12d000

CodeHeap 'non-profiled nmethods': size=120032Kb used=155Kb max_used=155Kb free=119876Kb
 bounds [0x00007efeb4da6000, 0x00007efeb5016000, 0x00007efebc2de000]
CodeHeap 'profiled nmethods': size=120032Kb used=726Kb max_used=726Kb free=119305Kb
 bounds [0x00007efead86e000, 0x00007efeadade000, 0x00007efeb4da6000]
CodeHeap 'non-nmethods': size=5696Kb used=1200Kb max_used=1215Kb free=4496Kb
 bounds [0x00007efead2de000, 0x00007efead54e000, 0x00007efead86e000]
 total_blobs=1000 nmethods=515 adapters=277
 compilation: enabled

Compilation events (10 events):
Event: 0.444 Thread 0x00007efec818b800 nmethod 511 0x00007efead922090 code [0x00007efead922240, 0x00007efead9223f0]
Event: 0.444 Thread 0x00007efec818b800  512       3       java.lang.reflect.Modifier::isProtected (12 bytes)
Event: 0.445 Thread 0x00007efec818b800 nmethod 512 0x00007efead922490 code [0x00007efead922640, 0x00007efead9227d0]
Event: 0.445 Thread 0x00007efec818b800  513       3       jdk.internal.org.objectweb.asm.ByteVector::putInt (74 bytes)
Event: 0.445 Thread 0x00007efec818b800 nmethod 513 0x00007efead922890 code [0x00007efead922a60, 0x00007efead922ce8]
Event: 0.445 Thread 0x00007efec818b800  515       3       java.util.regex.Pattern::peek (26 bytes)
Event: 0.445 Thread 0x00007efec8187800 nmethod 501 0x00007efeb4dcc490 code [0x00007efeb4dcc660, 0x00007efeb4dccb98]
Event: 0.445 Thread 0x00007efec818b800 nmethod 515 0x00007efead922e90 code [0x00007efead923060, 0x00007efead923308]
Event: 0.445 Thread 0x00007efec818b800  514       3       java.util.regex.Pattern::isSupplementary (20 bytes)
Event: 0.445 Thread 0x00007efec818b800 nmethod 514 0x00007efead923410 code [0x00007efead9235c0, 0x00007efead923890]

GC Heap History (0 events):
No events

Deoptimization events (1 events):
Event: 0.212 Thread 0x00007efec82c8000 Uncommon trap: reason=unstable_if action=reinterpret pc=0x00007efeb4da8714 method=java.lang.String.charAt(I)C @ 4 c2

Classes redefined (0 events):
No events

Internal exceptions (10 events):
Event: 0.274 Thread 0x00007efec8013800 Exception <a 'java/lang/NoSuchMethodError'{0x000000008c1bdd28}: java.lang.invoke.DirectMethodHandle$Holder.invokeStaticInit(Ljava/lang/Object;Ljava/lang/Object;Ljava/lang/Object;Ljava/lang/Object;)I> (0x000000008c1bdd28) thrown at [/scratch/opt/mach5/meso
Event: 0.277 Thread 0x00007efec8013800 Exception <a 'java/lang/NoSuchMethodError'{0x000000008c1cd420}: java.lang.invoke.DirectMethodHandle$Holder.invokeInterface(Ljava/lang/Object;Ljava/lang/Object;)Ljava/lang/Object;> (0x000000008c1cd420) thrown at [/scratch/opt/mach5/mesos/work_dir/slaves/e7
Event: 0.278 Thread 0x00007efec8013800 Exception <a 'java/lang/IncompatibleClassChangeError'{0x000000008c1cfed8}: Found class java.lang.Object, but interface was expected> (0x000000008c1cfed8) thrown at [/scratch/opt/mach5/mesos/work_dir/slaves/e72b529e-af37-4c00-b29e-141f3b57348c-S1075/framew
Event: 0.279 Thread 0x00007efec8013800 Exception <a 'java/lang/NoSuchMethodError'{0x000000008c1d3db8}: java.lang.invoke.DirectMethodHandle$Holder.invokeStaticInit(Ljava/lang/Object;Ljava/lang/Object;)V> (0x000000008c1d3db8) thrown at [/scratch/opt/mach5/mesos/work_dir/slaves/e72b529e-af37-4c00
Event: 0.281 Thread 0x00007efec8013800 Exception <a 'java/lang/NoSuchMethodError'{0x000000008c1e6c98}: java.lang.invoke.DirectMethodHandle$Holder.invokeStatic(Ljava/lang/Object;Ljava/lang/Object;)I> (0x000000008c1e6c98) thrown at [/scratch/opt/mach5/mesos/work_dir/slaves/e72b529e-af37-4c00-b29
Event: 0.281 Thread 0x00007efec8013800 Exception <a 'java/lang/NoSuchMethodError'{0x000000008c1e9e48}: java.lang.invoke.DirectMethodHandle$Holder.invokeStaticInit(Ljava/lang/Object;Ljava/lang/Object;)I> (0x000000008c1e9e48) thrown at [/scratch/opt/mach5/mesos/work_dir/slaves/e72b529e-af37-4c00
Event: 0.282 Thread 0x00007efec8013800 Exception <a 'java/lang/NoSuchMethodError'{0x000000008c1f2358}: java.lang.invoke.DirectMethodHandle$Holder.invokeInterface(Ljava/lang/Object;Ljava/lang/Object;Ljava/lang/Object;)I> (0x000000008c1f2358) thrown at [/scratch/opt/mach5/mesos/work_dir/slaves/e
Event: 0.309 Thread 0x00007efec8013800 Exception <a 'java/lang/NoSuchMethodError'{0x000000008c0c4858}: java.lang.Object.of([Ljava/lang/Object;)Ljava/util/stream/Stream;> (0x000000008c0c4858) thrown at [/scratch/opt/mach5/mesos/work_dir/slaves/e72b529e-af37-4c00-b29e-141f3b57348c-S1075/framewor
Event: 0.428 Thread 0x00007efec8013800 Exception <a 'java/lang/NoSuchMethodError'{0x000000008bd4fda0}: java.lang.invoke.DirectMethodHandle$Holder.invokeStatic(Ljava/lang/Object;Ljava/lang/Object;Ljava/lang/Object;)V> (0x000000008bd4fda0) thrown at [/scratch/opt/mach5/mesos/work_dir/slaves/e72b
Event: 0.433 Thread 0x00007efec8013800 Exception <a 'java/lang/NoSuchMethodError'{0x000000008bd74468}: java.lang.invoke.DirectMethodHandle$Holder.invokeStaticInit(Ljava/lang/Object;Ljava/lang/Object;Ljava/lang/Object;)V> (0x000000008bd74468) thrown at [/scratch/opt/mach5/mesos/work_dir/slaves/

Events (10 events):
Event: 0.443 loading class io/javalanche/covfefe/instructions/InstructionEmitter
Event: 0.443 loading class io/javalanche/covfefe/instructions/InstructionEmitter done
Event: 0.443 loading class java/util/regex/Pattern$BnM
Event: 0.443 loading class java/util/regex/Pattern$BnM done
Event: 0.443 loading class java/util/StringJoiner
Event: 0.444 loading class java/util/StringJoiner done
Event: 0.445 loading class java/util/regex/Pattern$SliceS
Event: 0.445 loading class java/util/regex/Pattern$SliceS done
Event: 0.445 loading class io/javalanche/covfefe/RegisterReferences
Event: 0.445 loading class io/javalanche/covfefe/RegisterReferences done


Dynamic libraries:
00400000-00401000 r-xp 00000000 08:0c 2889210                            /usr/lib/jvm/jdk-9.0.1/bin/java
00600000-00601000 rw-p 00000000 08:0c 2889210                            /usr/lib/jvm/jdk-9.0.1/bin/java
01b7f000-01ba0000 rw-p 00000000 00:00 0                                  [heap]
84a00000-8c600000 rw-p 00000000 00:00 0 
8c600000-100000000 ---p 00000000 00:00 0 
100000000-1000e0000 rw-p 00000000 00:00 0 
1000e0000-140000000 ---p 00000000 00:00 0 
7efe3c000000-7efe3c021000 rw-p 00000000 00:00 0 
7efe3c021000-7efe40000000 ---p 00000000 00:00 0 
7efe44000000-7efe44021000 rw-p 00000000 00:00 0 
7efe44021000-7efe48000000 ---p 00000000 00:00 0 
7efe48000000-7efe48021000 rw-p 00000000 00:00 0 
7efe48021000-7efe4c000000 ---p 00000000 00:00 0 
7efe4c000000-7efe4c021000 rw-p 00000000 00:00 0 
7efe4c021000-7efe50000000 ---p 00000000 00:00 0 
7efe50000000-7efe50027000 rw-p 00000000 00:00 0 
7efe50027000-7efe54000000 ---p 00000000 00:00 0 
7efe54000000-7efe5415b000 rw-p 00000000 00:00 0 
7efe5415b000-7efe58000000 ---p 00000000 00:00 0 
7efe58000000-7efe58021000 rw-p 00000000 00:00 0 
7efe58021000-7efe5c000000 ---p 00000000 00:00 0 
7efe5c000000-7efe5c0a3000 rw-p 00000000 00:00 0 
7efe5c0a3000-7efe60000000 ---p 00000000 00:00 0 
7efe60b8a000-7efe60bca000 rw-p 00000000 00:00 0 
7efe60bca000-7efe60d8a000 ---p 00000000 00:00 0 
7efe60d8a000-7efe60d8e000 ---p 00000000 00:00 0 
7efe60d8e000-7efe60e8b000 rw-p 00000000 00:00 0 
7efe60e8b000-7efe60f44000 r-xp 00000000 08:06 1596845                    /home/merrillm/.javacpp/cache/llvm-3.9.0-1.3-linux-x86_64.jar/org/bytedeco/javacpp/linux-x86_64/libjniLLVM.so
7efe60f44000-7efe61144000 ---p 000b9000 08:06 1596845                    /home/merrillm/.javacpp/cache/llvm-3.9.0-1.3-linux-x86_64.jar/org/bytedeco/javacpp/linux-x86_64/libjniLLVM.so
7efe61144000-7efe61145000 r--p 000b9000 08:06 1596845                    /home/merrillm/.javacpp/cache/llvm-3.9.0-1.3-linux-x86_64.jar/org/bytedeco/javacpp/linux-x86_64/libjniLLVM.so
7efe61145000-7efe61147000 rw-p 000ba000 08:06 1596845                    /home/merrillm/.javacpp/cache/llvm-3.9.0-1.3-linux-x86_64.jar/org/bytedeco/javacpp/linux-x86_64/libjniLLVM.so
7efe61147000-7efe61148000 rw-p 00000000 00:00 0 
7efe61148000-7efe6115e000 r-xp 00000000 08:06 1596826                    /home/merrillm/.javacpp/cache/llvm-3.9.0-1.3-linux-x86_64.jar/org/bytedeco/javacpp/linux-x86_64/libLTO.so
7efe6115e000-7efe6135d000 ---p 00016000 08:06 1596826                    /home/merrillm/.javacpp/cache/llvm-3.9.0-1.3-linux-x86_64.jar/org/bytedeco/javacpp/linux-x86_64/libLTO.so
7efe6135d000-7efe6135f000 r--p 00015000 08:06 1596826                    /home/merrillm/.javacpp/cache/llvm-3.9.0-1.3-linux-x86_64.jar/org/bytedeco/javacpp/linux-x86_64/libLTO.so
7efe6135f000-7efe61360000 rw-p 00017000 08:06 1596826                    /home/merrillm/.javacpp/cache/llvm-3.9.0-1.3-linux-x86_64.jar/org/bytedeco/javacpp/linux-x86_64/libLTO.so
7efe61360000-7efe61363000 rw-p 00000000 00:00 0 
7efe61363000-7efe61379000 r-xp 00000000 08:0c 4726068                    /lib/x86_64-linux-gnu/libgcc_s.so.1
7efe61379000-7efe61578000 ---p 00016000 08:0c 4726068                    /lib/x86_64-linux-gnu/libgcc_s.so.1
7efe61578000-7efe61579000 r--p 00015000 08:0c 4726068                    /lib/x86_64-linux-gnu/libgcc_s.so.1
7efe61579000-7efe6157a000 rw-p 00016000 08:0c 4726068                    /lib/x86_64-linux-gnu/libgcc_s.so.1
7efe6157a000-7efe616f4000 r-xp 00000000 08:0c 6062067                    /usr/lib/x86_64-linux-gnu/libstdc++.so.6.0.24
7efe616f4000-7efe618f3000 ---p 0017a000 08:0c 6062067                    /usr/lib/x86_64-linux-gnu/libstdc++.so.6.0.24
7efe618f3000-7efe618fd000 r--p 00179000 08:0c 6062067                    /usr/lib/x86_64-linux-gnu/libstdc++.so.6.0.24
7efe618fd000-7efe618ff000 rw-p 00183000 08:0c 6062067                    /usr/lib/x86_64-linux-gnu/libstdc++.so.6.0.24
7efe618ff000-7efe61902000 rw-p 00000000 00:00 0 
7efe6192c000-7efe63166000 r-xp 00000000 08:06 1596814                    /home/merrillm/.javacpp/cache/llvm-3.9.0-1.3-linux-x86_64.jar/org/bytedeco/javacpp/linux-x86_64/libLLVM-3.9.so
7efe63166000-7efe63366000 ---p 0183a000 08:06 1596814                    /home/merrillm/.javacpp/cache/llvm-3.9.0-1.3-linux-x86_64.jar/org/bytedeco/javacpp/linux-x86_64/libLLVM-3.9.so
7efe63366000-7efe63490000 r--p 0183a000 08:06 1596814                    /home/merrillm/.javacpp/cache/llvm-3.9.0-1.3-linux-x86_64.jar/org/bytedeco/javacpp/linux-x86_64/libLLVM-3.9.so
7efe63490000-7efe634a8000 rw-p 01964000 08:06 1596814                    /home/merrillm/.javacpp/cache/llvm-3.9.0-1.3-linux-x86_64.jar/org/bytedeco/javacpp/linux-x86_64/libLLVM-3.9.so
7efe634a8000-7efe634d1000 rw-p 00000000 00:00 0 
7efe634d1000-7efe634d2000 ---p 00000000 00:00 0 
7efe634d2000-7efe635d2000 rw-p 00000000 00:00 0 
7efe635d2000-7efe635d6000 ---p 00000000 00:00 0 
7efe635d6000-7efe636d3000 rw-p 00000000 00:00 0 
7efe636d3000-7efe636d7000 ---p 00000000 00:00 0 
7efe636d7000-7efe637d4000 rw-p 00000000 00:00 0 
7efe637d4000-7efe637d8000 ---p 00000000 00:00 0 
7efe637d8000-7efe638d5000 rw-p 00000000 00:00 0 
7efe638d5000-7efe638eb000 r-xp 00000000 08:0c 2890133                    /usr/lib/jvm/jdk-9.0.1/lib/libnet.so
7efe638eb000-7efe63aeb000 ---p 00016000 08:0c 2890133                    /usr/lib/jvm/jdk-9.0.1/lib/libnet.so
7efe63aeb000-7efe63aec000 rw-p 00016000 08:0c 2890133                    /usr/lib/jvm/jdk-9.0.1/lib/libnet.so
7efe63aec000-7efe63afc000 r-xp 00000000 08:0c 2890130                    /usr/lib/jvm/jdk-9.0.1/lib/libnio.so
7efe63afc000-7efe63cfc000 ---p 00010000 08:0c 2890130                    /usr/lib/jvm/jdk-9.0.1/lib/libnio.so
7efe63cfc000-7efe63cfd000 rw-p 00010000 08:0c 2890130                    /usr/lib/jvm/jdk-9.0.1/lib/libnio.so
7efe63cfd000-7efe63d01000 ---p 00000000 00:00 0 
7efe63d01000-7efe63dfe000 rw-p 00000000 00:00 0 
7efe63dfe000-7efe63e02000 ---p 00000000 00:00 0 
7efe63e02000-7efe63eff000 rw-p 00000000 00:00 0 
7efe63eff000-7efe63f03000 ---p 00000000 00:00 0 
7efe63f03000-7efe64000000 rw-p 00000000 00:00 0 
7efe64000000-7efe64021000 rw-p 00000000 00:00 0 
7efe64021000-7efe68000000 ---p 00000000 00:00 0 
7efe68000000-7efe681f8000 rw-p 00000000 00:00 0 
7efe681f8000-7efe6c000000 ---p 00000000 00:00 0 
7efe6c000000-7efe6c021000 rw-p 00000000 00:00 0 
7efe6c021000-7efe70000000 ---p 00000000 00:00 0 
7efe70000000-7efe70021000 rw-p 00000000 00:00 0 
7efe70021000-7efe74000000 ---p 00000000 00:00 0 
7efe74000000-7efe74021000 rw-p 00000000 00:00 0 
7efe74021000-7efe78000000 ---p 00000000 00:00 0 
7efe78000000-7efe78021000 rw-p 00000000 00:00 0 
7efe78021000-7efe7c000000 ---p 00000000 00:00 0 
7efe7c000000-7efe7c021000 rw-p 00000000 00:00 0 
7efe7c021000-7efe80000000 ---p 00000000 00:00 0 
7efe8000b000-7efe8000f000 ---p 00000000 00:00 0 
7efe8000f000-7efe8010c000 rw-p 00000000 00:00 0 
7efe8010c000-7efe80110000 ---p 00000000 00:00 0 
7efe80110000-7efe8020d000 rw-p 00000000 00:00 0 
7efe8020d000-7efe804e5000 r--p 00000000 08:0c 6053116                    /usr/lib/locale/locale-archive
7efe804e5000-7efe804e9000 ---p 00000000 00:00 0 
7efe804e9000-7efe805e6000 rw-p 00000000 00:00 0 
7efe805e6000-7efe805ea000 ---p 00000000 00:00 0 
7efe805ea000-7efe806e7000 rw-p 00000000 00:00 0 
7efe806e7000-7efe806e8000 ---p 00000000 00:00 0 
7efe806e8000-7efe810b9000 rw-p 00000000 00:00 0 
7efe810b9000-7efe814bd000 rw-p 00000000 00:00 0 
7efe814bd000-7efe834bd000 rwxp 00000000 00:00 0 
7efe834bd000-7efe834be000 ---p 00000000 00:00 0 
7efe834be000-7efe835be000 rw-p 00000000 00:00 0 
7efe835be000-7efe835bf000 ---p 00000000 00:00 0 
7efe835bf000-7efe838af000 rw-p 00000000 00:00 0 
7efe838af000-7efe85597000 ---p 00000000 00:00 0 
7efe85597000-7efe85787000 rw-p 00000000 00:00 0 
7efe85787000-7efe8746f000 ---p 00000000 00:00 0 
7efe8746f000-7efe874ad000 rw-p 00000000 00:00 0 
7efe874ad000-7efe8784a000 ---p 00000000 00:00 0 
7efe8784a000-7efe87888000 rw-p 00000000 00:00 0 
7efe87888000-7efe88000000 ---p 00000000 00:00 0 
7efe88000000-7efe88021000 rw-p 00000000 00:00 0 
7efe88021000-7efe8c000000 ---p 00000000 00:00 0 
7efe8c000000-7efe8c021000 rw-p 00000000 00:00 0 
7efe8c021000-7efe90000000 ---p 00000000 00:00 0 
7efe90000000-7efe90021000 rw-p 00000000 00:00 0 
7efe90021000-7efe94000000 ---p 00000000 00:00 0 
7efe94000000-7efe94021000 rw-p 00000000 00:00 0 
7efe94021000-7efe98000000 ---p 00000000 00:00 0 
7efe98000000-7efe98021000 rw-p 00000000 00:00 0 
7efe98021000-7efe9c000000 ---p 00000000 00:00 0 
7efe9c000000-7efe9c021000 rw-p 00000000 00:00 0 
7efe9c021000-7efea0000000 ---p 00000000 00:00 0 
7efea0000000-7efea0021000 rw-p 00000000 00:00 0 
7efea0021000-7efea4000000 ---p 00000000 00:00 0 
7efea4000000-7efea4021000 rw-p 00000000 00:00 0 
7efea4021000-7efea8000000 ---p 00000000 00:00 0 
7efea8000000-7efea8021000 rw-p 00000000 00:00 0 
7efea8021000-7efeac000000 ---p 00000000 00:00 0 
7efeac020000-7efeac05e000 rw-p 00000000 00:00 0 
7efeac05e000-7efeac3fb000 ---p 00000000 00:00 0 
7efeac3fb000-7efeac3fc000 ---p 00000000 00:00 0 
7efeac3fc000-7efeac4fc000 rw-p 00000000 00:00 0 
7efeac4fc000-7efeac4fd000 ---p 00000000 00:00 0 
7efeac4fd000-7efeac5fd000 rw-p 00000000 00:00 0 
7efeac5fd000-7efeac5fe000 ---p 00000000 00:00 0 
7efeac5fe000-7efeac6fe000 rw-p 00000000 00:00 0 
7efeac6fe000-7efeac6ff000 ---p 00000000 00:00 0 
7efeac6ff000-7efeac7ff000 rw-p 00000000 00:00 0 
7efeac7ff000-7efeac800000 ---p 00000000 00:00 0 
7efeac800000-7efeacd04000 rw-p 00000000 00:00 0 
7efeacd04000-7efeacd05000 ---p 00000000 00:00 0 
7efeacd05000-7efeace05000 rw-p 00000000 00:00 0 
7efeace05000-7efeace06000 ---p 00000000 00:00 0 
7efeace06000-7efeacf06000 rw-p 00000000 00:00 0 
7efeacf06000-7efeacf07000 ---p 00000000 00:00 0 
7efeacf07000-7efead007000 rw-p 00000000 00:00 0 
7efead007000-7efead008000 ---p 00000000 00:00 0 
7efead008000-7efead10d000 rw-p 00000000 00:00 0 
7efead10d000-7efead1f3000 ---p 00000000 00:00 0 
7efead1f3000-7efead1f8000 rw-p 00000000 00:00 0 
7efead1f8000-7efead2de000 ---p 00000000 00:00 0 
7efead2de000-7efead54e000 rwxp 00000000 00:00 0 
7efead54e000-7efead86e000 ---p 00000000 00:00 0 
7efead86e000-7efeadade000 rwxp 00000000 00:00 0 
7efeadade000-7efeb4da6000 ---p 00000000 00:00 0 
7efeb4da6000-7efeb5016000 rwxp 00000000 00:00 0 
7efeb5016000-7efebc2de000 ---p 00000000 00:00 0 
7efebc2de000-7efec77a1000 r--s 00000000 08:0c 2889455                    /usr/lib/jvm/jdk-9.0.1/lib/modules
7efec77a1000-7efec77bb000 r-xp 00000000 08:0c 2890135                    /usr/lib/jvm/jdk-9.0.1/lib/libjimage.so
7efec77bb000-7efec79ba000 ---p 0001a000 08:0c 2890135                    /usr/lib/jvm/jdk-9.0.1/lib/libjimage.so
7efec79ba000-7efec79bc000 rw-p 00019000 08:0c 2890135                    /usr/lib/jvm/jdk-9.0.1/lib/libjimage.so
7efec79bc000-7efec79ce000 rw-p 00000000 00:00 0 
7efec79ce000-7efec79d5000 r-xp 00000000 08:0c 2890311                    /usr/lib/jvm/jdk-9.0.1/lib/libzip.so
7efec79d5000-7efec7bd4000 ---p 00007000 08:0c 2890311                    /usr/lib/jvm/jdk-9.0.1/lib/libzip.so
7efec7bd4000-7efec7bd5000 rw-p 00006000 08:0c 2890311                    /usr/lib/jvm/jdk-9.0.1/lib/libzip.so
7efec7bd5000-7efec7be0000 r-xp 00000000 08:0c 4719234                    /lib/x86_64-linux-gnu/libnss_files-2.23.so
7efec7be0000-7efec7ddf000 ---p 0000b000 08:0c 4719234                    /lib/x86_64-linux-gnu/libnss_files-2.23.so
7efec7ddf000-7efec7de0000 r--p 0000a000 08:0c 4719234                    /lib/x86_64-linux-gnu/libnss_files-2.23.so
7efec7de0000-7efec7de1000 rw-p 0000b000 08:0c 4719234                    /lib/x86_64-linux-gnu/libnss_files-2.23.so
7efec7de1000-7efec7de7000 rw-p 00000000 00:00 0 
7efec7de7000-7efec7dfd000 r-xp 00000000 08:0c 4719224                    /lib/x86_64-linux-gnu/libnsl-2.23.so
7efec7dfd000-7efec7ffc000 ---p 00016000 08:0c 4719224                    /lib/x86_64-linux-gnu/libnsl-2.23.so
7efec7ffc000-7efec7ffd000 r--p 00015000 08:0c 4719224                    /lib/x86_64-linux-gnu/libnsl-2.23.so
7efec7ffd000-7efec7ffe000 rw-p 00016000 08:0c 4719224                    /lib/x86_64-linux-gnu/libnsl-2.23.so
7efec7ffe000-7efec8000000 rw-p 00000000 00:00 0 
7efec8000000-7efec83df000 rw-p 00000000 00:00 0 
7efec83df000-7efecc000000 ---p 00000000 00:00 0 
7efecc008000-7efecc013000 r-xp 00000000 08:0c 4719240                    /lib/x86_64-linux-gnu/libnss_nis-2.23.so
7efecc013000-7efecc212000 ---p 0000b000 08:0c 4719240                    /lib/x86_64-linux-gnu/libnss_nis-2.23.so
7efecc212000-7efecc213000 r--p 0000a000 08:0c 4719240                    /lib/x86_64-linux-gnu/libnss_nis-2.23.so
7efecc213000-7efecc214000 rw-p 0000b000 08:0c 4719240                    /lib/x86_64-linux-gnu/libnss_nis-2.23.so
7efecc214000-7efecc21c000 r-xp 00000000 08:0c 4719257                    /lib/x86_64-linux-gnu/libnss_compat-2.23.so
7efecc21c000-7efecc41b000 ---p 00008000 08:0c 4719257                    /lib/x86_64-linux-gnu/libnss_compat-2.23.so
7efecc41b000-7efecc41c000 r--p 00007000 08:0c 4719257                    /lib/x86_64-linux-gnu/libnss_compat-2.23.so
7efecc41c000-7efecc41d000 rw-p 00008000 08:0c 4719257                    /lib/x86_64-linux-gnu/libnss_compat-2.23.so
7efecc41d000-7efecc427000 r-xp 00000000 08:0c 2890121                    /usr/lib/jvm/jdk-9.0.1/lib/libinstrument.so
7efecc427000-7efecc626000 ---p 0000a000 08:0c 2890121                    /usr/lib/jvm/jdk-9.0.1/lib/libinstrument.so
7efecc626000-7efecc627000 rw-p 00009000 08:0c 2890121                    /usr/lib/jvm/jdk-9.0.1/lib/libinstrument.so
7efecc627000-7efecc652000 r-xp 00000000 08:0c 2890074                    /usr/lib/jvm/jdk-9.0.1/lib/libjava.so
7efecc652000-7efecc851000 ---p 0002b000 08:0c 2890074                    /usr/lib/jvm/jdk-9.0.1/lib/libjava.so
7efecc851000-7efecc853000 rw-p 0002a000 08:0c 2890074                    /usr/lib/jvm/jdk-9.0.1/lib/libjava.so
7efecc853000-7efecc860000 r-xp 00000000 08:0c 2889468                    /usr/lib/jvm/jdk-9.0.1/lib/libverify.so
7efecc860000-7efecca5f000 ---p 0000d000 08:0c 2889468                    /usr/lib/jvm/jdk-9.0.1/lib/libverify.so
7efecca5f000-7efecca61000 rw-p 0000c000 08:0c 2889468                    /usr/lib/jvm/jdk-9.0.1/lib/libverify.so
7efecca61000-7efecca68000 r-xp 00000000 08:0c 4719244                    /lib/x86_64-linux-gnu/librt-2.23.so
7efecca68000-7efeccc67000 ---p 00007000 08:0c 4719244                    /lib/x86_64-linux-gnu/librt-2.23.so
7efeccc67000-7efeccc68000 r--p 00006000 08:0c 4719244                    /lib/x86_64-linux-gnu/librt-2.23.so
7efeccc68000-7efeccc69000 rw-p 00007000 08:0c 4719244                    /lib/x86_64-linux-gnu/librt-2.23.so
7efeccc69000-7efeccd71000 r-xp 00000000 08:0c 4719267                    /lib/x86_64-linux-gnu/libm-2.23.so
7efeccd71000-7efeccf70000 ---p 00108000 08:0c 4719267                    /lib/x86_64-linux-gnu/libm-2.23.so
7efeccf70000-7efeccf71000 r--p 00107000 08:0c 4719267                    /lib/x86_64-linux-gnu/libm-2.23.so
7efeccf71000-7efeccf72000 rw-p 00108000 08:0c 4719267                    /lib/x86_64-linux-gnu/libm-2.23.so
7efeccf72000-7efecdf86000 r-xp 00000000 08:0c 2890298                    /usr/lib/jvm/jdk-9.0.1/lib/server/libjvm.so
7efecdf86000-7efece186000 ---p 01014000 08:0c 2890298                    /usr/lib/jvm/jdk-9.0.1/lib/server/libjvm.so
7efece186000-7efece257000 r--p 01014000 08:0c 2890298                    /usr/lib/jvm/jdk-9.0.1/lib/server/libjvm.so
7efece257000-7efece28e000 rw-p 010e5000 08:0c 2890298                    /usr/lib/jvm/jdk-9.0.1/lib/server/libjvm.so
7efece28e000-7efece2f7000 rw-p 00000000 00:00 0 
7efece2f7000-7efece4b7000 r-xp 00000000 08:0c 4719274                    /lib/x86_64-linux-gnu/libc-2.23.so
7efece4b7000-7efece6b7000 ---p 001c0000 08:0c 4719274                    /lib/x86_64-linux-gnu/libc-2.23.so
7efece6b7000-7efece6bb000 r--p 001c0000 08:0c 4719274                    /lib/x86_64-linux-gnu/libc-2.23.so
7efece6bb000-7efece6bd000 rw-p 001c4000 08:0c 4719274                    /lib/x86_64-linux-gnu/libc-2.23.so
7efece6bd000-7efece6c1000 rw-p 00000000 00:00 0 
7efece6c1000-7efece6c4000 r-xp 00000000 08:0c 4719255                    /lib/x86_64-linux-gnu/libdl-2.23.so
7efece6c4000-7efece8c3000 ---p 00003000 08:0c 4719255                    /lib/x86_64-linux-gnu/libdl-2.23.so
7efece8c3000-7efece8c4000 r--p 00002000 08:0c 4719255                    /lib/x86_64-linux-gnu/libdl-2.23.so
7efece8c4000-7efece8c5000 rw-p 00003000 08:0c 4719255                    /lib/x86_64-linux-gnu/libdl-2.23.so
7efece8c5000-7efece8d3000 r-xp 00000000 08:0c 2889453                    /usr/lib/jvm/jdk-9.0.1/lib/jli/libjli.so
7efece8d3000-7efecead3000 ---p 0000e000 08:0c 2889453                    /usr/lib/jvm/jdk-9.0.1/lib/jli/libjli.so
7efecead3000-7efecead4000 rw-p 0000e000 08:0c 2889453                    /usr/lib/jvm/jdk-9.0.1/lib/jli/libjli.so
7efecead4000-7efeceaec000 r-xp 00000000 08:0c 4719238                    /lib/x86_64-linux-gnu/libpthread-2.23.so
7efeceaec000-7efececeb000 ---p 00018000 08:0c 4719238                    /lib/x86_64-linux-gnu/libpthread-2.23.so
7efececeb000-7efececec000 r--p 00017000 08:0c 4719238                    /lib/x86_64-linux-gnu/libpthread-2.23.so
7efececec000-7efececed000 rw-p 00018000 08:0c 4719238                    /lib/x86_64-linux-gnu/libpthread-2.23.so
7efececed000-7efececf1000 rw-p 00000000 00:00 0 
7efececf1000-7efeced0a000 r-xp 00000000 08:0c 4718933                    /lib/x86_64-linux-gnu/libz.so.1.2.8
7efeced0a000-7efecef09000 ---p 00019000 08:0c 4718933                    /lib/x86_64-linux-gnu/libz.so.1.2.8
7efecef09000-7efecef0a000 r--p 00018000 08:0c 4718933                    /lib/x86_64-linux-gnu/libz.so.1.2.8
7efecef0a000-7efecef0b000 rw-p 00019000 08:0c 4718933                    /lib/x86_64-linux-gnu/libz.so.1.2.8
7efecef0b000-7efecef31000 r-xp 00000000 08:0c 4719226                    /lib/x86_64-linux-gnu/ld-2.23.so
7efecef40000-7efeceffe000 rw-p 00000000 00:00 0 
7efeceffe000-7efecf003000 ---p 00000000 00:00 0 
7efecf003000-7efecf104000 rw-p 00000000 00:00 0 
7efecf117000-7efecf11d000 rw-p 00000000 00:00 0 
7efecf11d000-7efecf124000 ---p 00000000 00:00 0 
7efecf124000-7efecf12c000 rw-s 00000000 08:0c 2883640                    /tmp/hsperfdata_merrillm/16732
7efecf12c000-7efecf12d000 rw-p 00000000 00:00 0 
7efecf12d000-7efecf12e000 r--p 00000000 00:00 0 
7efecf12e000-7efecf130000 rw-p 00000000 00:00 0 
7efecf130000-7efecf131000 r--p 00025000 08:0c 4719226                    /lib/x86_64-linux-gnu/ld-2.23.so
7efecf131000-7efecf132000 rw-p 00026000 08:0c 4719226                    /lib/x86_64-linux-gnu/ld-2.23.so
7efecf132000-7efecf133000 rw-p 00000000 00:00 0 
7ffd3d0db000-7ffd3d0fc000 rw-p 00000000 00:00 0                          [stack]
7ffd3d136000-7ffd3d138000 r--p 00000000 00:00 0                          [vvar]
7ffd3d138000-7ffd3d13a000 r-xp 00000000 00:00 0                          [vdso]
ffffffffff600000-ffffffffff601000 r-xp 00000000 00:00 0                  [vsyscall]

VM Arguments:
jvm_args: -javaagent:/opt/idea-IU-172.3757.52/lib/idea_rt.jar=39799:/opt/idea-IU-172.3757.52/bin -Dfile.encoding=UTF-8 
java_command: io.javalanche.covfefe.CovfefeMain example.iloc
java_class_path (initial): /home/merrillm/cs/IdeaProjects/covfefe/target/classes:/home/merrillm/.m2/repository/junit/junit/4.12/junit-4.12.jar:/home/merrillm/.m2/repository/org/hamcrest/hamcrest-core/1.3/hamcrest-core-1.3.jar:/home/merrillm/.m2/repository/org/apache/commons/commons-lang3/3.5/commons-lang3-3.5.jar:/home/merrillm/.m2/repository/org/bytedeco/javacpp-presets/llvm-platform/3.9.0-1.3/llvm-platform-3.9.0-1.3.jar:/home/merrillm/.m2/repository/org/bytedeco/javacpp-presets/llvm/3.9.0-1.3/llvm-3.9.0-1.3-linux-x86.jar:/home/merrillm/.m2/repository/org/bytedeco/javacpp-presets/llvm/3.9.0-1.3/llvm-3.9.0-1.3-linux-x86_64.jar:/home/merrillm/.m2/repository/org/bytedeco/javacpp-presets/llvm/3.9.0-1.3/llvm-3.9.0-1.3-macosx-x86_64.jar:/home/merrillm/.m2/repository/org/bytedeco/javacpp-presets/llvm/3.9.0-1.3/llvm-3.9.0-1.3.jar:/home/merrillm/.m2/repository/org/bytedeco/javacpp/1.3/javacpp-1.3.jar
Launcher Type: SUN_STANDARD

Logging:
Log output configuration:
#0: stdout all=warning uptime,level,tags
#1: stderr all=off uptime,level,tags

Environment Variables:
JAVA_HOME=/usr/lib/jvm/java-8-oracle
PATH=/usr/local/cuda-8.0/bin:/usr/lib/nvidia-384/bin:/usr/local/heroku/bin:/home/merrillm/bin:/usr/local/sbin:/usr/local/bin:/usr/sbin:/usr/bin:/sbin:/bin:/usr/games:/usr/local/games:/snap/bin:/usr/lib/go/bin:/usr/lib/jvm/java-8-oracle/bin:/usr/lib/jvm/java-8-oracle/db/bin:/usr/lib/jvm/java-8-oracle/jre/bin:/home/merrillm/.rvm/bin
LD_LIBRARY_PATH=/opt/default-idea/bin:
SHELL=/bin/bash
DISPLAY=:0

Signal Handlers:
SIGSEGV: [libjvm.so+0xd4ce90], sa_mask[0]=11111111011111111101111111111110, sa_flags=SA_RESTART|SA_SIGINFO
SIGBUS: [libjvm.so+0xd4ce90], sa_mask[0]=11111111011111111101111111111110, sa_flags=SA_RESTART|SA_SIGINFO
SIGFPE: [libjvm.so+0xd4ce90], sa_mask[0]=11111111011111111101111111111110, sa_flags=SA_RESTART|SA_SIGINFO
SIGPIPE: [libjvm.so+0xb64460], sa_mask[0]=11111111011111111101111111111110, sa_flags=SA_RESTART|SA_SIGINFO
SIGXFSZ: [libjvm.so+0xb64460], sa_mask[0]=11111111011111111101111111111110, sa_flags=SA_RESTART|SA_SIGINFO
SIGILL: [libjvm.so+0xd4ce90], sa_mask[0]=11111111011111111101111111111110, sa_flags=SA_RESTART|SA_SIGINFO
SIGUSR2: [libjvm.so+0xb64320], sa_mask[0]=00100000000000000000000000000000, sa_flags=SA_RESTART|SA_SIGINFO
SIGHUP: [libjvm.so+0xb64530], sa_mask[0]=11111111011111111101111111111110, sa_flags=SA_RESTART|SA_SIGINFO
SIGINT: SIG_IGN, sa_mask[0]=00000000000000000000000000000000, sa_flags=none
SIGTERM: [libjvm.so+0xb64530], sa_mask[0]=11111111011111111101111111111110, sa_flags=SA_RESTART|SA_SIGINFO
SIGQUIT: [libjvm.so+0xb64530], sa_mask[0]=11111111011111111101111111111110, sa_flags=SA_RESTART|SA_SIGINFO


---------------  S Y S T E M  ---------------

OS:DISTRIB_ID=Ubuntu
DISTRIB_RELEASE=16.04
DISTRIB_CODENAME=xenial
DISTRIB_DESCRIPTION="Ubuntu 16.04.3 LTS"
uname:Linux 4.4.0-64-generic #85-Ubuntu SMP Mon Feb 20 11:50:30 UTC 2017 x86_64
libc:glibc 2.23 NPTL 2.23 
rlimit: STACK 8192k, CORE 0k, NPROC 30609, NOFILE 1048576, AS infinity
load average:0.39 0.47 0.40

/proc/meminfo:
MemTotal:        8080736 kB
MemFree:         2343728 kB
MemAvailable:    3057940 kB
Buffers:          118764 kB
Cached:          1141312 kB
SwapCached:        26444 kB
Active:          4980472 kB
Inactive:         468852 kB
Active(anon):    4319136 kB
Inactive(anon):   233368 kB
Active(file):     661336 kB
Inactive(file):   235484 kB
Unevictable:          32 kB
Mlocked:              32 kB
SwapTotal:      16777212 kB
SwapFree:       16474232 kB
Dirty:             30084 kB
Writeback:             0 kB
AnonPages:       4164632 kB
Mapped:           581804 kB
Shmem:            363108 kB
Slab:             127484 kB
SReclaimable:      75576 kB
SUnreclaim:        51908 kB
KernelStack:       14768 kB
PageTables:        62888 kB
NFS_Unstable:          0 kB
Bounce:                0 kB
WritebackTmp:          0 kB
CommitLimit:    20817580 kB
Committed_AS:   11874920 kB
VmallocTotal:   34359738367 kB
VmallocUsed:           0 kB
VmallocChunk:          0 kB
HardwareCorrupted:     0 kB
AnonHugePages:   2156544 kB
CmaTotal:              0 kB
CmaFree:               0 kB
HugePages_Total:       0
HugePages_Free:        0
HugePages_Rsvd:        0
HugePages_Surp:        0
Hugepagesize:       2048 kB
DirectMap4k:      784796 kB
DirectMap2M:     6461440 kB
DirectMap1G:     1048576 kB


CPU:total 4 (initial active 4) (2 cores per cpu, 2 threads per core) family 6 model 69 stepping 1, cmov, cx8, fxsr, mmx, sse, sse2, sse3, ssse3, sse4.1, sse4.2, popcnt, avx, avx2, aes, clmul, erms, lzcnt, ht, tsc, tscinvbit, bmi1, bmi2, fma
CPU Model and flags from /proc/cpuinfo:
model name	: Intel(R) Core(TM) i7-4510U CPU @ 2.00GHz
flags		: fpu vme de pse tsc msr pae mce cx8 apic sep mtrr pge mca cmov pat pse36 clflush dts acpi mmx fxsr sse sse2 ss ht tm pbe syscall nx pdpe1gb rdtscp lm constant_tsc arch_perfmon pebs bts rep_good nopl xtopology nonstop_tsc aperfmperf eagerfpu pni pclmulqdq dtes64 monitor ds_cpl vmx est tm2 ssse3 sdbg fma cx16 xtpr pdcm pcid sse4_1 sse4_2 movbe popcnt tsc_deadline_timer aes xsave avx f16c rdrand lahf_lm abm epb tpr_shadow vnmi flexpriority ept vpid fsgsbase tsc_adjust bmi1 avx2 smep bmi2 erms invpcid xsaveopt dtherm ida arat pln pts

Memory: 4k page, physical 8080736k(2343728k free), swap 16777212k(16474232k free)

vm_info: Java HotSpot(TM) 64-Bit Server VM (9.0.1+11) for linux-amd64 JRE (9.0.1+11), built on Sep 27 2017 20:48:27 by "mach5one" with gcc 4.9.2

END.
