#
# A fatal error has been detected by the Java Runtime Environment:
#
#  SIGSEGV (0xb) at pc=0x00007f980b442e10, pid=3052, tid=3054
#
# JRE version: Java(TM) SE Runtime Environment (9.0+11) (build 9.0.1+11)
# Java VM: Java HotSpot(TM) 64-Bit Server VM (9.0.1+11, mixed mode, tiered, compressed oops, g1 gc, linux-amd64)
# Problematic frame:
# C  [libLLVM-3.9.so+0xfe7e10]  LLVMRunFunction+0x950
#
# Core dump will be written. Default location: Core dumps may be processed with "/usr/share/apport/apport %p %s %c %d %P" (or dumping to /home/merrillm/cs/IdeaProjects/covfefe/core.3052)
#
# If you would like to submit a bug report, please visit:
#   http://bugreport.java.com/bugreport/crash.jsp
#

---------------  S U M M A R Y ------------

Command Line: -javaagent:/opt/idea-IU-172.3757.52/lib/idea_rt.jar=45817:/opt/idea-IU-172.3757.52/bin -Dfile.encoding=UTF-8 io.javalanche.covfefe.CovfefeMain example.iloc

Host: Intel(R) Core(TM) i7-4510U CPU @ 2.00GHz, 4 cores, 7G, Ubuntu 16.04.3 LTS
Time: Sat Dec  2 17:02:36 2017 PST elapsed time: 0 seconds (0d 0h 0m 0s)

---------------  T H R E A D  ---------------

Current thread is native thread

Stack: [0x00007f988ffa7000,0x00007f98900a7000],  sp=0x00007f98900a5730,  free space=1017k
Native frames: (J=compiled Java code, A=aot compiled Java code, j=interpreted, Vv=VM code, C=native code)
C  [libLLVM-3.9.so+0xfe7e10]  LLVMRunFunction+0x950

[error occurred during error reporting (printing native stack), id 0xb]


siginfo: si_signo: 11 (SIGSEGV), si_code: 1 (SEGV_MAPERR), si_addr: 0x0000000000000026

Register to memory mapping:

RAX=0x0000000000000000 is an unknown value
RBX=0x0000000000000000 is an unknown value
RCX=0x0000000000000000 is an unknown value
RDX=0x000000000000001e is an unknown value
RSP=0x00007f98900a5730 is pointing into the stack for thread: 0x00007f9888013800
RBP=0x0000000000000000 is an unknown value
RSI=0x0000000000000018 is an unknown value
RDI=0x0000000000000000 is an unknown value
R8 =0x0000000000000000 is an unknown value
R9 =0x0000000000000006 is an unknown value
R10=0x0000000000000000 is an unknown value
R11=0x0000000000000000 is an unknown value
R12=0x0000000000000000 is an unknown value
R13=0x00007f98900a5988 is pointing into the stack for thread: 0x00007f9888013800
R14=0x00007f988844c330 is an unknown value
R15=0x0000000000000000 is an unknown value


Registers:
RAX=0x0000000000000000, RBX=0x0000000000000000, RCX=0x0000000000000000, RDX=0x000000000000001e
RSP=0x00007f98900a5730, RBP=0x0000000000000000, RSI=0x0000000000000018, RDI=0x0000000000000000
R8 =0x0000000000000000, R9 =0x0000000000000006, R10=0x0000000000000000, R11=0x0000000000000000
R12=0x0000000000000000, R13=0x00007f98900a5988, R14=0x00007f988844c330, R15=0x0000000000000000
RIP=0x00007f980b442e10, EFLAGS=0x0000000000010246, CSGSFS=0x0000000000000033, ERR=0x0000000000000004
  TRAPNO=0x000000000000000e

Top of Stack: (sp=0x00007f98900a5730)
0x00007f98900a5730:   0000000000000000 0000000000000000
0x00007f98900a5740:   8d49f0468b45c845 00007f988844c330
0x00007f98900a5750:   0000000000000006 0000000000000000
0x00007f98900a5760:   0000000000000000 0000000000000000 

Instructions: (pc=0x00007f980b442e10)
0x00007f980b442df0:   18 48 89 84 24 80 00 00 00 48 8b 44 24 20 48 2b
0x00007f980b442e00:   44 24 60 48 8b 94 24 80 00 00 00 48 89 44 24 78
0x00007f980b442e10:   48 8b 4c 10 08 48 8b 04 10 48 89 4c 24 68 48 39
0x00007f980b442e20:   c1 48 89 44 24 70 0f 84 40 02 00 00 48 89 44 24 


---------------  P R O C E S S  ---------------

VM state:not at safepoint (normal execution)

VM Mutex/Monitor currently owned by a thread: None

Heap address: 0x0000000084a00000, size: 1974 MB, Compressed Oops mode: 32-bit
Narrow klass base: 0x0000000000000000, Narrow klass shift: 3
Compressed class space size: 1073741824 Address: 0x0000000100000000

Heap:
 garbage-first heap   total 126976K, used 9216K [0x0000000084a00000, 0x0000000084b003e0, 0x0000000100000000)
  region size 1024K, 10 young (10240K), 0 survivors (0K)
 Metaspace       used 9216K, capacity 9502K, committed 9728K, reserved 1058816K
  class space    used 841K, capacity 907K, committed 1024K, reserved 1048576K
Heap Regions: E=young(eden), S=young(survivor), O=old, HS=humongous(starts), HC=humongous(continues), CS=collection set, F=free, A=archive, TS=gc time stamp, AC=allocation context, TAMS=top-at-mark-start (previous, next)
|   0|0x0000000084a00000, 0x0000000084a00000, 0x0000000084b00000|  0%| F|  |TS  0|AC  0|TAMS 0x0000000084a00000, 0x0000000084a00000|
|   1|0x0000000084b00000, 0x0000000084b00000, 0x0000000084c00000|  0%| F|  |TS  0|AC  0|TAMS 0x0000000084b00000, 0x0000000084b00000|
|   2|0x0000000084c00000, 0x0000000084c00000, 0x0000000084d00000|  0%| F|  |TS  0|AC  0|TAMS 0x0000000084c00000, 0x0000000084c00000|
|   3|0x0000000084d00000, 0x0000000084d00000, 0x0000000084e00000|  0%| F|  |TS  0|AC  0|TAMS 0x0000000084d00000, 0x0000000084d00000|
|   4|0x0000000084e00000, 0x0000000084e00000, 0x0000000084f00000|  0%| F|  |TS  0|AC  0|TAMS 0x0000000084e00000, 0x0000000084e00000|
|   5|0x0000000084f00000, 0x0000000084f00000, 0x0000000085000000|  0%| F|  |TS  0|AC  0|TAMS 0x0000000084f00000, 0x0000000084f00000|
|   6|0x0000000085000000, 0x0000000085000000, 0x0000000085100000|  0%| F|  |TS  0|AC  0|TAMS 0x0000000085000000, 0x0000000085000000|
|   7|0x0000000085100000, 0x0000000085100000, 0x0000000085200000|  0%| F|  |TS  0|AC  0|TAMS 0x0000000085100000, 0x0000000085100000|
|   8|0x0000000085200000, 0x0000000085200000, 0x0000000085300000|  0%| F|  |TS  0|AC  0|TAMS 0x0000000085200000, 0x0000000085200000|
|   9|0x0000000085300000, 0x0000000085300000, 0x0000000085400000|  0%| F|  |TS  0|AC  0|TAMS 0x0000000085300000, 0x0000000085300000|
|  10|0x0000000085400000, 0x0000000085400000, 0x0000000085500000|  0%| F|  |TS  0|AC  0|TAMS 0x0000000085400000, 0x0000000085400000|
|  11|0x0000000085500000, 0x0000000085500000, 0x0000000085600000|  0%| F|  |TS  0|AC  0|TAMS 0x0000000085500000, 0x0000000085500000|
|  12|0x0000000085600000, 0x0000000085600000, 0x0000000085700000|  0%| F|  |TS  0|AC  0|TAMS 0x0000000085600000, 0x0000000085600000|
|  13|0x0000000085700000, 0x0000000085700000, 0x0000000085800000|  0%| F|  |TS  0|AC  0|TAMS 0x0000000085700000, 0x0000000085700000|
|  14|0x0000000085800000, 0x0000000085800000, 0x0000000085900000|  0%| F|  |TS  0|AC  0|TAMS 0x0000000085800000, 0x0000000085800000|
|  15|0x0000000085900000, 0x0000000085900000, 0x0000000085a00000|  0%| F|  |TS  0|AC  0|TAMS 0x0000000085900000, 0x0000000085900000|
|  16|0x0000000085a00000, 0x0000000085a00000, 0x0000000085b00000|  0%| F|  |TS  0|AC  0|TAMS 0x0000000085a00000, 0x0000000085a00000|
|  17|0x0000000085b00000, 0x0000000085b00000, 0x0000000085c00000|  0%| F|  |TS  0|AC  0|TAMS 0x0000000085b00000, 0x0000000085b00000|
|  18|0x0000000085c00000, 0x0000000085c00000, 0x0000000085d00000|  0%| F|  |TS  0|AC  0|TAMS 0x0000000085c00000, 0x0000000085c00000|
|  19|0x0000000085d00000, 0x0000000085d00000, 0x0000000085e00000|  0%| F|  |TS  0|AC  0|TAMS 0x0000000085d00000, 0x0000000085d00000|
|  20|0x0000000085e00000, 0x0000000085e00000, 0x0000000085f00000|  0%| F|  |TS  0|AC  0|TAMS 0x0000000085e00000, 0x0000000085e00000|
|  21|0x0000000085f00000, 0x0000000085f00000, 0x0000000086000000|  0%| F|  |TS  0|AC  0|TAMS 0x0000000085f00000, 0x0000000085f00000|
|  22|0x0000000086000000, 0x0000000086000000, 0x0000000086100000|  0%| F|  |TS  0|AC  0|TAMS 0x0000000086000000, 0x0000000086000000|
|  23|0x0000000086100000, 0x0000000086100000, 0x0000000086200000|  0%| F|  |TS  0|AC  0|TAMS 0x0000000086100000, 0x0000000086100000|
|  24|0x0000000086200000, 0x0000000086200000, 0x0000000086300000|  0%| F|  |TS  0|AC  0|TAMS 0x0000000086200000, 0x0000000086200000|
|  25|0x0000000086300000, 0x0000000086300000, 0x0000000086400000|  0%| F|  |TS  0|AC  0|TAMS 0x0000000086300000, 0x0000000086300000|
|  26|0x0000000086400000, 0x0000000086400000, 0x0000000086500000|  0%| F|  |TS  0|AC  0|TAMS 0x0000000086400000, 0x0000000086400000|
|  27|0x0000000086500000, 0x0000000086500000, 0x0000000086600000|  0%| F|  |TS  0|AC  0|TAMS 0x0000000086500000, 0x0000000086500000|
|  28|0x0000000086600000, 0x0000000086600000, 0x0000000086700000|  0%| F|  |TS  0|AC  0|TAMS 0x0000000086600000, 0x0000000086600000|
|  29|0x0000000086700000, 0x0000000086700000, 0x0000000086800000|  0%| F|  |TS  0|AC  0|TAMS 0x0000000086700000, 0x0000000086700000|
|  30|0x0000000086800000, 0x0000000086800000, 0x0000000086900000|  0%| F|  |TS  0|AC  0|TAMS 0x0000000086800000, 0x0000000086800000|
|  31|0x0000000086900000, 0x0000000086900000, 0x0000000086a00000|  0%| F|  |TS  0|AC  0|TAMS 0x0000000086900000, 0x0000000086900000|
|  32|0x0000000086a00000, 0x0000000086a00000, 0x0000000086b00000|  0%| F|  |TS  0|AC  0|TAMS 0x0000000086a00000, 0x0000000086a00000|
|  33|0x0000000086b00000, 0x0000000086b00000, 0x0000000086c00000|  0%| F|  |TS  0|AC  0|TAMS 0x0000000086b00000, 0x0000000086b00000|
|  34|0x0000000086c00000, 0x0000000086c00000, 0x0000000086d00000|  0%| F|  |TS  0|AC  0|TAMS 0x0000000086c00000, 0x0000000086c00000|
|  35|0x0000000086d00000, 0x0000000086d00000, 0x0000000086e00000|  0%| F|  |TS  0|AC  0|TAMS 0x0000000086d00000, 0x0000000086d00000|
|  36|0x0000000086e00000, 0x0000000086e00000, 0x0000000086f00000|  0%| F|  |TS  0|AC  0|TAMS 0x0000000086e00000, 0x0000000086e00000|
|  37|0x0000000086f00000, 0x0000000086f00000, 0x0000000087000000|  0%| F|  |TS  0|AC  0|TAMS 0x0000000086f00000, 0x0000000086f00000|
|  38|0x0000000087000000, 0x0000000087000000, 0x0000000087100000|  0%| F|  |TS  0|AC  0|TAMS 0x0000000087000000, 0x0000000087000000|
|  39|0x0000000087100000, 0x0000000087100000, 0x0000000087200000|  0%| F|  |TS  0|AC  0|TAMS 0x0000000087100000, 0x0000000087100000|
|  40|0x0000000087200000, 0x0000000087200000, 0x0000000087300000|  0%| F|  |TS  0|AC  0|TAMS 0x0000000087200000, 0x0000000087200000|
|  41|0x0000000087300000, 0x0000000087300000, 0x0000000087400000|  0%| F|  |TS  0|AC  0|TAMS 0x0000000087300000, 0x0000000087300000|
|  42|0x0000000087400000, 0x0000000087400000, 0x0000000087500000|  0%| F|  |TS  0|AC  0|TAMS 0x0000000087400000, 0x0000000087400000|
|  43|0x0000000087500000, 0x0000000087500000, 0x0000000087600000|  0%| F|  |TS  0|AC  0|TAMS 0x0000000087500000, 0x0000000087500000|
|  44|0x0000000087600000, 0x0000000087600000, 0x0000000087700000|  0%| F|  |TS  0|AC  0|TAMS 0x0000000087600000, 0x0000000087600000|
|  45|0x0000000087700000, 0x0000000087700000, 0x0000000087800000|  0%| F|  |TS  0|AC  0|TAMS 0x0000000087700000, 0x0000000087700000|
|  46|0x0000000087800000, 0x0000000087800000, 0x0000000087900000|  0%| F|  |TS  0|AC  0|TAMS 0x0000000087800000, 0x0000000087800000|
|  47|0x0000000087900000, 0x0000000087900000, 0x0000000087a00000|  0%| F|  |TS  0|AC  0|TAMS 0x0000000087900000, 0x0000000087900000|
|  48|0x0000000087a00000, 0x0000000087a00000, 0x0000000087b00000|  0%| F|  |TS  0|AC  0|TAMS 0x0000000087a00000, 0x0000000087a00000|
|  49|0x0000000087b00000, 0x0000000087b00000, 0x0000000087c00000|  0%| F|  |TS  0|AC  0|TAMS 0x0000000087b00000, 0x0000000087b00000|
|  50|0x0000000087c00000, 0x0000000087c00000, 0x0000000087d00000|  0%| F|  |TS  0|AC  0|TAMS 0x0000000087c00000, 0x0000000087c00000|
|  51|0x0000000087d00000, 0x0000000087d00000, 0x0000000087e00000|  0%| F|  |TS  0|AC  0|TAMS 0x0000000087d00000, 0x0000000087d00000|
|  52|0x0000000087e00000, 0x0000000087e00000, 0x0000000087f00000|  0%| F|  |TS  0|AC  0|TAMS 0x0000000087e00000, 0x0000000087e00000|
|  53|0x0000000087f00000, 0x0000000087f00000, 0x0000000088000000|  0%| F|  |TS  0|AC  0|TAMS 0x0000000087f00000, 0x0000000087f00000|
|  54|0x0000000088000000, 0x0000000088000000, 0x0000000088100000|  0%| F|  |TS  0|AC  0|TAMS 0x0000000088000000, 0x0000000088000000|
|  55|0x0000000088100000, 0x0000000088100000, 0x0000000088200000|  0%| F|  |TS  0|AC  0|TAMS 0x0000000088100000, 0x0000000088100000|
|  56|0x0000000088200000, 0x0000000088200000, 0x0000000088300000|  0%| F|  |TS  0|AC  0|TAMS 0x0000000088200000, 0x0000000088200000|
|  57|0x0000000088300000, 0x0000000088300000, 0x0000000088400000|  0%| F|  |TS  0|AC  0|TAMS 0x0000000088300000, 0x0000000088300000|
|  58|0x0000000088400000, 0x0000000088400000, 0x0000000088500000|  0%| F|  |TS  0|AC  0|TAMS 0x0000000088400000, 0x0000000088400000|
|  59|0x0000000088500000, 0x0000000088500000, 0x0000000088600000|  0%| F|  |TS  0|AC  0|TAMS 0x0000000088500000, 0x0000000088500000|
|  60|0x0000000088600000, 0x0000000088600000, 0x0000000088700000|  0%| F|  |TS  0|AC  0|TAMS 0x0000000088600000, 0x0000000088600000|
|  61|0x0000000088700000, 0x0000000088700000, 0x0000000088800000|  0%| F|  |TS  0|AC  0|TAMS 0x0000000088700000, 0x0000000088700000|
|  62|0x0000000088800000, 0x0000000088800000, 0x0000000088900000|  0%| F|  |TS  0|AC  0|TAMS 0x0000000088800000, 0x0000000088800000|
|  63|0x0000000088900000, 0x0000000088900000, 0x0000000088a00000|  0%| F|  |TS  0|AC  0|TAMS 0x0000000088900000, 0x0000000088900000|
|  64|0x0000000088a00000, 0x0000000088a00000, 0x0000000088b00000|  0%| F|  |TS  0|AC  0|TAMS 0x0000000088a00000, 0x0000000088a00000|
|  65|0x0000000088b00000, 0x0000000088b00000, 0x0000000088c00000|  0%| F|  |TS  0|AC  0|TAMS 0x0000000088b00000, 0x0000000088b00000|
|  66|0x0000000088c00000, 0x0000000088c00000, 0x0000000088d00000|  0%| F|  |TS  0|AC  0|TAMS 0x0000000088c00000, 0x0000000088c00000|
|  67|0x0000000088d00000, 0x0000000088d00000, 0x0000000088e00000|  0%| F|  |TS  0|AC  0|TAMS 0x0000000088d00000, 0x0000000088d00000|
|  68|0x0000000088e00000, 0x0000000088e00000, 0x0000000088f00000|  0%| F|  |TS  0|AC  0|TAMS 0x0000000088e00000, 0x0000000088e00000|
|  69|0x0000000088f00000, 0x0000000088f00000, 0x0000000089000000|  0%| F|  |TS  0|AC  0|TAMS 0x0000000088f00000, 0x0000000088f00000|
|  70|0x0000000089000000, 0x0000000089000000, 0x0000000089100000|  0%| F|  |TS  0|AC  0|TAMS 0x0000000089000000, 0x0000000089000000|
|  71|0x0000000089100000, 0x0000000089100000, 0x0000000089200000|  0%| F|  |TS  0|AC  0|TAMS 0x0000000089100000, 0x0000000089100000|
|  72|0x0000000089200000, 0x0000000089200000, 0x0000000089300000|  0%| F|  |TS  0|AC  0|TAMS 0x0000000089200000, 0x0000000089200000|
|  73|0x0000000089300000, 0x0000000089300000, 0x0000000089400000|  0%| F|  |TS  0|AC  0|TAMS 0x0000000089300000, 0x0000000089300000|
|  74|0x0000000089400000, 0x0000000089400000, 0x0000000089500000|  0%| F|  |TS  0|AC  0|TAMS 0x0000000089400000, 0x0000000089400000|
|  75|0x0000000089500000, 0x0000000089500000, 0x0000000089600000|  0%| F|  |TS  0|AC  0|TAMS 0x0000000089500000, 0x0000000089500000|
|  76|0x0000000089600000, 0x0000000089600000, 0x0000000089700000|  0%| F|  |TS  0|AC  0|TAMS 0x0000000089600000, 0x0000000089600000|
|  77|0x0000000089700000, 0x0000000089700000, 0x0000000089800000|  0%| F|  |TS  0|AC  0|TAMS 0x0000000089700000, 0x0000000089700000|
|  78|0x0000000089800000, 0x0000000089800000, 0x0000000089900000|  0%| F|  |TS  0|AC  0|TAMS 0x0000000089800000, 0x0000000089800000|
|  79|0x0000000089900000, 0x0000000089900000, 0x0000000089a00000|  0%| F|  |TS  0|AC  0|TAMS 0x0000000089900000, 0x0000000089900000|
|  80|0x0000000089a00000, 0x0000000089a00000, 0x0000000089b00000|  0%| F|  |TS  0|AC  0|TAMS 0x0000000089a00000, 0x0000000089a00000|
|  81|0x0000000089b00000, 0x0000000089b00000, 0x0000000089c00000|  0%| F|  |TS  0|AC  0|TAMS 0x0000000089b00000, 0x0000000089b00000|
|  82|0x0000000089c00000, 0x0000000089c00000, 0x0000000089d00000|  0%| F|  |TS  0|AC  0|TAMS 0x0000000089c00000, 0x0000000089c00000|
|  83|0x0000000089d00000, 0x0000000089d00000, 0x0000000089e00000|  0%| F|  |TS  0|AC  0|TAMS 0x0000000089d00000, 0x0000000089d00000|
|  84|0x0000000089e00000, 0x0000000089e00000, 0x0000000089f00000|  0%| F|  |TS  0|AC  0|TAMS 0x0000000089e00000, 0x0000000089e00000|
|  85|0x0000000089f00000, 0x0000000089f00000, 0x000000008a000000|  0%| F|  |TS  0|AC  0|TAMS 0x0000000089f00000, 0x0000000089f00000|
|  86|0x000000008a000000, 0x000000008a000000, 0x000000008a100000|  0%| F|  |TS  0|AC  0|TAMS 0x000000008a000000, 0x000000008a000000|
|  87|0x000000008a100000, 0x000000008a100000, 0x000000008a200000|  0%| F|  |TS  0|AC  0|TAMS 0x000000008a100000, 0x000000008a100000|
|  88|0x000000008a200000, 0x000000008a200000, 0x000000008a300000|  0%| F|  |TS  0|AC  0|TAMS 0x000000008a200000, 0x000000008a200000|
|  89|0x000000008a300000, 0x000000008a300000, 0x000000008a400000|  0%| F|  |TS  0|AC  0|TAMS 0x000000008a300000, 0x000000008a300000|
|  90|0x000000008a400000, 0x000000008a400000, 0x000000008a500000|  0%| F|  |TS  0|AC  0|TAMS 0x000000008a400000, 0x000000008a400000|
|  91|0x000000008a500000, 0x000000008a500000, 0x000000008a600000|  0%| F|  |TS  0|AC  0|TAMS 0x000000008a500000, 0x000000008a500000|
|  92|0x000000008a600000, 0x000000008a600000, 0x000000008a700000|  0%| F|  |TS  0|AC  0|TAMS 0x000000008a600000, 0x000000008a600000|
|  93|0x000000008a700000, 0x000000008a700000, 0x000000008a800000|  0%| F|  |TS  0|AC  0|TAMS 0x000000008a700000, 0x000000008a700000|
|  94|0x000000008a800000, 0x000000008a800000, 0x000000008a900000|  0%| F|  |TS  0|AC  0|TAMS 0x000000008a800000, 0x000000008a800000|
|  95|0x000000008a900000, 0x000000008a900000, 0x000000008aa00000|  0%| F|  |TS  0|AC  0|TAMS 0x000000008a900000, 0x000000008a900000|
|  96|0x000000008aa00000, 0x000000008aa00000, 0x000000008ab00000|  0%| F|  |TS  0|AC  0|TAMS 0x000000008aa00000, 0x000000008aa00000|
|  97|0x000000008ab00000, 0x000000008ab00000, 0x000000008ac00000|  0%| F|  |TS  0|AC  0|TAMS 0x000000008ab00000, 0x000000008ab00000|
|  98|0x000000008ac00000, 0x000000008ac00000, 0x000000008ad00000|  0%| F|  |TS  0|AC  0|TAMS 0x000000008ac00000, 0x000000008ac00000|
|  99|0x000000008ad00000, 0x000000008ad00000, 0x000000008ae00000|  0%| F|  |TS  0|AC  0|TAMS 0x000000008ad00000, 0x000000008ad00000|
| 100|0x000000008ae00000, 0x000000008ae00000, 0x000000008af00000|  0%| F|  |TS  0|AC  0|TAMS 0x000000008ae00000, 0x000000008ae00000|
| 101|0x000000008af00000, 0x000000008af00000, 0x000000008b000000|  0%| F|  |TS  0|AC  0|TAMS 0x000000008af00000, 0x000000008af00000|
| 102|0x000000008b000000, 0x000000008b000000, 0x000000008b100000|  0%| F|  |TS  0|AC  0|TAMS 0x000000008b000000, 0x000000008b000000|
| 103|0x000000008b100000, 0x000000008b100000, 0x000000008b200000|  0%| F|  |TS  0|AC  0|TAMS 0x000000008b100000, 0x000000008b100000|
| 104|0x000000008b200000, 0x000000008b200000, 0x000000008b300000|  0%| F|  |TS  0|AC  0|TAMS 0x000000008b200000, 0x000000008b200000|
| 105|0x000000008b300000, 0x000000008b300000, 0x000000008b400000|  0%| F|  |TS  0|AC  0|TAMS 0x000000008b300000, 0x000000008b300000|
| 106|0x000000008b400000, 0x000000008b400000, 0x000000008b500000|  0%| F|  |TS  0|AC  0|TAMS 0x000000008b400000, 0x000000008b400000|
| 107|0x000000008b500000, 0x000000008b500000, 0x000000008b600000|  0%| F|  |TS  0|AC  0|TAMS 0x000000008b500000, 0x000000008b500000|
| 108|0x000000008b600000, 0x000000008b600000, 0x000000008b700000|  0%| F|  |TS  0|AC  0|TAMS 0x000000008b600000, 0x000000008b600000|
| 109|0x000000008b700000, 0x000000008b700000, 0x000000008b800000|  0%| F|  |TS  0|AC  0|TAMS 0x000000008b700000, 0x000000008b700000|
| 110|0x000000008b800000, 0x000000008b800000, 0x000000008b900000|  0%| F|  |TS  0|AC  0|TAMS 0x000000008b800000, 0x000000008b800000|
| 111|0x000000008b900000, 0x000000008b900000, 0x000000008ba00000|  0%| F|  |TS  0|AC  0|TAMS 0x000000008b900000, 0x000000008b900000|
| 112|0x000000008ba00000, 0x000000008ba00000, 0x000000008bb00000|  0%| F|  |TS  0|AC  0|TAMS 0x000000008ba00000, 0x000000008ba00000|
| 113|0x000000008bb00000, 0x000000008bb00000, 0x000000008bc00000|  0%| F|  |TS  0|AC  0|TAMS 0x000000008bb00000, 0x000000008bb00000|
| 114|0x000000008bc00000, 0x000000008bc90220, 0x000000008bd00000| 56%| E|  |TS  0|AC  0|TAMS 0x000000008bc00000, 0x000000008bc00000|
| 115|0x000000008bd00000, 0x000000008be00000, 0x000000008be00000|100%| E|CS|TS  0|AC  0|TAMS 0x000000008bd00000, 0x000000008bd00000|
| 116|0x000000008be00000, 0x000000008bf00000, 0x000000008bf00000|100%| E|CS|TS  0|AC  0|TAMS 0x000000008be00000, 0x000000008be00000|
| 117|0x000000008bf00000, 0x000000008c000000, 0x000000008c000000|100%| E|CS|TS  0|AC  0|TAMS 0x000000008bf00000, 0x000000008bf00000|
| 118|0x000000008c000000, 0x000000008c100000, 0x000000008c100000|100%| E|CS|TS  0|AC  0|TAMS 0x000000008c000000, 0x000000008c000000|
| 119|0x000000008c100000, 0x000000008c200000, 0x000000008c200000|100%| E|CS|TS  0|AC  0|TAMS 0x000000008c100000, 0x000000008c100000|
| 120|0x000000008c200000, 0x000000008c300000, 0x000000008c300000|100%| E|CS|TS  0|AC  0|TAMS 0x000000008c200000, 0x000000008c200000|
| 121|0x000000008c300000, 0x000000008c400000, 0x000000008c400000|100%| E|CS|TS  0|AC  0|TAMS 0x000000008c300000, 0x000000008c300000|
| 122|0x000000008c400000, 0x000000008c500000, 0x000000008c500000|100%| E|CS|TS  0|AC  0|TAMS 0x000000008c400000, 0x000000008c400000|
| 123|0x000000008c500000, 0x000000008c600000, 0x000000008c600000|100%| E|CS|TS  0|AC  0|TAMS 0x000000008c500000, 0x000000008c500000|

Card table byte_map: [0x00007f986c7a4000,0x00007f986cb7f000] byte_map_base: 0x00007f986c37f000

Marking Bits (Prev, Next): (CMBitMap*) 0x00007f988805d620, (CMBitMap*) 0x00007f988805d658
 Prev Bits: [0x00007f9846128000, 0x00007f9848000000)
 Next Bits: [0x00007f9844250000, 0x00007f9846128000)

Polling page: 0x00007f98900d5000

CodeHeap 'non-profiled nmethods': size=120032Kb used=174Kb max_used=174Kb free=119857Kb
 bounds [0x00007f9875605000, 0x00007f9875875000, 0x00007f987cb3d000]
CodeHeap 'profiled nmethods': size=120032Kb used=999Kb max_used=999Kb free=119032Kb
 bounds [0x00007f986e0cd000, 0x00007f986e33d000, 0x00007f9875605000]
CodeHeap 'non-nmethods': size=5696Kb used=1205Kb max_used=1214Kb free=4490Kb
 bounds [0x00007f986db3d000, 0x00007f986ddad000, 0x00007f986e0cd000]
 total_blobs=1096 nmethods=603 adapters=287
 compilation: enabled

Compilation events (10 events):
Event: 0.432 Thread 0x00007f988818b800  595       3       jdk.internal.org.objectweb.asm.Frame::get (46 bytes)
Event: 0.432 Thread 0x00007f988818b800 nmethod 595 0x00007f986e1c6190 code [0x00007f986e1c6340, 0x00007f986e1c6590]
Event: 0.432 Thread 0x00007f988818b800  584       1       java.lang.invoke.DirectMethodHandle::internalMemberName (5 bytes)
Event: 0.432 Thread 0x00007f988818b800 nmethod 584 0x00007f987562fe90 code [0x00007f9875630040, 0x00007f9875630150]
Event: 0.433 Thread 0x00007f988818b800  600       3       java.lang.invoke.MethodType::basicType (8 bytes)
Event: 0.433 Thread 0x00007f988818b800 nmethod 600 0x00007f986e1c6690 code [0x00007f986e1c6840, 0x00007f986e1c6a30]
Event: 0.433 Thread 0x00007f988818b800  601       1       java.lang.invoke.MethodType::parameterCount (6 bytes)
Event: 0.433 Thread 0x00007f988818b800 nmethod 601 0x00007f9875630190 code [0x00007f9875630340, 0x00007f9875630450]
Event: 0.433 Thread 0x00007f988818b800  602       3       java.lang.invoke.LambdaForm::forceInterpretation (14 bytes)
Event: 0.433 Thread 0x00007f988818b800 nmethod 602 0x00007f986e1c6b10 code [0x00007f986e1c6cc0, 0x00007f986e1c6e70]

GC Heap History (0 events):
No events

Deoptimization events (1 events):
Event: 0.18 Thread 0x00007f9888325800 Uncommon trap: reason=unstable_if action=reinterpret pc=0x00007f9875607714 method=java.lang.String.charAt(I)C @ 4 c2

Classes redefined (0 events):
No events

Internal exceptions (10 events):
Event: 0.22 Thread 0x00007f9888013800 Exception <a 'java/lang/NoSuchMethodError'{0x000000008c1ee768}: java.lang.invoke.DirectMethodHandle$Holder.invokeInterface(Ljava/lang/Object;Ljava/lang/Object;)Ljava/lang/Object;> (0x000000008c1ee768) thrown at [/scratch/opt/mach5/mesos/work_dir/slaves/e7
Event: 0.221 Thread 0x00007f9888013800 Exception <a 'java/lang/IncompatibleClassChangeError'{0x000000008c1f1220}: Found class java.lang.Object, but interface was expected> (0x000000008c1f1220) thrown at [/scratch/opt/mach5/mesos/work_dir/slaves/e72b529e-af37-4c00-b29e-141f3b57348c-S1075/framew
Event: 0.222 Thread 0x00007f9888013800 Exception <a 'java/lang/NoSuchMethodError'{0x000000008c1f5100}: java.lang.invoke.DirectMethodHandle$Holder.invokeStaticInit(Ljava/lang/Object;Ljava/lang/Object;)V> (0x000000008c1f5100) thrown at [/scratch/opt/mach5/mesos/work_dir/slaves/e72b529e-af37-4c00
Event: 0.224 Thread 0x00007f9888013800 Exception <a 'java/lang/NoSuchMethodError'{0x000000008c008738}: java.lang.invoke.DirectMethodHandle$Holder.invokeStatic(Ljava/lang/Object;Ljava/lang/Object;)I> (0x000000008c008738) thrown at [/scratch/opt/mach5/mesos/work_dir/slaves/e72b529e-af37-4c00-b29
Event: 0.225 Thread 0x00007f9888013800 Exception <a 'java/lang/NoSuchMethodError'{0x000000008c00b8e8}: java.lang.invoke.DirectMethodHandle$Holder.invokeStaticInit(Ljava/lang/Object;Ljava/lang/Object;)I> (0x000000008c00b8e8) thrown at [/scratch/opt/mach5/mesos/work_dir/slaves/e72b529e-af37-4c00
Event: 0.227 Thread 0x00007f9888013800 Exception <a 'java/lang/NoSuchMethodError'{0x000000008c013df8}: java.lang.invoke.DirectMethodHandle$Holder.invokeInterface(Ljava/lang/Object;Ljava/lang/Object;Ljava/lang/Object;)I> (0x000000008c013df8) thrown at [/scratch/opt/mach5/mesos/work_dir/slaves/e
Event: 0.259 Thread 0x00007f9888013800 Exception <a 'java/lang/NoSuchMethodError'{0x000000008c0e6a40}: java.lang.Object.of([Ljava/lang/Object;)Ljava/util/stream/Stream;> (0x000000008c0e6a40) thrown at [/scratch/opt/mach5/mesos/work_dir/slaves/e72b529e-af37-4c00-b29e-141f3b57348c-S1075/framewor
Event: 0.375 Thread 0x00007f9888013800 Exception <a 'java/lang/NoSuchMethodError'{0x000000008bd71468}: java.lang.invoke.DirectMethodHandle$Holder.invokeStatic(Ljava/lang/Object;Ljava/lang/Object;Ljava/lang/Object;)V> (0x000000008bd71468) thrown at [/scratch/opt/mach5/mesos/work_dir/slaves/e72b
Event: 0.384 Thread 0x00007f9888013800 Exception <a 'java/lang/NoSuchMethodError'{0x000000008bda9090}: java.lang.invoke.DirectMethodHandle$Holder.invokeStaticInit(Ljava/lang/Object;Ljava/lang/Object;Ljava/lang/Object;)V> (0x000000008bda9090) thrown at [/scratch/opt/mach5/mesos/work_dir/slaves/
Event: 0.431 Thread 0x00007f9888013800 Exception <a 'java/lang/NoSuchMethodError'{0x000000008bc616a0}: java.lang.Object.lambda$comparing$77a9974f$1(Ljava/util/function/Function;Ljava/lang/Object;Ljava/lang/Object;)I> (0x000000008bc616a0) thrown at [/scratch/opt/mach5/mesos/work_dir/slaves/e72b

Events (10 events):
Event: 0.429 loading class io/javalanche/covfefe/instructions/InstructionArithmetic$LLVMArithmeticOp
Event: 0.429 loading class io/javalanche/covfefe/instructions/InstructionArithmetic$LLVMArithmeticOp done
Event: 0.429 loading class io/javalanche/covfefe/instructions/InstructionArithmetic$LLVMArithmeticOp
Event: 0.429 loading class io/javalanche/covfefe/instructions/InstructionArithmetic$LLVMArithmeticOp done
Event: 0.432 loading class java/util/Arrays$LegacyMergeSort
Event: 0.432 loading class java/util/Arrays$LegacyMergeSort done
Event: 0.432 loading class java/util/TimSort
Event: 0.432 loading class java/util/TimSort done
Event: 0.436 loading class org/bytedeco/javacpp/LLVM$LLVMExecutionEngineRef
Event: 0.436 loading class org/bytedeco/javacpp/LLVM$LLVMExecutionEngineRef done


Dynamic libraries:
00400000-00401000 r-xp 00000000 08:0c 2889210                            /usr/lib/jvm/jdk-9.0.1/bin/java
00600000-00601000 rw-p 00000000 08:0c 2889210                            /usr/lib/jvm/jdk-9.0.1/bin/java
0204c000-0206d000 rw-p 00000000 00:00 0                                  [heap]
84a00000-8c600000 rw-p 00000000 00:00 0 
8c600000-100000000 ---p 00000000 00:00 0 
100000000-100100000 rw-p 00000000 00:00 0 
100100000-140000000 ---p 00000000 00:00 0 
7f9800000000-7f9800021000 rw-p 00000000 00:00 0 
7f9800021000-7f9804000000 ---p 00000000 00:00 0 
7f9804000000-7f9804021000 rw-p 00000000 00:00 0 
7f9804021000-7f9808000000 ---p 00000000 00:00 0 
7f9809a6b000-7f9809aeb000 rw-p 00000000 00:00 0 
7f9809aeb000-7f9809c6b000 ---p 00000000 00:00 0 
7f9809c6b000-7f9809c6f000 ---p 00000000 00:00 0 
7f9809c6f000-7f9809d6c000 rw-p 00000000 00:00 0 
7f9809d6c000-7f9809e25000 r-xp 00000000 08:06 1596845                    /home/merrillm/.javacpp/cache/llvm-3.9.0-1.3-linux-x86_64.jar/org/bytedeco/javacpp/linux-x86_64/libjniLLVM.so
7f9809e25000-7f980a025000 ---p 000b9000 08:06 1596845                    /home/merrillm/.javacpp/cache/llvm-3.9.0-1.3-linux-x86_64.jar/org/bytedeco/javacpp/linux-x86_64/libjniLLVM.so
7f980a025000-7f980a026000 r--p 000b9000 08:06 1596845                    /home/merrillm/.javacpp/cache/llvm-3.9.0-1.3-linux-x86_64.jar/org/bytedeco/javacpp/linux-x86_64/libjniLLVM.so
7f980a026000-7f980a028000 rw-p 000ba000 08:06 1596845                    /home/merrillm/.javacpp/cache/llvm-3.9.0-1.3-linux-x86_64.jar/org/bytedeco/javacpp/linux-x86_64/libjniLLVM.so
7f980a028000-7f980a029000 rw-p 00000000 00:00 0 
7f980a029000-7f980a03f000 r-xp 00000000 08:06 1596826                    /home/merrillm/.javacpp/cache/llvm-3.9.0-1.3-linux-x86_64.jar/org/bytedeco/javacpp/linux-x86_64/libLTO.so
7f980a03f000-7f980a23e000 ---p 00016000 08:06 1596826                    /home/merrillm/.javacpp/cache/llvm-3.9.0-1.3-linux-x86_64.jar/org/bytedeco/javacpp/linux-x86_64/libLTO.so
7f980a23e000-7f980a240000 r--p 00015000 08:06 1596826                    /home/merrillm/.javacpp/cache/llvm-3.9.0-1.3-linux-x86_64.jar/org/bytedeco/javacpp/linux-x86_64/libLTO.so
7f980a240000-7f980a241000 rw-p 00017000 08:06 1596826                    /home/merrillm/.javacpp/cache/llvm-3.9.0-1.3-linux-x86_64.jar/org/bytedeco/javacpp/linux-x86_64/libLTO.so
7f980a241000-7f980a244000 rw-p 00000000 00:00 0 
7f980a244000-7f980a25a000 r-xp 00000000 08:0c 4726068                    /lib/x86_64-linux-gnu/libgcc_s.so.1
7f980a25a000-7f980a459000 ---p 00016000 08:0c 4726068                    /lib/x86_64-linux-gnu/libgcc_s.so.1
7f980a459000-7f980a45a000 r--p 00015000 08:0c 4726068                    /lib/x86_64-linux-gnu/libgcc_s.so.1
7f980a45a000-7f980a45b000 rw-p 00016000 08:0c 4726068                    /lib/x86_64-linux-gnu/libgcc_s.so.1
7f980a45b000-7f980bc95000 r-xp 00000000 08:06 1596814                    /home/merrillm/.javacpp/cache/llvm-3.9.0-1.3-linux-x86_64.jar/org/bytedeco/javacpp/linux-x86_64/libLLVM-3.9.so
7f980bc95000-7f980be95000 ---p 0183a000 08:06 1596814                    /home/merrillm/.javacpp/cache/llvm-3.9.0-1.3-linux-x86_64.jar/org/bytedeco/javacpp/linux-x86_64/libLLVM-3.9.so
7f980be95000-7f980bfbf000 r--p 0183a000 08:06 1596814                    /home/merrillm/.javacpp/cache/llvm-3.9.0-1.3-linux-x86_64.jar/org/bytedeco/javacpp/linux-x86_64/libLLVM-3.9.so
7f980bfbf000-7f980bfd7000 rw-p 01964000 08:06 1596814                    /home/merrillm/.javacpp/cache/llvm-3.9.0-1.3-linux-x86_64.jar/org/bytedeco/javacpp/linux-x86_64/libLLVM-3.9.so
7f980bfd7000-7f980c000000 rw-p 00000000 00:00 0 
7f980c000000-7f980c021000 rw-p 00000000 00:00 0 
7f980c021000-7f9810000000 ---p 00000000 00:00 0 
7f9810000000-7f9810021000 rw-p 00000000 00:00 0 
7f9810021000-7f9814000000 ---p 00000000 00:00 0 
7f9814000000-7f9814021000 rw-p 00000000 00:00 0 
7f9814021000-7f9818000000 ---p 00000000 00:00 0 
7f9818000000-7f9818021000 rw-p 00000000 00:00 0 
7f9818021000-7f981c000000 ---p 00000000 00:00 0 
7f981c000000-7f981c17c000 rw-p 00000000 00:00 0 
7f981c17c000-7f9820000000 ---p 00000000 00:00 0 
7f9820000000-7f98202eb000 rw-p 00000000 00:00 0 
7f98202eb000-7f9824000000 ---p 00000000 00:00 0 
7f9824000000-7f9824021000 rw-p 00000000 00:00 0 
7f9824021000-7f9828000000 ---p 00000000 00:00 0 
7f9828000000-7f9828290000 rw-p 00000000 00:00 0 
7f9828290000-7f982c000000 ---p 00000000 00:00 0 
7f982c000000-7f982c021000 rw-p 00000000 00:00 0 
7f982c021000-7f9830000000 ---p 00000000 00:00 0 
7f9830000000-7f9830021000 rw-p 00000000 00:00 0 
7f9830021000-7f9834000000 ---p 00000000 00:00 0 
7f9834000000-7f9834021000 rw-p 00000000 00:00 0 
7f9834021000-7f9838000000 ---p 00000000 00:00 0 
7f9838000000-7f9838021000 rw-p 00000000 00:00 0 
7f9838021000-7f983c000000 ---p 00000000 00:00 0 
7f983c06b000-7f983c1e5000 r-xp 00000000 08:0c 6062067                    /usr/lib/x86_64-linux-gnu/libstdc++.so.6.0.24
7f983c1e5000-7f983c3e4000 ---p 0017a000 08:0c 6062067                    /usr/lib/x86_64-linux-gnu/libstdc++.so.6.0.24
7f983c3e4000-7f983c3ee000 r--p 00179000 08:0c 6062067                    /usr/lib/x86_64-linux-gnu/libstdc++.so.6.0.24
7f983c3ee000-7f983c3f0000 rw-p 00183000 08:0c 6062067                    /usr/lib/x86_64-linux-gnu/libstdc++.so.6.0.24
7f983c3f0000-7f983c3f3000 rw-p 00000000 00:00 0 
7f983c3f3000-7f983c3f4000 ---p 00000000 00:00 0 
7f983c3f4000-7f983c4f4000 rw-p 00000000 00:00 0 
7f983c4f4000-7f983c4f8000 ---p 00000000 00:00 0 
7f983c4f8000-7f983c5f5000 rw-p 00000000 00:00 0 
7f983c5f5000-7f983c5f9000 ---p 00000000 00:00 0 
7f983c5f9000-7f983c6f6000 rw-p 00000000 00:00 0 
7f983c6f6000-7f983c6fa000 ---p 00000000 00:00 0 
7f983c6fa000-7f983c7f7000 rw-p 00000000 00:00 0 
7f983c7f7000-7f983c80d000 r-xp 00000000 08:0c 2890133                    /usr/lib/jvm/jdk-9.0.1/lib/libnet.so
7f983c80d000-7f983ca0d000 ---p 00016000 08:0c 2890133                    /usr/lib/jvm/jdk-9.0.1/lib/libnet.so
7f983ca0d000-7f983ca0e000 rw-p 00016000 08:0c 2890133                    /usr/lib/jvm/jdk-9.0.1/lib/libnet.so
7f983ca0e000-7f983ca1e000 r-xp 00000000 08:0c 2890130                    /usr/lib/jvm/jdk-9.0.1/lib/libnio.so
7f983ca1e000-7f983cc1e000 ---p 00010000 08:0c 2890130                    /usr/lib/jvm/jdk-9.0.1/lib/libnio.so
7f983cc1e000-7f983cc1f000 rw-p 00010000 08:0c 2890130                    /usr/lib/jvm/jdk-9.0.1/lib/libnio.so
7f983cc1f000-7f983cc23000 ---p 00000000 00:00 0 
7f983cc23000-7f983cd20000 rw-p 00000000 00:00 0 
7f983cd20000-7f983cd24000 ---p 00000000 00:00 0 
7f983cd24000-7f983ce21000 rw-p 00000000 00:00 0 
7f983ce21000-7f983ce25000 ---p 00000000 00:00 0 
7f983ce25000-7f983cf22000 rw-p 00000000 00:00 0 
7f983cf22000-7f983cf26000 ---p 00000000 00:00 0 
7f983cf26000-7f983d023000 rw-p 00000000 00:00 0 
7f983d023000-7f983d027000 ---p 00000000 00:00 0 
7f983d027000-7f983d124000 rw-p 00000000 00:00 0 
7f983d124000-7f983d3fc000 r--p 00000000 08:0c 6053116                    /usr/lib/locale/locale-archive
7f983d3fc000-7f983d400000 ---p 00000000 00:00 0 
7f983d400000-7f983d4fd000 rw-p 00000000 00:00 0 
7f983d4fd000-7f983d501000 ---p 00000000 00:00 0 
7f983d501000-7f983d5fe000 rw-p 00000000 00:00 0 
7f983d5fe000-7f983d5ff000 ---p 00000000 00:00 0 
7f983d5ff000-7f983deff000 rw-p 00000000 00:00 0 
7f983deff000-7f983e000000 rw-p 00000000 00:00 0 
7f983e000000-7f9840000000 rwxp 00000000 00:00 0 
7f9840000000-7f9840021000 rw-p 00000000 00:00 0 
7f9840021000-7f9844000000 ---p 00000000 00:00 0 
7f984404e000-7f9844440000 rw-p 00000000 00:00 0 
7f9844440000-7f9846128000 ---p 00000000 00:00 0 
7f9846128000-7f9846318000 rw-p 00000000 00:00 0 
7f9846318000-7f9848000000 ---p 00000000 00:00 0 
7f9848000000-7f9848021000 rw-p 00000000 00:00 0 
7f9848021000-7f984c000000 ---p 00000000 00:00 0 
7f984c000000-7f984c021000 rw-p 00000000 00:00 0 
7f984c021000-7f9850000000 ---p 00000000 00:00 0 
7f9850000000-7f9850021000 rw-p 00000000 00:00 0 
7f9850021000-7f9854000000 ---p 00000000 00:00 0 
7f9854000000-7f9854021000 rw-p 00000000 00:00 0 
7f9854021000-7f9858000000 ---p 00000000 00:00 0 
7f9858000000-7f9858021000 rw-p 00000000 00:00 0 
7f9858021000-7f985c000000 ---p 00000000 00:00 0 
7f985c000000-7f985c021000 rw-p 00000000 00:00 0 
7f985c021000-7f9860000000 ---p 00000000 00:00 0 
7f9860000000-7f9860021000 rw-p 00000000 00:00 0 
7f9860021000-7f9864000000 ---p 00000000 00:00 0 
7f9864000000-7f9864021000 rw-p 00000000 00:00 0 
7f9864021000-7f9868000000 ---p 00000000 00:00 0 
7f9868000000-7f9868021000 rw-p 00000000 00:00 0 
7f9868021000-7f986c000000 ---p 00000000 00:00 0 
7f986c050000-7f986c1c7000 rw-p 00000000 00:00 0 
7f986c1c7000-7f986c1c8000 ---p 00000000 00:00 0 
7f986c1c8000-7f986c2c8000 rw-p 00000000 00:00 0 
7f986c2c8000-7f986c2c9000 ---p 00000000 00:00 0 
7f986c2c9000-7f986c407000 rw-p 00000000 00:00 0 
7f986c407000-7f986c7a4000 ---p 00000000 00:00 0 
7f986c7a4000-7f986c7e2000 rw-p 00000000 00:00 0 
7f986c7e2000-7f986cf5a000 ---p 00000000 00:00 0 
7f986cf5a000-7f986cf98000 rw-p 00000000 00:00 0 
7f986cf98000-7f986d335000 ---p 00000000 00:00 0 
7f986d335000-7f986d336000 ---p 00000000 00:00 0 
7f986d336000-7f986d436000 rw-p 00000000 00:00 0 
7f986d436000-7f986d437000 ---p 00000000 00:00 0 
7f986d437000-7f986d537000 rw-p 00000000 00:00 0 
7f986d537000-7f986d538000 ---p 00000000 00:00 0 
7f986d538000-7f986d638000 rw-p 00000000 00:00 0 
7f986d638000-7f986d639000 ---p 00000000 00:00 0 
7f986d639000-7f986d739000 rw-p 00000000 00:00 0 
7f986d739000-7f986d73a000 ---p 00000000 00:00 0 
7f986d73a000-7f986db3d000 rw-p 00000000 00:00 0 
7f986db3d000-7f986ddad000 rwxp 00000000 00:00 0 
7f986ddad000-7f986e0cd000 ---p 00000000 00:00 0 
7f986e0cd000-7f986e33d000 rwxp 00000000 00:00 0 
7f986e33d000-7f9875605000 ---p 00000000 00:00 0 
7f9875605000-7f9875875000 rwxp 00000000 00:00 0 
7f9875875000-7f987cb3d000 ---p 00000000 00:00 0 
7f987cb3d000-7f9888000000 r--s 00000000 08:0c 2889455                    /usr/lib/jvm/jdk-9.0.1/lib/modules
7f9888000000-7f9888626000 rw-p 00000000 00:00 0 
7f9888626000-7f988c000000 ---p 00000000 00:00 0 
7f988c01b000-7f988c177000 rw-p 00000000 00:00 0 
7f988c177000-7f988c178000 ---p 00000000 00:00 0 
7f988c178000-7f988c278000 rw-p 00000000 00:00 0 
7f988c278000-7f988c279000 ---p 00000000 00:00 0 
7f988c279000-7f988c379000 rw-p 00000000 00:00 0 
7f988c379000-7f988c37a000 ---p 00000000 00:00 0 
7f988c37a000-7f988c47a000 rw-p 00000000 00:00 0 
7f988c47a000-7f988c47b000 ---p 00000000 00:00 0 
7f988c47b000-7f988c580000 rw-p 00000000 00:00 0 
7f988c580000-7f988c666000 ---p 00000000 00:00 0 
7f988c666000-7f988c66b000 rw-p 00000000 00:00 0 
7f988c66b000-7f988c751000 ---p 00000000 00:00 0 
7f988c751000-7f988c76b000 r-xp 00000000 08:0c 2890135                    /usr/lib/jvm/jdk-9.0.1/lib/libjimage.so
7f988c76b000-7f988c96a000 ---p 0001a000 08:0c 2890135                    /usr/lib/jvm/jdk-9.0.1/lib/libjimage.so
7f988c96a000-7f988c96c000 rw-p 00019000 08:0c 2890135                    /usr/lib/jvm/jdk-9.0.1/lib/libjimage.so
7f988c96c000-7f988c97e000 rw-p 00000000 00:00 0 
7f988c97e000-7f988c985000 r-xp 00000000 08:0c 2890311                    /usr/lib/jvm/jdk-9.0.1/lib/libzip.so
7f988c985000-7f988cb84000 ---p 00007000 08:0c 2890311                    /usr/lib/jvm/jdk-9.0.1/lib/libzip.so
7f988cb84000-7f988cb85000 rw-p 00006000 08:0c 2890311                    /usr/lib/jvm/jdk-9.0.1/lib/libzip.so
7f988cb85000-7f988cb90000 r-xp 00000000 08:0c 4719234                    /lib/x86_64-linux-gnu/libnss_files-2.23.so
7f988cb90000-7f988cd8f000 ---p 0000b000 08:0c 4719234                    /lib/x86_64-linux-gnu/libnss_files-2.23.so
7f988cd8f000-7f988cd90000 r--p 0000a000 08:0c 4719234                    /lib/x86_64-linux-gnu/libnss_files-2.23.so
7f988cd90000-7f988cd91000 rw-p 0000b000 08:0c 4719234                    /lib/x86_64-linux-gnu/libnss_files-2.23.so
7f988cd91000-7f988cd97000 rw-p 00000000 00:00 0 
7f988cd97000-7f988cda2000 r-xp 00000000 08:0c 4719240                    /lib/x86_64-linux-gnu/libnss_nis-2.23.so
7f988cda2000-7f988cfa1000 ---p 0000b000 08:0c 4719240                    /lib/x86_64-linux-gnu/libnss_nis-2.23.so
7f988cfa1000-7f988cfa2000 r--p 0000a000 08:0c 4719240                    /lib/x86_64-linux-gnu/libnss_nis-2.23.so
7f988cfa2000-7f988cfa3000 rw-p 0000b000 08:0c 4719240                    /lib/x86_64-linux-gnu/libnss_nis-2.23.so
7f988cfa3000-7f988cfb9000 r-xp 00000000 08:0c 4719224                    /lib/x86_64-linux-gnu/libnsl-2.23.so
7f988cfb9000-7f988d1b8000 ---p 00016000 08:0c 4719224                    /lib/x86_64-linux-gnu/libnsl-2.23.so
7f988d1b8000-7f988d1b9000 r--p 00015000 08:0c 4719224                    /lib/x86_64-linux-gnu/libnsl-2.23.so
7f988d1b9000-7f988d1ba000 rw-p 00016000 08:0c 4719224                    /lib/x86_64-linux-gnu/libnsl-2.23.so
7f988d1ba000-7f988d1bc000 rw-p 00000000 00:00 0 
7f988d1bc000-7f988d1c4000 r-xp 00000000 08:0c 4719257                    /lib/x86_64-linux-gnu/libnss_compat-2.23.so
7f988d1c4000-7f988d3c3000 ---p 00008000 08:0c 4719257                    /lib/x86_64-linux-gnu/libnss_compat-2.23.so
7f988d3c3000-7f988d3c4000 r--p 00007000 08:0c 4719257                    /lib/x86_64-linux-gnu/libnss_compat-2.23.so
7f988d3c4000-7f988d3c5000 rw-p 00008000 08:0c 4719257                    /lib/x86_64-linux-gnu/libnss_compat-2.23.so
7f988d3c5000-7f988d3cf000 r-xp 00000000 08:0c 2890121                    /usr/lib/jvm/jdk-9.0.1/lib/libinstrument.so
7f988d3cf000-7f988d5ce000 ---p 0000a000 08:0c 2890121                    /usr/lib/jvm/jdk-9.0.1/lib/libinstrument.so
7f988d5ce000-7f988d5cf000 rw-p 00009000 08:0c 2890121                    /usr/lib/jvm/jdk-9.0.1/lib/libinstrument.so
7f988d5cf000-7f988d5fa000 r-xp 00000000 08:0c 2890074                    /usr/lib/jvm/jdk-9.0.1/lib/libjava.so
7f988d5fa000-7f988d7f9000 ---p 0002b000 08:0c 2890074                    /usr/lib/jvm/jdk-9.0.1/lib/libjava.so
7f988d7f9000-7f988d7fb000 rw-p 0002a000 08:0c 2890074                    /usr/lib/jvm/jdk-9.0.1/lib/libjava.so
7f988d7fb000-7f988d808000 r-xp 00000000 08:0c 2889468                    /usr/lib/jvm/jdk-9.0.1/lib/libverify.so
7f988d808000-7f988da07000 ---p 0000d000 08:0c 2889468                    /usr/lib/jvm/jdk-9.0.1/lib/libverify.so
7f988da07000-7f988da09000 rw-p 0000c000 08:0c 2889468                    /usr/lib/jvm/jdk-9.0.1/lib/libverify.so
7f988da09000-7f988da10000 r-xp 00000000 08:0c 4719244                    /lib/x86_64-linux-gnu/librt-2.23.so
7f988da10000-7f988dc0f000 ---p 00007000 08:0c 4719244                    /lib/x86_64-linux-gnu/librt-2.23.so
7f988dc0f000-7f988dc10000 r--p 00006000 08:0c 4719244                    /lib/x86_64-linux-gnu/librt-2.23.so
7f988dc10000-7f988dc11000 rw-p 00007000 08:0c 4719244                    /lib/x86_64-linux-gnu/librt-2.23.so
7f988dc11000-7f988dd19000 r-xp 00000000 08:0c 4719267                    /lib/x86_64-linux-gnu/libm-2.23.so
7f988dd19000-7f988df18000 ---p 00108000 08:0c 4719267                    /lib/x86_64-linux-gnu/libm-2.23.so
7f988df18000-7f988df19000 r--p 00107000 08:0c 4719267                    /lib/x86_64-linux-gnu/libm-2.23.so
7f988df19000-7f988df1a000 rw-p 00108000 08:0c 4719267                    /lib/x86_64-linux-gnu/libm-2.23.so
7f988df1a000-7f988ef2e000 r-xp 00000000 08:0c 2890298                    /usr/lib/jvm/jdk-9.0.1/lib/server/libjvm.so
7f988ef2e000-7f988f12e000 ---p 01014000 08:0c 2890298                    /usr/lib/jvm/jdk-9.0.1/lib/server/libjvm.so
7f988f12e000-7f988f1ff000 r--p 01014000 08:0c 2890298                    /usr/lib/jvm/jdk-9.0.1/lib/server/libjvm.so
7f988f1ff000-7f988f236000 rw-p 010e5000 08:0c 2890298                    /usr/lib/jvm/jdk-9.0.1/lib/server/libjvm.so
7f988f236000-7f988f29f000 rw-p 00000000 00:00 0 
7f988f29f000-7f988f45f000 r-xp 00000000 08:0c 4719274                    /lib/x86_64-linux-gnu/libc-2.23.so
7f988f45f000-7f988f65f000 ---p 001c0000 08:0c 4719274                    /lib/x86_64-linux-gnu/libc-2.23.so
7f988f65f000-7f988f663000 r--p 001c0000 08:0c 4719274                    /lib/x86_64-linux-gnu/libc-2.23.so
7f988f663000-7f988f665000 rw-p 001c4000 08:0c 4719274                    /lib/x86_64-linux-gnu/libc-2.23.so
7f988f665000-7f988f669000 rw-p 00000000 00:00 0 
7f988f669000-7f988f66c000 r-xp 00000000 08:0c 4719255                    /lib/x86_64-linux-gnu/libdl-2.23.so
7f988f66c000-7f988f86b000 ---p 00003000 08:0c 4719255                    /lib/x86_64-linux-gnu/libdl-2.23.so
7f988f86b000-7f988f86c000 r--p 00002000 08:0c 4719255                    /lib/x86_64-linux-gnu/libdl-2.23.so
7f988f86c000-7f988f86d000 rw-p 00003000 08:0c 4719255                    /lib/x86_64-linux-gnu/libdl-2.23.so
7f988f86d000-7f988f87b000 r-xp 00000000 08:0c 2889453                    /usr/lib/jvm/jdk-9.0.1/lib/jli/libjli.so
7f988f87b000-7f988fa7b000 ---p 0000e000 08:0c 2889453                    /usr/lib/jvm/jdk-9.0.1/lib/jli/libjli.so
7f988fa7b000-7f988fa7c000 rw-p 0000e000 08:0c 2889453                    /usr/lib/jvm/jdk-9.0.1/lib/jli/libjli.so
7f988fa7c000-7f988fa94000 r-xp 00000000 08:0c 4719238                    /lib/x86_64-linux-gnu/libpthread-2.23.so
7f988fa94000-7f988fc93000 ---p 00018000 08:0c 4719238                    /lib/x86_64-linux-gnu/libpthread-2.23.so
7f988fc93000-7f988fc94000 r--p 00017000 08:0c 4719238                    /lib/x86_64-linux-gnu/libpthread-2.23.so
7f988fc94000-7f988fc95000 rw-p 00018000 08:0c 4719238                    /lib/x86_64-linux-gnu/libpthread-2.23.so
7f988fc95000-7f988fc99000 rw-p 00000000 00:00 0 
7f988fc99000-7f988fcb2000 r-xp 00000000 08:0c 4718933                    /lib/x86_64-linux-gnu/libz.so.1.2.8
7f988fcb2000-7f988feb1000 ---p 00019000 08:0c 4718933                    /lib/x86_64-linux-gnu/libz.so.1.2.8
7f988feb1000-7f988feb2000 r--p 00018000 08:0c 4718933                    /lib/x86_64-linux-gnu/libz.so.1.2.8
7f988feb2000-7f988feb3000 rw-p 00019000 08:0c 4718933                    /lib/x86_64-linux-gnu/libz.so.1.2.8
7f988feb3000-7f988fed9000 r-xp 00000000 08:0c 4719226                    /lib/x86_64-linux-gnu/ld-2.23.so
7f988fee8000-7f988ffa6000 rw-p 00000000 00:00 0 
7f988ffa6000-7f988ffab000 ---p 00000000 00:00 0 
7f988ffab000-7f98900ac000 rw-p 00000000 00:00 0 
7f98900bc000-7f98900bd000 r-xp 00000000 00:00 0 
7f98900bd000-7f98900be000 rw-p 00000000 00:00 0 
7f98900be000-7f98900bf000 r-xp 00000000 00:00 0 
7f98900bf000-7f98900c5000 rw-p 00000000 00:00 0 
7f98900c5000-7f98900cc000 ---p 00000000 00:00 0 
7f98900cc000-7f98900d4000 rw-s 00000000 08:0c 2883642                    /tmp/hsperfdata_merrillm/3052
7f98900d4000-7f98900d5000 rw-p 00000000 00:00 0 
7f98900d5000-7f98900d6000 r--p 00000000 00:00 0 
7f98900d6000-7f98900d8000 rw-p 00000000 00:00 0 
7f98900d8000-7f98900d9000 r--p 00025000 08:0c 4719226                    /lib/x86_64-linux-gnu/ld-2.23.so
7f98900d9000-7f98900da000 rw-p 00026000 08:0c 4719226                    /lib/x86_64-linux-gnu/ld-2.23.so
7f98900da000-7f98900db000 rw-p 00000000 00:00 0 
7ffee8f9d000-7ffee8fbe000 rw-p 00000000 00:00 0                          [stack]
7ffee8feb000-7ffee8fed000 r--p 00000000 00:00 0                          [vvar]
7ffee8fed000-7ffee8fef000 r-xp 00000000 00:00 0                          [vdso]
ffffffffff600000-ffffffffff601000 r-xp 00000000 00:00 0                  [vsyscall]

VM Arguments:
jvm_args: -javaagent:/opt/idea-IU-172.3757.52/lib/idea_rt.jar=45817:/opt/idea-IU-172.3757.52/bin -Dfile.encoding=UTF-8 
java_command: io.javalanche.covfefe.CovfefeMain example.iloc
java_class_path (initial): /home/merrillm/cs/IdeaProjects/covfefe/target/classes:/home/merrillm/.m2/repository/junit/junit/4.12/junit-4.12.jar:/home/merrillm/.m2/repository/org/hamcrest/hamcrest-core/1.3/hamcrest-core-1.3.jar:/home/merrillm/.m2/repository/org/apache/commons/commons-lang3/3.5/commons-lang3-3.5.jar:/home/merrillm/.m2/repository/org/bytedeco/javacpp-presets/llvm-platform/3.9.0-1.3/llvm-platform-3.9.0-1.3.jar:/home/merrillm/.m2/repository/org/bytedeco/javacpp-presets/llvm/3.9.0-1.3/llvm-3.9.0-1.3-linux-x86.jar:/home/merrillm/.m2/repository/org/bytedeco/javacpp-presets/llvm/3.9.0-1.3/llvm-3.9.0-1.3-linux-x86_64.jar:/home/merrillm/.m2/repository/org/bytedeco/javacpp-presets/llvm/3.9.0-1.3/llvm-3.9.0-1.3-macosx-x86_64.jar:/home/merrillm/.m2/repository/org/bytedeco/javacpp-presets/llvm/3.9.0-1.3/llvm-3.9.0-1.3.jar:/home/merrillm/.m2/repository/org/bytedeco/javacpp/1.3/javacpp-1.3.jar
Launcher Type: SUN_STANDARD

Logging:
Log output configuration:
#0: stdout all=warning uptime,level,tags
#1: stderr all=off uptime,level,tags

Environment Variables:
JAVA_HOME=/usr/lib/jvm/java-8-oracle
PATH=/usr/local/cuda-8.0/bin:/usr/lib/nvidia-384/bin:/usr/local/heroku/bin:/home/merrillm/bin:/usr/local/sbin:/usr/local/bin:/usr/sbin:/usr/bin:/sbin:/bin:/usr/games:/usr/local/games:/snap/bin:/usr/lib/go/bin:/usr/lib/jvm/java-8-oracle/bin:/usr/lib/jvm/java-8-oracle/db/bin:/usr/lib/jvm/java-8-oracle/jre/bin:/home/merrillm/.rvm/bin
LD_LIBRARY_PATH=/opt/default-idea/bin:
SHELL=/bin/bash
DISPLAY=:0

Signal Handlers:
SIGSEGV: [libjvm.so+0xd4ce90], sa_mask[0]=11111111011111111101111111111110, sa_flags=SA_RESTART|SA_SIGINFO
SIGBUS: [libjvm.so+0xd4ce90], sa_mask[0]=11111111011111111101111111111110, sa_flags=SA_RESTART|SA_SIGINFO
SIGFPE: [libjvm.so+0xd4ce90], sa_mask[0]=11111111011111111101111111111110, sa_flags=SA_RESTART|SA_SIGINFO
SIGPIPE: [libjvm.so+0xb64460], sa_mask[0]=11111111011111111101111111111110, sa_flags=SA_RESTART|SA_SIGINFO
SIGXFSZ: [libjvm.so+0xb64460], sa_mask[0]=11111111011111111101111111111110, sa_flags=SA_RESTART|SA_SIGINFO
SIGILL: [libjvm.so+0xd4ce90], sa_mask[0]=11111111011111111101111111111110, sa_flags=SA_RESTART|SA_SIGINFO
SIGUSR2: [libjvm.so+0xb64320], sa_mask[0]=00100000000000000000000000000000, sa_flags=SA_RESTART|SA_SIGINFO
SIGHUP: [libjvm.so+0xb64530], sa_mask[0]=11111111011111111101111111111110, sa_flags=SA_RESTART|SA_SIGINFO
SIGINT: SIG_IGN, sa_mask[0]=00000000000000000000000000000000, sa_flags=none
SIGTERM: [libjvm.so+0xb64530], sa_mask[0]=11111111011111111101111111111110, sa_flags=SA_RESTART|SA_SIGINFO
SIGQUIT: [libjvm.so+0xb64530], sa_mask[0]=11111111011111111101111111111110, sa_flags=SA_RESTART|SA_SIGINFO


---------------  S Y S T E M  ---------------

OS:DISTRIB_ID=Ubuntu
DISTRIB_RELEASE=16.04
DISTRIB_CODENAME=xenial
DISTRIB_DESCRIPTION="Ubuntu 16.04.3 LTS"
uname:Linux 4.4.0-64-generic #85-Ubuntu SMP Mon Feb 20 11:50:30 UTC 2017 x86_64
libc:glibc 2.23 NPTL 2.23 
rlimit: STACK 8192k, CORE 0k, NPROC 30609, NOFILE 1048576, AS infinity
load average:0.97 0.78 0.62

/proc/meminfo:
MemTotal:        8080736 kB
MemFree:         2166332 kB
MemAvailable:    2908500 kB
Buffers:          123692 kB
Cached:          1170560 kB
SwapCached:        26432 kB
Active:          5142196 kB
Inactive:         479500 kB
Active(anon):    4453456 kB
Inactive(anon):   243920 kB
Active(file):     688740 kB
Inactive(file):   235580 kB
Unevictable:          32 kB
Mlocked:              32 kB
SwapTotal:      16777212 kB
SwapFree:       16474812 kB
Dirty:             29820 kB
Writeback:             0 kB
AnonPages:       4302604 kB
Mapped:           586328 kB
Shmem:            369932 kB
Slab:             128660 kB
SReclaimable:      76484 kB
SUnreclaim:        52176 kB
KernelStack:       15424 kB
PageTables:        65212 kB
NFS_Unstable:          0 kB
Bounce:                0 kB
WritebackTmp:          0 kB
CommitLimit:    20817580 kB
Committed_AS:   12370100 kB
VmallocTotal:   34359738367 kB
VmallocUsed:           0 kB
VmallocChunk:          0 kB
HardwareCorrupted:     0 kB
AnonHugePages:   2037760 kB
CmaTotal:              0 kB
CmaFree:               0 kB
HugePages_Total:       0
HugePages_Free:        0
HugePages_Rsvd:        0
HugePages_Surp:        0
Hugepagesize:       2048 kB
DirectMap4k:      784796 kB
DirectMap2M:     6461440 kB
DirectMap1G:     1048576 kB


CPU:total 4 (initial active 4) (2 cores per cpu, 2 threads per core) family 6 model 69 stepping 1, cmov, cx8, fxsr, mmx, sse, sse2, sse3, ssse3, sse4.1, sse4.2, popcnt, avx, avx2, aes, clmul, erms, lzcnt, ht, tsc, tscinvbit, bmi1, bmi2, fma
CPU Model and flags from /proc/cpuinfo:
model name	: Intel(R) Core(TM) i7-4510U CPU @ 2.00GHz
flags		: fpu vme de pse tsc msr pae mce cx8 apic sep mtrr pge mca cmov pat pse36 clflush dts acpi mmx fxsr sse sse2 ss ht tm pbe syscall nx pdpe1gb rdtscp lm constant_tsc arch_perfmon pebs bts rep_good nopl xtopology nonstop_tsc aperfmperf eagerfpu pni pclmulqdq dtes64 monitor ds_cpl vmx est tm2 ssse3 sdbg fma cx16 xtpr pdcm pcid sse4_1 sse4_2 movbe popcnt tsc_deadline_timer aes xsave avx f16c rdrand lahf_lm abm epb tpr_shadow vnmi flexpriority ept vpid fsgsbase tsc_adjust bmi1 avx2 smep bmi2 erms invpcid xsaveopt dtherm ida arat pln pts

Memory: 4k page, physical 8080736k(2166332k free), swap 16777212k(16474812k free)

vm_info: Java HotSpot(TM) 64-Bit Server VM (9.0.1+11) for linux-amd64 JRE (9.0.1+11), built on Sep 27 2017 20:48:27 by "mach5one" with gcc 4.9.2

END.
