#
# A fatal error has been detected by the Java Runtime Environment:
#
#  SIGSEGV (0xb) at pc=0x00007f6ef51018f1, pid=9636, tid=9639
#
# JRE version: Java(TM) SE Runtime Environment (9.0+11) (build 9.0.1+11)
# Java VM: Java HotSpot(TM) 64-Bit Server VM (9.0.1+11, mixed mode, tiered, compressed oops, g1 gc, linux-amd64)
# Problematic frame:
# C  [libLLVM-3.9.so+0x4af8f1]  llvm::ExtractElementInst::ExtractElementInst(llvm::Value*, llvm::Value*, llvm::Twine const&, llvm::Instruction*)+0x31
#
# Core dump will be written. Default location: Core dumps may be processed with "/usr/share/apport/apport %p %s %c %d %P" (or dumping to /home/merrillm/cs/IdeaProjects/covfefe/core.9636)
#
# If you would like to submit a bug report, please visit:
#   http://bugreport.java.com/bugreport/crash.jsp
# The crash happened outside the Java Virtual Machine in native code.
# See problematic frame for where to report the bug.
#

---------------  S U M M A R Y ------------

Command Line: -javaagent:/opt/idea-IU-172.3757.52/lib/idea_rt.jar=45696:/opt/idea-IU-172.3757.52/bin -Dfile.encoding=UTF-8 io.javalanche.covfefe.CovfefeMain example.iloc

Host: Intel(R) Core(TM) i7-4510U CPU @ 2.00GHz, 4 cores, 7G, Ubuntu 16.04.3 LTS
Time: Sat Dec  2 17:12:16 2017 PST elapsed time: 0 seconds (0d 0h 0m 0s)

---------------  T H R E A D  ---------------

Current thread (0x00007f6f44013800):  JavaThread "main" [_thread_in_native, id=9639, stack(0x00007f6f4a452000,0x00007f6f4a552000)]

Stack: [0x00007f6f4a452000,0x00007f6f4a552000],  sp=0x00007f6f4a550690,  free space=1017k
Native frames: (J=compiled Java code, A=aot compiled Java code, j=interpreted, Vv=VM code, C=native code)
C  [libLLVM-3.9.so+0x4af8f1]  llvm::ExtractElementInst::ExtractElementInst(llvm::Value*, llvm::Value*, llvm::Twine const&, llvm::Instruction*)+0x31

Java frames: (J=compiled Java code, j=interpreted, Vv=VM code)
j  org.bytedeco.javacpp.LLVM.LLVMBuildExtractElement(Lorg/bytedeco/javacpp/LLVM$LLVMBuilderRef;Lorg/bytedeco/javacpp/LLVM$LLVMValueRef;Lorg/bytedeco/javacpp/LLVM$LLVMValueRef;Ljava/lang/String;)Lorg/bytedeco/javacpp/LLVM$LLVMValueRef;+0
j  io.javalanche.covfefe.MemoryManager.loadMem(Lio/javalanche/covfefe/CompileContext;Lorg/bytedeco/javacpp/LLVM$LLVMValueRef;)Lorg/bytedeco/javacpp/LLVM$LLVMValueRef;+10
j  io.javalanche.covfefe.instructions.InstructionLoad.loadAI(Lio/javalanche/covfefe/CompileContext;Ljava/lang/String;)V+16
j  io.javalanche.covfefe.instructions.InstructionEmitter$$Lambda$35.sink(Lio/javalanche/covfefe/CompileContext;Ljava/lang/String;)V+2
j  io.javalanche.covfefe.CovfefeMain.parse(Ljava/util/List;)Lio/javalanche/covfefe/CompileContext;+313
j  io.javalanche.covfefe.CovfefeMain.main([Ljava/lang/String;)V+33
v  ~StubRoutines::call_stub

siginfo: si_signo: 11 (SIGSEGV), si_code: 1 (SEGV_MAPERR), si_addr: 0x0000000000000000

Register to memory mapping:

RAX=0x0000000000000000 is an unknown value
RBX=0x00007f6f44405790 is an unknown value
RCX=0x00007f6f44405760 is an unknown value
RDX=0x000000000000003b is an unknown value
RSP=0x00007f6f4a550690 is pointing into the stack for thread: 0x00007f6f44013800
RBP=0x00007f6f444053b0 is an unknown value
RSI=0x00007f6f444053b0 is an unknown value
RDI=0x00007f6f44405790 is an unknown value
R8 =0x0000000000000002 is an unknown value
R9 =0x0000000000000000 is an unknown value
R10=0x0000000000003c07 is an unknown value
R11=0x00007f6ef51018c0: _ZN4llvm18ExtractElementInstC2EPNS_5ValueES2_RKNS_5TwineEPNS_11InstructionE+0x0000000000000000 in /home/merrillm/.javacpp/cache/llvm-3.9.0-1.3-linux-x86_64.jar/org/bytedeco/javacpp/linux-x86_64/libLLVM-3.9.so at 0x00007f6ef4c52000
R12=0x00007f6f44401068 is an unknown value
R13=0x00007f6f4a5506e0 is pointing into the stack for thread: 0x00007f6f44013800
R14=0x00007f6f44405760 is an unknown value
R15=0x00007f6f4a550810 is pointing into the stack for thread: 0x00007f6f44013800


Registers:
RAX=0x0000000000000000, RBX=0x00007f6f44405790, RCX=0x00007f6f44405760, RDX=0x000000000000003b
RSP=0x00007f6f4a550690, RBP=0x00007f6f444053b0, RSI=0x00007f6f444053b0, RDI=0x00007f6f44405790
R8 =0x0000000000000002, R9 =0x0000000000000000, R10=0x0000000000003c07, R11=0x00007f6ef51018c0
R12=0x00007f6f44401068, R13=0x00007f6f4a5506e0, R14=0x00007f6f44405760, R15=0x00007f6f4a550810
RIP=0x00007f6ef51018f1, EFLAGS=0x0000000000010206, CSGSFS=0x0000000000000033, ERR=0x0000000000000004
  TRAPNO=0x000000000000000e

Top of Stack: (sp=0x00007f6f4a550690)
0x00007f6f4a550690:   00007f6f44405790 00007f6f444053b0
0x00007f6f4a5506a0:   00007f6f44401068 00007f6f443fb070
0x00007f6f4a5506b0:   00007f6f44401068 00007f6ef50bc9a7
0x00007f6f4a5506c0:   00007f6f44405510 00007f6f44405510 

Instructions: (pc=0x00007f6ef51018f1)
0x00007f6ef51018d1:   49 89 cd 4c 89 f1 41 54 49 89 d4 ba 3b 00 00 00
0x00007f6ef51018e1:   55 48 89 f5 53 48 8b 46 08 48 89 fb 48 8b 40 10
0x00007f6ef51018f1:   48 8b 30 e8 a7 a9 ea ff 48 8b 05 18 3b 6b 01 48
0x00007f6ef5101901:   83 c0 10 48 83 7b d0 00 48 89 03 74 26 48 8b 53 


---------------  P R O C E S S  ---------------

Java Threads: ( => current thread )
  0x00007f6f443f8000 JavaThread "JavaCPP Deallocator" daemon [_thread_blocked, id=9685, stack(0x00007f6ef40da000,0x00007f6ef41db000)]
  0x00007f6f442f0000 JavaThread "Service Thread" daemon [_thread_blocked, id=9683, stack(0x00007f6ef68f8000,0x00007f6ef69f9000)]
  0x00007f6f442ef000 JavaThread "Monitor Ctrl-Break" daemon [_thread_in_native, id=9682, stack(0x00007f6ef69f9000,0x00007f6ef6afa000)]
  0x00007f6f441da000 JavaThread "Common-Cleaner" daemon [_thread_blocked, id=9673, stack(0x00007f6ef6afa000,0x00007f6ef6bfb000)]
  0x00007f6f4418d800 JavaThread "Sweeper thread" daemon [_thread_blocked, id=9671, stack(0x00007f6ef7023000,0x00007f6ef7124000)]
  0x00007f6f4418b800 JavaThread "C1 CompilerThread2" daemon [_thread_blocked, id=9670, stack(0x00007f6ef7124000,0x00007f6ef7225000)]
  0x00007f6f44189800 JavaThread "C2 CompilerThread1" daemon [_thread_blocked, id=9669, stack(0x00007f6ef7225000,0x00007f6ef7326000)]
  0x00007f6f44187800 JavaThread "C2 CompilerThread0" daemon [_thread_blocked, id=9668, stack(0x00007f6ef7326000,0x00007f6ef7427000)]
  0x00007f6f44185800 JavaThread "Signal Dispatcher" daemon [_thread_blocked, id=9667, stack(0x00007f6ef7427000,0x00007f6ef7528000)]
  0x00007f6f4416a800 JavaThread "Finalizer" daemon [_thread_blocked, id=9664, stack(0x00007f6efc027000,0x00007f6efc128000)]
  0x00007f6f44162800 JavaThread "Reference Handler" daemon [_thread_blocked, id=9663, stack(0x00007f6f180ab000,0x00007f6f181ac000)]
=>0x00007f6f44013800 JavaThread "main" [_thread_in_native, id=9639, stack(0x00007f6f4a452000,0x00007f6f4a552000)]

Other Threads:
  0x00007f6f44158800 VMThread "VM Thread" [stack: 0x00007f6f181ad000,0x00007f6f182ad000] [id=9662]
  0x00007f6f442f6800 WatcherThread [stack: 0x00007f6ef67f8000,0x00007f6ef68f8000] [id=9684]
  0x00007f6f4402b000 GCTaskThread "GC Thread#0" [stack: 0x00007f6f283a7000,0x00007f6f284a7000] [id=9640]
  0x00007f6f4402c000 GCTaskThread "GC Thread#1" [stack: 0x00007f6f282a6000,0x00007f6f283a6000] [id=9641]
  0x00007f6f4402e000 GCTaskThread "GC Thread#2" [stack: 0x00007f6f281a5000,0x00007f6f282a5000] [id=9642]
  0x00007f6f4402f800 GCTaskThread "GC Thread#3" [stack: 0x00007f6f280a4000,0x00007f6f281a4000] [id=9643]
  0x00007f6f4405e000 ConcurrentGCThread "G1 Main Marker" [stack: 0x00007f6f187b3000,0x00007f6f188b3000] [id=9653]
  0x00007f6f44060000 ConcurrentGCThread "G1 Marker#0" [stack: 0x00007f6f186b2000,0x00007f6f187b2000] [id=9655]
  0x00007f6f44037000 ConcurrentGCThread "G1 Refine#0" [stack: 0x00007f6f1b7f9000,0x00007f6f1b8f9000] [id=9649]
  0x00007f6f44035800 ConcurrentGCThread "G1 Refine#1" [stack: 0x00007f6f1b8fa000,0x00007f6f1b9fa000] [id=9648]
  0x00007f6f44033800 ConcurrentGCThread "G1 Refine#2" [stack: 0x00007f6f1b9fb000,0x00007f6f1bafb000] [id=9646]
  0x00007f6f44031800 ConcurrentGCThread "G1 Refine#3" [stack: 0x00007f6f1bafc000,0x00007f6f1bbfc000] [id=9645]
  0x00007f6f44039000 ConcurrentGCThread "G1 Young RemSet Sampling" [stack: 0x00007f6f1b6f8000,0x00007f6f1b7f8000] [id=9651]

Threads with active compile tasks:

VM state:not at safepoint (normal execution)

VM Mutex/Monitor currently owned by a thread: None

Heap address: 0x0000000084a00000, size: 1974 MB, Compressed Oops mode: 32-bit
Narrow klass base: 0x0000000000000000, Narrow klass shift: 3
Compressed class space size: 1073741824 Address: 0x0000000100000000

Heap:
 garbage-first heap   total 126976K, used 8192K [0x0000000084a00000, 0x0000000084b003e0, 0x0000000100000000)
  region size 1024K, 9 young (9216K), 0 survivors (0K)
 Metaspace       used 8943K, capacity 9178K, committed 9344K, reserved 1058816K
  class space    used 813K, capacity 889K, committed 896K, reserved 1048576K
Heap Regions: E=young(eden), S=young(survivor), O=old, HS=humongous(starts), HC=humongous(continues), CS=collection set, F=free, A=archive, TS=gc time stamp, AC=allocation context, TAMS=top-at-mark-start (previous, next)
|   0|0x0000000084a00000, 0x0000000084a00000, 0x0000000084b00000|  0%| F|  |TS  0|AC  0|TAMS 0x0000000084a00000, 0x0000000084a00000|
|   1|0x0000000084b00000, 0x0000000084b00000, 0x0000000084c00000|  0%| F|  |TS  0|AC  0|TAMS 0x0000000084b00000, 0x0000000084b00000|
|   2|0x0000000084c00000, 0x0000000084c00000, 0x0000000084d00000|  0%| F|  |TS  0|AC  0|TAMS 0x0000000084c00000, 0x0000000084c00000|
|   3|0x0000000084d00000, 0x0000000084d00000, 0x0000000084e00000|  0%| F|  |TS  0|AC  0|TAMS 0x0000000084d00000, 0x0000000084d00000|
|   4|0x0000000084e00000, 0x0000000084e00000, 0x0000000084f00000|  0%| F|  |TS  0|AC  0|TAMS 0x0000000084e00000, 0x0000000084e00000|
|   5|0x0000000084f00000, 0x0000000084f00000, 0x0000000085000000|  0%| F|  |TS  0|AC  0|TAMS 0x0000000084f00000, 0x0000000084f00000|
|   6|0x0000000085000000, 0x0000000085000000, 0x0000000085100000|  0%| F|  |TS  0|AC  0|TAMS 0x0000000085000000, 0x0000000085000000|
|   7|0x0000000085100000, 0x0000000085100000, 0x0000000085200000|  0%| F|  |TS  0|AC  0|TAMS 0x0000000085100000, 0x0000000085100000|
|   8|0x0000000085200000, 0x0000000085200000, 0x0000000085300000|  0%| F|  |TS  0|AC  0|TAMS 0x0000000085200000, 0x0000000085200000|
|   9|0x0000000085300000, 0x0000000085300000, 0x0000000085400000|  0%| F|  |TS  0|AC  0|TAMS 0x0000000085300000, 0x0000000085300000|
|  10|0x0000000085400000, 0x0000000085400000, 0x0000000085500000|  0%| F|  |TS  0|AC  0|TAMS 0x0000000085400000, 0x0000000085400000|
|  11|0x0000000085500000, 0x0000000085500000, 0x0000000085600000|  0%| F|  |TS  0|AC  0|TAMS 0x0000000085500000, 0x0000000085500000|
|  12|0x0000000085600000, 0x0000000085600000, 0x0000000085700000|  0%| F|  |TS  0|AC  0|TAMS 0x0000000085600000, 0x0000000085600000|
|  13|0x0000000085700000, 0x0000000085700000, 0x0000000085800000|  0%| F|  |TS  0|AC  0|TAMS 0x0000000085700000, 0x0000000085700000|
|  14|0x0000000085800000, 0x0000000085800000, 0x0000000085900000|  0%| F|  |TS  0|AC  0|TAMS 0x0000000085800000, 0x0000000085800000|
|  15|0x0000000085900000, 0x0000000085900000, 0x0000000085a00000|  0%| F|  |TS  0|AC  0|TAMS 0x0000000085900000, 0x0000000085900000|
|  16|0x0000000085a00000, 0x0000000085a00000, 0x0000000085b00000|  0%| F|  |TS  0|AC  0|TAMS 0x0000000085a00000, 0x0000000085a00000|
|  17|0x0000000085b00000, 0x0000000085b00000, 0x0000000085c00000|  0%| F|  |TS  0|AC  0|TAMS 0x0000000085b00000, 0x0000000085b00000|
|  18|0x0000000085c00000, 0x0000000085c00000, 0x0000000085d00000|  0%| F|  |TS  0|AC  0|TAMS 0x0000000085c00000, 0x0000000085c00000|
|  19|0x0000000085d00000, 0x0000000085d00000, 0x0000000085e00000|  0%| F|  |TS  0|AC  0|TAMS 0x0000000085d00000, 0x0000000085d00000|
|  20|0x0000000085e00000, 0x0000000085e00000, 0x0000000085f00000|  0%| F|  |TS  0|AC  0|TAMS 0x0000000085e00000, 0x0000000085e00000|
|  21|0x0000000085f00000, 0x0000000085f00000, 0x0000000086000000|  0%| F|  |TS  0|AC  0|TAMS 0x0000000085f00000, 0x0000000085f00000|
|  22|0x0000000086000000, 0x0000000086000000, 0x0000000086100000|  0%| F|  |TS  0|AC  0|TAMS 0x0000000086000000, 0x0000000086000000|
|  23|0x0000000086100000, 0x0000000086100000, 0x0000000086200000|  0%| F|  |TS  0|AC  0|TAMS 0x0000000086100000, 0x0000000086100000|
|  24|0x0000000086200000, 0x0000000086200000, 0x0000000086300000|  0%| F|  |TS  0|AC  0|TAMS 0x0000000086200000, 0x0000000086200000|
|  25|0x0000000086300000, 0x0000000086300000, 0x0000000086400000|  0%| F|  |TS  0|AC  0|TAMS 0x0000000086300000, 0x0000000086300000|
|  26|0x0000000086400000, 0x0000000086400000, 0x0000000086500000|  0%| F|  |TS  0|AC  0|TAMS 0x0000000086400000, 0x0000000086400000|
|  27|0x0000000086500000, 0x0000000086500000, 0x0000000086600000|  0%| F|  |TS  0|AC  0|TAMS 0x0000000086500000, 0x0000000086500000|
|  28|0x0000000086600000, 0x0000000086600000, 0x0000000086700000|  0%| F|  |TS  0|AC  0|TAMS 0x0000000086600000, 0x0000000086600000|
|  29|0x0000000086700000, 0x0000000086700000, 0x0000000086800000|  0%| F|  |TS  0|AC  0|TAMS 0x0000000086700000, 0x0000000086700000|
|  30|0x0000000086800000, 0x0000000086800000, 0x0000000086900000|  0%| F|  |TS  0|AC  0|TAMS 0x0000000086800000, 0x0000000086800000|
|  31|0x0000000086900000, 0x0000000086900000, 0x0000000086a00000|  0%| F|  |TS  0|AC  0|TAMS 0x0000000086900000, 0x0000000086900000|
|  32|0x0000000086a00000, 0x0000000086a00000, 0x0000000086b00000|  0%| F|  |TS  0|AC  0|TAMS 0x0000000086a00000, 0x0000000086a00000|
|  33|0x0000000086b00000, 0x0000000086b00000, 0x0000000086c00000|  0%| F|  |TS  0|AC  0|TAMS 0x0000000086b00000, 0x0000000086b00000|
|  34|0x0000000086c00000, 0x0000000086c00000, 0x0000000086d00000|  0%| F|  |TS  0|AC  0|TAMS 0x0000000086c00000, 0x0000000086c00000|
|  35|0x0000000086d00000, 0x0000000086d00000, 0x0000000086e00000|  0%| F|  |TS  0|AC  0|TAMS 0x0000000086d00000, 0x0000000086d00000|
|  36|0x0000000086e00000, 0x0000000086e00000, 0x0000000086f00000|  0%| F|  |TS  0|AC  0|TAMS 0x0000000086e00000, 0x0000000086e00000|
|  37|0x0000000086f00000, 0x0000000086f00000, 0x0000000087000000|  0%| F|  |TS  0|AC  0|TAMS 0x0000000086f00000, 0x0000000086f00000|
|  38|0x0000000087000000, 0x0000000087000000, 0x0000000087100000|  0%| F|  |TS  0|AC  0|TAMS 0x0000000087000000, 0x0000000087000000|
|  39|0x0000000087100000, 0x0000000087100000, 0x0000000087200000|  0%| F|  |TS  0|AC  0|TAMS 0x0000000087100000, 0x0000000087100000|
|  40|0x0000000087200000, 0x0000000087200000, 0x0000000087300000|  0%| F|  |TS  0|AC  0|TAMS 0x0000000087200000, 0x0000000087200000|
|  41|0x0000000087300000, 0x0000000087300000, 0x0000000087400000|  0%| F|  |TS  0|AC  0|TAMS 0x0000000087300000, 0x0000000087300000|
|  42|0x0000000087400000, 0x0000000087400000, 0x0000000087500000|  0%| F|  |TS  0|AC  0|TAMS 0x0000000087400000, 0x0000000087400000|
|  43|0x0000000087500000, 0x0000000087500000, 0x0000000087600000|  0%| F|  |TS  0|AC  0|TAMS 0x0000000087500000, 0x0000000087500000|
|  44|0x0000000087600000, 0x0000000087600000, 0x0000000087700000|  0%| F|  |TS  0|AC  0|TAMS 0x0000000087600000, 0x0000000087600000|
|  45|0x0000000087700000, 0x0000000087700000, 0x0000000087800000|  0%| F|  |TS  0|AC  0|TAMS 0x0000000087700000, 0x0000000087700000|
|  46|0x0000000087800000, 0x0000000087800000, 0x0000000087900000|  0%| F|  |TS  0|AC  0|TAMS 0x0000000087800000, 0x0000000087800000|
|  47|0x0000000087900000, 0x0000000087900000, 0x0000000087a00000|  0%| F|  |TS  0|AC  0|TAMS 0x0000000087900000, 0x0000000087900000|
|  48|0x0000000087a00000, 0x0000000087a00000, 0x0000000087b00000|  0%| F|  |TS  0|AC  0|TAMS 0x0000000087a00000, 0x0000000087a00000|
|  49|0x0000000087b00000, 0x0000000087b00000, 0x0000000087c00000|  0%| F|  |TS  0|AC  0|TAMS 0x0000000087b00000, 0x0000000087b00000|
|  50|0x0000000087c00000, 0x0000000087c00000, 0x0000000087d00000|  0%| F|  |TS  0|AC  0|TAMS 0x0000000087c00000, 0x0000000087c00000|
|  51|0x0000000087d00000, 0x0000000087d00000, 0x0000000087e00000|  0%| F|  |TS  0|AC  0|TAMS 0x0000000087d00000, 0x0000000087d00000|
|  52|0x0000000087e00000, 0x0000000087e00000, 0x0000000087f00000|  0%| F|  |TS  0|AC  0|TAMS 0x0000000087e00000, 0x0000000087e00000|
|  53|0x0000000087f00000, 0x0000000087f00000, 0x0000000088000000|  0%| F|  |TS  0|AC  0|TAMS 0x0000000087f00000, 0x0000000087f00000|
|  54|0x0000000088000000, 0x0000000088000000, 0x0000000088100000|  0%| F|  |TS  0|AC  0|TAMS 0x0000000088000000, 0x0000000088000000|
|  55|0x0000000088100000, 0x0000000088100000, 0x0000000088200000|  0%| F|  |TS  0|AC  0|TAMS 0x0000000088100000, 0x0000000088100000|
|  56|0x0000000088200000, 0x0000000088200000, 0x0000000088300000|  0%| F|  |TS  0|AC  0|TAMS 0x0000000088200000, 0x0000000088200000|
|  57|0x0000000088300000, 0x0000000088300000, 0x0000000088400000|  0%| F|  |TS  0|AC  0|TAMS 0x0000000088300000, 0x0000000088300000|
|  58|0x0000000088400000, 0x0000000088400000, 0x0000000088500000|  0%| F|  |TS  0|AC  0|TAMS 0x0000000088400000, 0x0000000088400000|
|  59|0x0000000088500000, 0x0000000088500000, 0x0000000088600000|  0%| F|  |TS  0|AC  0|TAMS 0x0000000088500000, 0x0000000088500000|
|  60|0x0000000088600000, 0x0000000088600000, 0x0000000088700000|  0%| F|  |TS  0|AC  0|TAMS 0x0000000088600000, 0x0000000088600000|
|  61|0x0000000088700000, 0x0000000088700000, 0x0000000088800000|  0%| F|  |TS  0|AC  0|TAMS 0x0000000088700000, 0x0000000088700000|
|  62|0x0000000088800000, 0x0000000088800000, 0x0000000088900000|  0%| F|  |TS  0|AC  0|TAMS 0x0000000088800000, 0x0000000088800000|
|  63|0x0000000088900000, 0x0000000088900000, 0x0000000088a00000|  0%| F|  |TS  0|AC  0|TAMS 0x0000000088900000, 0x0000000088900000|
|  64|0x0000000088a00000, 0x0000000088a00000, 0x0000000088b00000|  0%| F|  |TS  0|AC  0|TAMS 0x0000000088a00000, 0x0000000088a00000|
|  65|0x0000000088b00000, 0x0000000088b00000, 0x0000000088c00000|  0%| F|  |TS  0|AC  0|TAMS 0x0000000088b00000, 0x0000000088b00000|
|  66|0x0000000088c00000, 0x0000000088c00000, 0x0000000088d00000|  0%| F|  |TS  0|AC  0|TAMS 0x0000000088c00000, 0x0000000088c00000|
|  67|0x0000000088d00000, 0x0000000088d00000, 0x0000000088e00000|  0%| F|  |TS  0|AC  0|TAMS 0x0000000088d00000, 0x0000000088d00000|
|  68|0x0000000088e00000, 0x0000000088e00000, 0x0000000088f00000|  0%| F|  |TS  0|AC  0|TAMS 0x0000000088e00000, 0x0000000088e00000|
|  69|0x0000000088f00000, 0x0000000088f00000, 0x0000000089000000|  0%| F|  |TS  0|AC  0|TAMS 0x0000000088f00000, 0x0000000088f00000|
|  70|0x0000000089000000, 0x0000000089000000, 0x0000000089100000|  0%| F|  |TS  0|AC  0|TAMS 0x0000000089000000, 0x0000000089000000|
|  71|0x0000000089100000, 0x0000000089100000, 0x0000000089200000|  0%| F|  |TS  0|AC  0|TAMS 0x0000000089100000, 0x0000000089100000|
|  72|0x0000000089200000, 0x0000000089200000, 0x0000000089300000|  0%| F|  |TS  0|AC  0|TAMS 0x0000000089200000, 0x0000000089200000|
|  73|0x0000000089300000, 0x0000000089300000, 0x0000000089400000|  0%| F|  |TS  0|AC  0|TAMS 0x0000000089300000, 0x0000000089300000|
|  74|0x0000000089400000, 0x0000000089400000, 0x0000000089500000|  0%| F|  |TS  0|AC  0|TAMS 0x0000000089400000, 0x0000000089400000|
|  75|0x0000000089500000, 0x0000000089500000, 0x0000000089600000|  0%| F|  |TS  0|AC  0|TAMS 0x0000000089500000, 0x0000000089500000|
|  76|0x0000000089600000, 0x0000000089600000, 0x0000000089700000|  0%| F|  |TS  0|AC  0|TAMS 0x0000000089600000, 0x0000000089600000|
|  77|0x0000000089700000, 0x0000000089700000, 0x0000000089800000|  0%| F|  |TS  0|AC  0|TAMS 0x0000000089700000, 0x0000000089700000|
|  78|0x0000000089800000, 0x0000000089800000, 0x0000000089900000|  0%| F|  |TS  0|AC  0|TAMS 0x0000000089800000, 0x0000000089800000|
|  79|0x0000000089900000, 0x0000000089900000, 0x0000000089a00000|  0%| F|  |TS  0|AC  0|TAMS 0x0000000089900000, 0x0000000089900000|
|  80|0x0000000089a00000, 0x0000000089a00000, 0x0000000089b00000|  0%| F|  |TS  0|AC  0|TAMS 0x0000000089a00000, 0x0000000089a00000|
|  81|0x0000000089b00000, 0x0000000089b00000, 0x0000000089c00000|  0%| F|  |TS  0|AC  0|TAMS 0x0000000089b00000, 0x0000000089b00000|
|  82|0x0000000089c00000, 0x0000000089c00000, 0x0000000089d00000|  0%| F|  |TS  0|AC  0|TAMS 0x0000000089c00000, 0x0000000089c00000|
|  83|0x0000000089d00000, 0x0000000089d00000, 0x0000000089e00000|  0%| F|  |TS  0|AC  0|TAMS 0x0000000089d00000, 0x0000000089d00000|
|  84|0x0000000089e00000, 0x0000000089e00000, 0x0000000089f00000|  0%| F|  |TS  0|AC  0|TAMS 0x0000000089e00000, 0x0000000089e00000|
|  85|0x0000000089f00000, 0x0000000089f00000, 0x000000008a000000|  0%| F|  |TS  0|AC  0|TAMS 0x0000000089f00000, 0x0000000089f00000|
|  86|0x000000008a000000, 0x000000008a000000, 0x000000008a100000|  0%| F|  |TS  0|AC  0|TAMS 0x000000008a000000, 0x000000008a000000|
|  87|0x000000008a100000, 0x000000008a100000, 0x000000008a200000|  0%| F|  |TS  0|AC  0|TAMS 0x000000008a100000, 0x000000008a100000|
|  88|0x000000008a200000, 0x000000008a200000, 0x000000008a300000|  0%| F|  |TS  0|AC  0|TAMS 0x000000008a200000, 0x000000008a200000|
|  89|0x000000008a300000, 0x000000008a300000, 0x000000008a400000|  0%| F|  |TS  0|AC  0|TAMS 0x000000008a300000, 0x000000008a300000|
|  90|0x000000008a400000, 0x000000008a400000, 0x000000008a500000|  0%| F|  |TS  0|AC  0|TAMS 0x000000008a400000, 0x000000008a400000|
|  91|0x000000008a500000, 0x000000008a500000, 0x000000008a600000|  0%| F|  |TS  0|AC  0|TAMS 0x000000008a500000, 0x000000008a500000|
|  92|0x000000008a600000, 0x000000008a600000, 0x000000008a700000|  0%| F|  |TS  0|AC  0|TAMS 0x000000008a600000, 0x000000008a600000|
|  93|0x000000008a700000, 0x000000008a700000, 0x000000008a800000|  0%| F|  |TS  0|AC  0|TAMS 0x000000008a700000, 0x000000008a700000|
|  94|0x000000008a800000, 0x000000008a800000, 0x000000008a900000|  0%| F|  |TS  0|AC  0|TAMS 0x000000008a800000, 0x000000008a800000|
|  95|0x000000008a900000, 0x000000008a900000, 0x000000008aa00000|  0%| F|  |TS  0|AC  0|TAMS 0x000000008a900000, 0x000000008a900000|
|  96|0x000000008aa00000, 0x000000008aa00000, 0x000000008ab00000|  0%| F|  |TS  0|AC  0|TAMS 0x000000008aa00000, 0x000000008aa00000|
|  97|0x000000008ab00000, 0x000000008ab00000, 0x000000008ac00000|  0%| F|  |TS  0|AC  0|TAMS 0x000000008ab00000, 0x000000008ab00000|
|  98|0x000000008ac00000, 0x000000008ac00000, 0x000000008ad00000|  0%| F|  |TS  0|AC  0|TAMS 0x000000008ac00000, 0x000000008ac00000|
|  99|0x000000008ad00000, 0x000000008ad00000, 0x000000008ae00000|  0%| F|  |TS  0|AC  0|TAMS 0x000000008ad00000, 0x000000008ad00000|
| 100|0x000000008ae00000, 0x000000008ae00000, 0x000000008af00000|  0%| F|  |TS  0|AC  0|TAMS 0x000000008ae00000, 0x000000008ae00000|
| 101|0x000000008af00000, 0x000000008af00000, 0x000000008b000000|  0%| F|  |TS  0|AC  0|TAMS 0x000000008af00000, 0x000000008af00000|
| 102|0x000000008b000000, 0x000000008b000000, 0x000000008b100000|  0%| F|  |TS  0|AC  0|TAMS 0x000000008b000000, 0x000000008b000000|
| 103|0x000000008b100000, 0x000000008b100000, 0x000000008b200000|  0%| F|  |TS  0|AC  0|TAMS 0x000000008b100000, 0x000000008b100000|
| 104|0x000000008b200000, 0x000000008b200000, 0x000000008b300000|  0%| F|  |TS  0|AC  0|TAMS 0x000000008b200000, 0x000000008b200000|
| 105|0x000000008b300000, 0x000000008b300000, 0x000000008b400000|  0%| F|  |TS  0|AC  0|TAMS 0x000000008b300000, 0x000000008b300000|
| 106|0x000000008b400000, 0x000000008b400000, 0x000000008b500000|  0%| F|  |TS  0|AC  0|TAMS 0x000000008b400000, 0x000000008b400000|
| 107|0x000000008b500000, 0x000000008b500000, 0x000000008b600000|  0%| F|  |TS  0|AC  0|TAMS 0x000000008b500000, 0x000000008b500000|
| 108|0x000000008b600000, 0x000000008b600000, 0x000000008b700000|  0%| F|  |TS  0|AC  0|TAMS 0x000000008b600000, 0x000000008b600000|
| 109|0x000000008b700000, 0x000000008b700000, 0x000000008b800000|  0%| F|  |TS  0|AC  0|TAMS 0x000000008b700000, 0x000000008b700000|
| 110|0x000000008b800000, 0x000000008b800000, 0x000000008b900000|  0%| F|  |TS  0|AC  0|TAMS 0x000000008b800000, 0x000000008b800000|
| 111|0x000000008b900000, 0x000000008b900000, 0x000000008ba00000|  0%| F|  |TS  0|AC  0|TAMS 0x000000008b900000, 0x000000008b900000|
| 112|0x000000008ba00000, 0x000000008ba00000, 0x000000008bb00000|  0%| F|  |TS  0|AC  0|TAMS 0x000000008ba00000, 0x000000008ba00000|
| 113|0x000000008bb00000, 0x000000008bb00000, 0x000000008bc00000|  0%| F|  |TS  0|AC  0|TAMS 0x000000008bb00000, 0x000000008bb00000|
| 114|0x000000008bc00000, 0x000000008bc00000, 0x000000008bd00000|  0%| F|  |TS  0|AC  0|TAMS 0x000000008bc00000, 0x000000008bc00000|
| 115|0x000000008bd00000, 0x000000008bdd7db8, 0x000000008be00000| 84%| E|  |TS  0|AC  0|TAMS 0x000000008bd00000, 0x000000008bd00000|
| 116|0x000000008be00000, 0x000000008bf00000, 0x000000008bf00000|100%| E|CS|TS  0|AC  0|TAMS 0x000000008be00000, 0x000000008be00000|
| 117|0x000000008bf00000, 0x000000008c000000, 0x000000008c000000|100%| E|CS|TS  0|AC  0|TAMS 0x000000008bf00000, 0x000000008bf00000|
| 118|0x000000008c000000, 0x000000008c100000, 0x000000008c100000|100%| E|CS|TS  0|AC  0|TAMS 0x000000008c000000, 0x000000008c000000|
| 119|0x000000008c100000, 0x000000008c200000, 0x000000008c200000|100%| E|CS|TS  0|AC  0|TAMS 0x000000008c100000, 0x000000008c100000|
| 120|0x000000008c200000, 0x000000008c300000, 0x000000008c300000|100%| E|CS|TS  0|AC  0|TAMS 0x000000008c200000, 0x000000008c200000|
| 121|0x000000008c300000, 0x000000008c400000, 0x000000008c400000|100%| E|CS|TS  0|AC  0|TAMS 0x000000008c300000, 0x000000008c300000|
| 122|0x000000008c400000, 0x000000008c500000, 0x000000008c500000|100%| E|CS|TS  0|AC  0|TAMS 0x000000008c400000, 0x000000008c400000|
| 123|0x000000008c500000, 0x000000008c600000, 0x000000008c600000|100%| E|CS|TS  0|AC  0|TAMS 0x000000008c500000, 0x000000008c500000|

Card table byte_map: [0x00007f6f1ab66000,0x00007f6f1af41000] byte_map_base: 0x00007f6f1a741000

Marking Bits (Prev, Next): (CMBitMap*) 0x00007f6f4405d620, (CMBitMap*) 0x00007f6f4405d658
 Prev Bits: [0x00007f6f188b3000, 0x00007f6f1a78b000)
 Next Bits: [0x00007f6efe128000, 0x00007f6f00000000)

Polling page: 0x00007f6f4a580000

CodeHeap 'non-profiled nmethods': size=120032Kb used=153Kb max_used=153Kb free=119878Kb
 bounds [0x00007f6f30145000, 0x00007f6f303b5000, 0x00007f6f3767d000]
CodeHeap 'profiled nmethods': size=120032Kb used=716Kb max_used=716Kb free=119315Kb
 bounds [0x00007f6f28c0d000, 0x00007f6f28e7d000, 0x00007f6f30145000]
CodeHeap 'non-nmethods': size=5696Kb used=1198Kb max_used=1223Kb free=4497Kb
 bounds [0x00007f6f2867d000, 0x00007f6f288ed000, 0x00007f6f28c0d000]
 total_blobs=1000 nmethods=519 adapters=277
 compilation: enabled

Compilation events (10 events):
Event: 0.386 Thread 0x00007f6f4418b800  515       1       java.io.File::getPath (5 bytes)
Event: 0.387 Thread 0x00007f6f4418b800 nmethod 515 0x00007f6f3016b410 code [0x00007f6f3016b5c0, 0x00007f6f3016b6d0]
Event: 0.387 Thread 0x00007f6f4418b800  516       3       java.util.regex.Pattern::has (15 bytes)
Event: 0.387 Thread 0x00007f6f4418b800 nmethod 516 0x00007f6f28cbef90 code [0x00007f6f28cbf140, 0x00007f6f28cbf2f0]
Event: 0.387 Thread 0x00007f6f4418b800  518       3       java.util.regex.Pattern::isSupplementary (20 bytes)
Event: 0.387 Thread 0x00007f6f4418b800 nmethod 518 0x00007f6f28cbf390 code [0x00007f6f28cbf540, 0x00007f6f28cbf810]
Event: 0.387 Thread 0x00007f6f4418b800  517       3       java.util.regex.Pattern::peek (26 bytes)
Event: 0.388 Thread 0x00007f6f4418b800 nmethod 517 0x00007f6f28cbf910 code [0x00007f6f28cbfae0, 0x00007f6f28cbfd88]
Event: 0.388 Thread 0x00007f6f4418b800  519       3       java.lang.reflect.Modifier::isProtected (12 bytes)
Event: 0.388 Thread 0x00007f6f4418b800 nmethod 519 0x00007f6f28cbfe90 code [0x00007f6f28cc0040, 0x00007f6f28cc01d0]

GC Heap History (0 events):
No events

Deoptimization events (1 events):
Event: 0.163 Thread 0x00007f6f442ef000 Uncommon trap: reason=unstable_if action=reinterpret pc=0x00007f6f30147714 method=java.lang.String.charAt(I)C @ 4 c2

Classes redefined (0 events):
No events

Internal exceptions (10 events):
Event: 0.226 Thread 0x00007f6f44013800 Exception <a 'java/lang/NoSuchMethodError'{0x000000008c1b8768}: java.lang.invoke.DirectMethodHandle$Holder.invokeStaticInit(Ljava/lang/Object;Ljava/lang/Object;Ljava/lang/Object;Ljava/lang/Object;)I> (0x000000008c1b8768) thrown at [/scratch/opt/mach5/meso
Event: 0.229 Thread 0x00007f6f44013800 Exception <a 'java/lang/NoSuchMethodError'{0x000000008c1c7e60}: java.lang.invoke.DirectMethodHandle$Holder.invokeInterface(Ljava/lang/Object;Ljava/lang/Object;)Ljava/lang/Object;> (0x000000008c1c7e60) thrown at [/scratch/opt/mach5/mesos/work_dir/slaves/e7
Event: 0.229 Thread 0x00007f6f44013800 Exception <a 'java/lang/IncompatibleClassChangeError'{0x000000008c1ca918}: Found class java.lang.Object, but interface was expected> (0x000000008c1ca918) thrown at [/scratch/opt/mach5/mesos/work_dir/slaves/e72b529e-af37-4c00-b29e-141f3b57348c-S1075/framew
Event: 0.230 Thread 0x00007f6f44013800 Exception <a 'java/lang/NoSuchMethodError'{0x000000008c1ce7f8}: java.lang.invoke.DirectMethodHandle$Holder.invokeStaticInit(Ljava/lang/Object;Ljava/lang/Object;)V> (0x000000008c1ce7f8) thrown at [/scratch/opt/mach5/mesos/work_dir/slaves/e72b529e-af37-4c00
Event: 0.233 Thread 0x00007f6f44013800 Exception <a 'java/lang/NoSuchMethodError'{0x000000008c1e1448}: java.lang.invoke.DirectMethodHandle$Holder.invokeStatic(Ljava/lang/Object;Ljava/lang/Object;)I> (0x000000008c1e1448) thrown at [/scratch/opt/mach5/mesos/work_dir/slaves/e72b529e-af37-4c00-b29
Event: 0.234 Thread 0x00007f6f44013800 Exception <a 'java/lang/NoSuchMethodError'{0x000000008c1e45f8}: java.lang.invoke.DirectMethodHandle$Holder.invokeStaticInit(Ljava/lang/Object;Ljava/lang/Object;)I> (0x000000008c1e45f8) thrown at [/scratch/opt/mach5/mesos/work_dir/slaves/e72b529e-af37-4c00
Event: 0.237 Thread 0x00007f6f44013800 Exception <a 'java/lang/NoSuchMethodError'{0x000000008c1ecb08}: java.lang.invoke.DirectMethodHandle$Holder.invokeInterface(Ljava/lang/Object;Ljava/lang/Object;Ljava/lang/Object;)I> (0x000000008c1ecb08) thrown at [/scratch/opt/mach5/mesos/work_dir/slaves/e
Event: 0.272 Thread 0x00007f6f44013800 Exception <a 'java/lang/NoSuchMethodError'{0x000000008c0c1418}: java.lang.Object.of([Ljava/lang/Object;)Ljava/util/stream/Stream;> (0x000000008c0c1418) thrown at [/scratch/opt/mach5/mesos/work_dir/slaves/e72b529e-af37-4c00-b29e-141f3b57348c-S1075/framewor
Event: 0.375 Thread 0x00007f6f44013800 Exception <a 'java/lang/NoSuchMethodError'{0x000000008bd4b7a8}: java.lang.invoke.DirectMethodHandle$Holder.invokeStatic(Ljava/lang/Object;Ljava/lang/Object;Ljava/lang/Object;)V> (0x000000008bd4b7a8) thrown at [/scratch/opt/mach5/mesos/work_dir/slaves/e72b
Event: 0.381 Thread 0x00007f6f44013800 Exception <a 'java/lang/NoSuchMethodError'{0x000000008bd70548}: java.lang.invoke.DirectMethodHandle$Holder.invokeStaticInit(Ljava/lang/Object;Ljava/lang/Object;Ljava/lang/Object;)V> (0x000000008bd70548) thrown at [/scratch/opt/mach5/mesos/work_dir/slaves/

Events (10 events):
Event: 0.386 loading class io/javalanche/covfefe/instructions/InstructionEmitter
Event: 0.386 loading class io/javalanche/covfefe/instructions/InstructionEmitter done
Event: 0.386 loading class java/util/regex/Pattern$BnM
Event: 0.386 loading class java/util/regex/Pattern$BnM done
Event: 0.387 loading class java/util/StringJoiner
Event: 0.387 loading class java/util/StringJoiner done
Event: 0.388 loading class java/util/regex/Pattern$SliceS
Event: 0.388 loading class java/util/regex/Pattern$SliceS done
Event: 0.388 loading class io/javalanche/covfefe/RegisterReferences
Event: 0.388 loading class io/javalanche/covfefe/RegisterReferences done


Dynamic libraries:
00400000-00401000 r-xp 00000000 08:0c 2889210                            /usr/lib/jvm/jdk-9.0.1/bin/java
00600000-00601000 rw-p 00000000 08:0c 2889210                            /usr/lib/jvm/jdk-9.0.1/bin/java
015bc000-015dd000 rw-p 00000000 00:00 0                                  [heap]
84a00000-8c600000 rw-p 00000000 00:00 0 
8c600000-100000000 ---p 00000000 00:00 0 
100000000-1000e0000 rw-p 00000000 00:00 0 
1000e0000-140000000 ---p 00000000 00:00 0 
7f6ebbe00000-7f6ebbe40000 rw-p 00000000 00:00 0 
7f6ebbe40000-7f6ebc000000 ---p 00000000 00:00 0 
7f6ebc000000-7f6ebc021000 rw-p 00000000 00:00 0 
7f6ebc021000-7f6ec0000000 ---p 00000000 00:00 0 
7f6ec0000000-7f6ec0021000 rw-p 00000000 00:00 0 
7f6ec0021000-7f6ec4000000 ---p 00000000 00:00 0 
7f6ec4000000-7f6ec4021000 rw-p 00000000 00:00 0 
7f6ec4021000-7f6ec8000000 ---p 00000000 00:00 0 
7f6ec8000000-7f6ec8021000 rw-p 00000000 00:00 0 
7f6ec8021000-7f6ecc000000 ---p 00000000 00:00 0 
7f6ecc000000-7f6ecc021000 rw-p 00000000 00:00 0 
7f6ecc021000-7f6ed0000000 ---p 00000000 00:00 0 
7f6ed0000000-7f6ed0021000 rw-p 00000000 00:00 0 
7f6ed0021000-7f6ed4000000 ---p 00000000 00:00 0 
7f6ed4000000-7f6ed4178000 rw-p 00000000 00:00 0 
7f6ed4178000-7f6ed8000000 ---p 00000000 00:00 0 
7f6ed8000000-7f6ed80c5000 rw-p 00000000 00:00 0 
7f6ed80c5000-7f6edc000000 ---p 00000000 00:00 0 
7f6edc000000-7f6edc021000 rw-p 00000000 00:00 0 
7f6edc021000-7f6ee0000000 ---p 00000000 00:00 0 
7f6ee0000000-7f6ee018f000 rw-p 00000000 00:00 0 
7f6ee018f000-7f6ee4000000 ---p 00000000 00:00 0 
7f6ee4000000-7f6ee4021000 rw-p 00000000 00:00 0 
7f6ee4021000-7f6ee8000000 ---p 00000000 00:00 0 
7f6ee8000000-7f6ee8021000 rw-p 00000000 00:00 0 
7f6ee8021000-7f6eec000000 ---p 00000000 00:00 0 
7f6eec000000-7f6eec021000 rw-p 00000000 00:00 0 
7f6eec021000-7f6ef0000000 ---p 00000000 00:00 0 
7f6ef0000000-7f6ef0021000 rw-p 00000000 00:00 0 
7f6ef0021000-7f6ef4000000 ---p 00000000 00:00 0 
7f6ef40da000-7f6ef40de000 ---p 00000000 00:00 0 
7f6ef40de000-7f6ef41db000 rw-p 00000000 00:00 0 
7f6ef41db000-7f6ef4294000 r-xp 00000000 08:06 1596845                    /home/merrillm/.javacpp/cache/llvm-3.9.0-1.3-linux-x86_64.jar/org/bytedeco/javacpp/linux-x86_64/libjniLLVM.so
7f6ef4294000-7f6ef4494000 ---p 000b9000 08:06 1596845                    /home/merrillm/.javacpp/cache/llvm-3.9.0-1.3-linux-x86_64.jar/org/bytedeco/javacpp/linux-x86_64/libjniLLVM.so
7f6ef4494000-7f6ef4495000 r--p 000b9000 08:06 1596845                    /home/merrillm/.javacpp/cache/llvm-3.9.0-1.3-linux-x86_64.jar/org/bytedeco/javacpp/linux-x86_64/libjniLLVM.so
7f6ef4495000-7f6ef4497000 rw-p 000ba000 08:06 1596845                    /home/merrillm/.javacpp/cache/llvm-3.9.0-1.3-linux-x86_64.jar/org/bytedeco/javacpp/linux-x86_64/libjniLLVM.so
7f6ef4497000-7f6ef4498000 rw-p 00000000 00:00 0 
7f6ef4498000-7f6ef44ae000 r-xp 00000000 08:06 1596826                    /home/merrillm/.javacpp/cache/llvm-3.9.0-1.3-linux-x86_64.jar/org/bytedeco/javacpp/linux-x86_64/libLTO.so
7f6ef44ae000-7f6ef46ad000 ---p 00016000 08:06 1596826                    /home/merrillm/.javacpp/cache/llvm-3.9.0-1.3-linux-x86_64.jar/org/bytedeco/javacpp/linux-x86_64/libLTO.so
7f6ef46ad000-7f6ef46af000 r--p 00015000 08:06 1596826                    /home/merrillm/.javacpp/cache/llvm-3.9.0-1.3-linux-x86_64.jar/org/bytedeco/javacpp/linux-x86_64/libLTO.so
7f6ef46af000-7f6ef46b0000 rw-p 00017000 08:06 1596826                    /home/merrillm/.javacpp/cache/llvm-3.9.0-1.3-linux-x86_64.jar/org/bytedeco/javacpp/linux-x86_64/libLTO.so
7f6ef46b0000-7f6ef46b3000 rw-p 00000000 00:00 0 
7f6ef46b3000-7f6ef46c9000 r-xp 00000000 08:0c 4726068                    /lib/x86_64-linux-gnu/libgcc_s.so.1
7f6ef46c9000-7f6ef48c8000 ---p 00016000 08:0c 4726068                    /lib/x86_64-linux-gnu/libgcc_s.so.1
7f6ef48c8000-7f6ef48c9000 r--p 00015000 08:0c 4726068                    /lib/x86_64-linux-gnu/libgcc_s.so.1
7f6ef48c9000-7f6ef48ca000 rw-p 00016000 08:0c 4726068                    /lib/x86_64-linux-gnu/libgcc_s.so.1
7f6ef48ca000-7f6ef4a44000 r-xp 00000000 08:0c 6062067                    /usr/lib/x86_64-linux-gnu/libstdc++.so.6.0.24
7f6ef4a44000-7f6ef4c43000 ---p 0017a000 08:0c 6062067                    /usr/lib/x86_64-linux-gnu/libstdc++.so.6.0.24
7f6ef4c43000-7f6ef4c4d000 r--p 00179000 08:0c 6062067                    /usr/lib/x86_64-linux-gnu/libstdc++.so.6.0.24
7f6ef4c4d000-7f6ef4c4f000 rw-p 00183000 08:0c 6062067                    /usr/lib/x86_64-linux-gnu/libstdc++.so.6.0.24
7f6ef4c4f000-7f6ef4c52000 rw-p 00000000 00:00 0 
7f6ef4c52000-7f6ef648c000 r-xp 00000000 08:06 1596814                    /home/merrillm/.javacpp/cache/llvm-3.9.0-1.3-linux-x86_64.jar/org/bytedeco/javacpp/linux-x86_64/libLLVM-3.9.so
7f6ef648c000-7f6ef668c000 ---p 0183a000 08:06 1596814                    /home/merrillm/.javacpp/cache/llvm-3.9.0-1.3-linux-x86_64.jar/org/bytedeco/javacpp/linux-x86_64/libLLVM-3.9.so
7f6ef668c000-7f6ef67b6000 r--p 0183a000 08:06 1596814                    /home/merrillm/.javacpp/cache/llvm-3.9.0-1.3-linux-x86_64.jar/org/bytedeco/javacpp/linux-x86_64/libLLVM-3.9.so
7f6ef67b6000-7f6ef67ce000 rw-p 01964000 08:06 1596814                    /home/merrillm/.javacpp/cache/llvm-3.9.0-1.3-linux-x86_64.jar/org/bytedeco/javacpp/linux-x86_64/libLLVM-3.9.so
7f6ef67ce000-7f6ef67f7000 rw-p 00000000 00:00 0 
7f6ef67f7000-7f6ef67f8000 ---p 00000000 00:00 0 
7f6ef67f8000-7f6ef68f8000 rw-p 00000000 00:00 0 
7f6ef68f8000-7f6ef68fc000 ---p 00000000 00:00 0 
7f6ef68fc000-7f6ef69f9000 rw-p 00000000 00:00 0 
7f6ef69f9000-7f6ef69fd000 ---p 00000000 00:00 0 
7f6ef69fd000-7f6ef6afa000 rw-p 00000000 00:00 0 
7f6ef6afa000-7f6ef6afe000 ---p 00000000 00:00 0 
7f6ef6afe000-7f6ef6bfb000 rw-p 00000000 00:00 0 
7f6ef6bfb000-7f6ef6c11000 r-xp 00000000 08:0c 2890133                    /usr/lib/jvm/jdk-9.0.1/lib/libnet.so
7f6ef6c11000-7f6ef6e11000 ---p 00016000 08:0c 2890133                    /usr/lib/jvm/jdk-9.0.1/lib/libnet.so
7f6ef6e11000-7f6ef6e12000 rw-p 00016000 08:0c 2890133                    /usr/lib/jvm/jdk-9.0.1/lib/libnet.so
7f6ef6e12000-7f6ef6e22000 r-xp 00000000 08:0c 2890130                    /usr/lib/jvm/jdk-9.0.1/lib/libnio.so
7f6ef6e22000-7f6ef7022000 ---p 00010000 08:0c 2890130                    /usr/lib/jvm/jdk-9.0.1/lib/libnio.so
7f6ef7022000-7f6ef7023000 rw-p 00010000 08:0c 2890130                    /usr/lib/jvm/jdk-9.0.1/lib/libnio.so
7f6ef7023000-7f6ef7027000 ---p 00000000 00:00 0 
7f6ef7027000-7f6ef7124000 rw-p 00000000 00:00 0 
7f6ef7124000-7f6ef7128000 ---p 00000000 00:00 0 
7f6ef7128000-7f6ef7225000 rw-p 00000000 00:00 0 
7f6ef7225000-7f6ef7229000 ---p 00000000 00:00 0 
7f6ef7229000-7f6ef7326000 rw-p 00000000 00:00 0 
7f6ef7326000-7f6ef732a000 ---p 00000000 00:00 0 
7f6ef732a000-7f6ef7427000 rw-p 00000000 00:00 0 
7f6ef7427000-7f6ef742b000 ---p 00000000 00:00 0 
7f6ef742b000-7f6ef7528000 rw-p 00000000 00:00 0 
7f6ef7528000-7f6ef7800000 r--p 00000000 08:0c 6053116                    /usr/lib/locale/locale-archive
7f6ef7800000-7f6ef8000000 rw-p 00000000 00:00 0 
7f6ef8000000-7f6ef8021000 rw-p 00000000 00:00 0 
7f6ef8021000-7f6efc000000 ---p 00000000 00:00 0 
7f6efc027000-7f6efc02b000 ---p 00000000 00:00 0 
7f6efc02b000-7f6efc128000 rw-p 00000000 00:00 0 
7f6efc128000-7f6efe128000 rwxp 00000000 00:00 0 
7f6efe128000-7f6efe318000 rw-p 00000000 00:00 0 
7f6efe318000-7f6f00000000 ---p 00000000 00:00 0 
7f6f00000000-7f6f00021000 rw-p 00000000 00:00 0 
7f6f00021000-7f6f04000000 ---p 00000000 00:00 0 
7f6f04000000-7f6f04021000 rw-p 00000000 00:00 0 
7f6f04021000-7f6f08000000 ---p 00000000 00:00 0 
7f6f08000000-7f6f08021000 rw-p 00000000 00:00 0 
7f6f08021000-7f6f0c000000 ---p 00000000 00:00 0 
7f6f0c000000-7f6f0c021000 rw-p 00000000 00:00 0 
7f6f0c021000-7f6f10000000 ---p 00000000 00:00 0 
7f6f10000000-7f6f10021000 rw-p 00000000 00:00 0 
7f6f10021000-7f6f14000000 ---p 00000000 00:00 0 
7f6f14000000-7f6f14021000 rw-p 00000000 00:00 0 
7f6f14021000-7f6f18000000 ---p 00000000 00:00 0 
7f6f180ab000-7f6f180af000 ---p 00000000 00:00 0 
7f6f180af000-7f6f181ac000 rw-p 00000000 00:00 0 
7f6f181ac000-7f6f181ad000 ---p 00000000 00:00 0 
7f6f181ad000-7f6f186b1000 rw-p 00000000 00:00 0 
7f6f186b1000-7f6f186b2000 ---p 00000000 00:00 0 
7f6f186b2000-7f6f187b2000 rw-p 00000000 00:00 0 
7f6f187b2000-7f6f187b3000 ---p 00000000 00:00 0 
7f6f187b3000-7f6f18aa3000 rw-p 00000000 00:00 0 
7f6f18aa3000-7f6f1a78b000 ---p 00000000 00:00 0 
7f6f1a78b000-7f6f1a7c9000 rw-p 00000000 00:00 0 
7f6f1a7c9000-7f6f1ab66000 ---p 00000000 00:00 0 
7f6f1ab66000-7f6f1aba4000 rw-p 00000000 00:00 0 
7f6f1aba4000-7f6f1b31c000 ---p 00000000 00:00 0 
7f6f1b31c000-7f6f1b35a000 rw-p 00000000 00:00 0 
7f6f1b35a000-7f6f1b6f7000 ---p 00000000 00:00 0 
7f6f1b6f7000-7f6f1b6f8000 ---p 00000000 00:00 0 
7f6f1b6f8000-7f6f1b7f8000 rw-p 00000000 00:00 0 
7f6f1b7f8000-7f6f1b7f9000 ---p 00000000 00:00 0 
7f6f1b7f9000-7f6f1b8f9000 rw-p 00000000 00:00 0 
7f6f1b8f9000-7f6f1b8fa000 ---p 00000000 00:00 0 
7f6f1b8fa000-7f6f1b9fa000 rw-p 00000000 00:00 0 
7f6f1b9fa000-7f6f1b9fb000 ---p 00000000 00:00 0 
7f6f1b9fb000-7f6f1bafb000 rw-p 00000000 00:00 0 
7f6f1bafb000-7f6f1bafc000 ---p 00000000 00:00 0 
7f6f1bafc000-7f6f1c000000 rw-p 00000000 00:00 0 
7f6f1c000000-7f6f1c021000 rw-p 00000000 00:00 0 
7f6f1c021000-7f6f20000000 ---p 00000000 00:00 0 
7f6f20000000-7f6f20021000 rw-p 00000000 00:00 0 
7f6f20021000-7f6f24000000 ---p 00000000 00:00 0 
7f6f24000000-7f6f24021000 rw-p 00000000 00:00 0 
7f6f24021000-7f6f28000000 ---p 00000000 00:00 0 
7f6f2802d000-7f6f280a3000 rw-p 00000000 00:00 0 
7f6f280a3000-7f6f280a4000 ---p 00000000 00:00 0 
7f6f280a4000-7f6f281a4000 rw-p 00000000 00:00 0 
7f6f281a4000-7f6f281a5000 ---p 00000000 00:00 0 
7f6f281a5000-7f6f282a5000 rw-p 00000000 00:00 0 
7f6f282a5000-7f6f282a6000 ---p 00000000 00:00 0 
7f6f282a6000-7f6f283a6000 rw-p 00000000 00:00 0 
7f6f283a6000-7f6f283a7000 ---p 00000000 00:00 0 
7f6f283a7000-7f6f284ac000 rw-p 00000000 00:00 0 
7f6f284ac000-7f6f28592000 ---p 00000000 00:00 0 
7f6f28592000-7f6f28597000 rw-p 00000000 00:00 0 
7f6f28597000-7f6f2867d000 ---p 00000000 00:00 0 
7f6f2867d000-7f6f288ed000 rwxp 00000000 00:00 0 
7f6f288ed000-7f6f28c0d000 ---p 00000000 00:00 0 
7f6f28c0d000-7f6f28e7d000 rwxp 00000000 00:00 0 
7f6f28e7d000-7f6f30145000 ---p 00000000 00:00 0 
7f6f30145000-7f6f303b5000 rwxp 00000000 00:00 0 
7f6f303b5000-7f6f3767d000 ---p 00000000 00:00 0 
7f6f3767d000-7f6f42b40000 r--s 00000000 08:0c 2889455                    /usr/lib/jvm/jdk-9.0.1/lib/modules
7f6f42b40000-7f6f42b5a000 r-xp 00000000 08:0c 2890135                    /usr/lib/jvm/jdk-9.0.1/lib/libjimage.so
7f6f42b5a000-7f6f42d59000 ---p 0001a000 08:0c 2890135                    /usr/lib/jvm/jdk-9.0.1/lib/libjimage.so
7f6f42d59000-7f6f42d5b000 rw-p 00019000 08:0c 2890135                    /usr/lib/jvm/jdk-9.0.1/lib/libjimage.so
7f6f42d5b000-7f6f42d6d000 rw-p 00000000 00:00 0 
7f6f42d6d000-7f6f42d74000 r-xp 00000000 08:0c 2890311                    /usr/lib/jvm/jdk-9.0.1/lib/libzip.so
7f6f42d74000-7f6f42f73000 ---p 00007000 08:0c 2890311                    /usr/lib/jvm/jdk-9.0.1/lib/libzip.so
7f6f42f73000-7f6f42f74000 rw-p 00006000 08:0c 2890311                    /usr/lib/jvm/jdk-9.0.1/lib/libzip.so
7f6f42f74000-7f6f42f7f000 r-xp 00000000 08:0c 4719234                    /lib/x86_64-linux-gnu/libnss_files-2.23.so
7f6f42f7f000-7f6f4317e000 ---p 0000b000 08:0c 4719234                    /lib/x86_64-linux-gnu/libnss_files-2.23.so
7f6f4317e000-7f6f4317f000 r--p 0000a000 08:0c 4719234                    /lib/x86_64-linux-gnu/libnss_files-2.23.so
7f6f4317f000-7f6f43180000 rw-p 0000b000 08:0c 4719234                    /lib/x86_64-linux-gnu/libnss_files-2.23.so
7f6f43180000-7f6f43186000 rw-p 00000000 00:00 0 
7f6f43186000-7f6f43191000 r-xp 00000000 08:0c 4719240                    /lib/x86_64-linux-gnu/libnss_nis-2.23.so
7f6f43191000-7f6f43390000 ---p 0000b000 08:0c 4719240                    /lib/x86_64-linux-gnu/libnss_nis-2.23.so
7f6f43390000-7f6f43391000 r--p 0000a000 08:0c 4719240                    /lib/x86_64-linux-gnu/libnss_nis-2.23.so
7f6f43391000-7f6f43392000 rw-p 0000b000 08:0c 4719240                    /lib/x86_64-linux-gnu/libnss_nis-2.23.so
7f6f43392000-7f6f433a8000 r-xp 00000000 08:0c 4719224                    /lib/x86_64-linux-gnu/libnsl-2.23.so
7f6f433a8000-7f6f435a7000 ---p 00016000 08:0c 4719224                    /lib/x86_64-linux-gnu/libnsl-2.23.so
7f6f435a7000-7f6f435a8000 r--p 00015000 08:0c 4719224                    /lib/x86_64-linux-gnu/libnsl-2.23.so
7f6f435a8000-7f6f435a9000 rw-p 00016000 08:0c 4719224                    /lib/x86_64-linux-gnu/libnsl-2.23.so
7f6f435a9000-7f6f435ab000 rw-p 00000000 00:00 0 
7f6f435ab000-7f6f435b3000 r-xp 00000000 08:0c 4719257                    /lib/x86_64-linux-gnu/libnss_compat-2.23.so
7f6f435b3000-7f6f437b2000 ---p 00008000 08:0c 4719257                    /lib/x86_64-linux-gnu/libnss_compat-2.23.so
7f6f437b2000-7f6f437b3000 r--p 00007000 08:0c 4719257                    /lib/x86_64-linux-gnu/libnss_compat-2.23.so
7f6f437b3000-7f6f437b4000 rw-p 00008000 08:0c 4719257                    /lib/x86_64-linux-gnu/libnss_compat-2.23.so
7f6f437b4000-7f6f437be000 r-xp 00000000 08:0c 2890121                    /usr/lib/jvm/jdk-9.0.1/lib/libinstrument.so
7f6f437be000-7f6f439bd000 ---p 0000a000 08:0c 2890121                    /usr/lib/jvm/jdk-9.0.1/lib/libinstrument.so
7f6f439bd000-7f6f439be000 rw-p 00009000 08:0c 2890121                    /usr/lib/jvm/jdk-9.0.1/lib/libinstrument.so
7f6f439be000-7f6f439e9000 r-xp 00000000 08:0c 2890074                    /usr/lib/jvm/jdk-9.0.1/lib/libjava.so
7f6f439e9000-7f6f43be8000 ---p 0002b000 08:0c 2890074                    /usr/lib/jvm/jdk-9.0.1/lib/libjava.so
7f6f43be8000-7f6f43bea000 rw-p 0002a000 08:0c 2890074                    /usr/lib/jvm/jdk-9.0.1/lib/libjava.so
7f6f43bea000-7f6f43bf7000 r-xp 00000000 08:0c 2889468                    /usr/lib/jvm/jdk-9.0.1/lib/libverify.so
7f6f43bf7000-7f6f43df6000 ---p 0000d000 08:0c 2889468                    /usr/lib/jvm/jdk-9.0.1/lib/libverify.so
7f6f43df6000-7f6f43df8000 rw-p 0000c000 08:0c 2889468                    /usr/lib/jvm/jdk-9.0.1/lib/libverify.so
7f6f43df8000-7f6f43dff000 r-xp 00000000 08:0c 4719244                    /lib/x86_64-linux-gnu/librt-2.23.so
7f6f43dff000-7f6f43ffe000 ---p 00007000 08:0c 4719244                    /lib/x86_64-linux-gnu/librt-2.23.so
7f6f43ffe000-7f6f43fff000 r--p 00006000 08:0c 4719244                    /lib/x86_64-linux-gnu/librt-2.23.so
7f6f43fff000-7f6f44000000 rw-p 00007000 08:0c 4719244                    /lib/x86_64-linux-gnu/librt-2.23.so
7f6f44000000-7f6f4441f000 rw-p 00000000 00:00 0 
7f6f4441f000-7f6f48000000 ---p 00000000 00:00 0 
7f6f48061000-7f6f480bc000 rw-p 00000000 00:00 0 
7f6f480bc000-7f6f481c4000 r-xp 00000000 08:0c 4719267                    /lib/x86_64-linux-gnu/libm-2.23.so
7f6f481c4000-7f6f483c3000 ---p 00108000 08:0c 4719267                    /lib/x86_64-linux-gnu/libm-2.23.so
7f6f483c3000-7f6f483c4000 r--p 00107000 08:0c 4719267                    /lib/x86_64-linux-gnu/libm-2.23.so
7f6f483c4000-7f6f483c5000 rw-p 00108000 08:0c 4719267                    /lib/x86_64-linux-gnu/libm-2.23.so
7f6f483c5000-7f6f493d9000 r-xp 00000000 08:0c 2890298                    /usr/lib/jvm/jdk-9.0.1/lib/server/libjvm.so
7f6f493d9000-7f6f495d9000 ---p 01014000 08:0c 2890298                    /usr/lib/jvm/jdk-9.0.1/lib/server/libjvm.so
7f6f495d9000-7f6f496aa000 r--p 01014000 08:0c 2890298                    /usr/lib/jvm/jdk-9.0.1/lib/server/libjvm.so
7f6f496aa000-7f6f496e1000 rw-p 010e5000 08:0c 2890298                    /usr/lib/jvm/jdk-9.0.1/lib/server/libjvm.so
7f6f496e1000-7f6f4974a000 rw-p 00000000 00:00 0 
7f6f4974a000-7f6f4990a000 r-xp 00000000 08:0c 4719274                    /lib/x86_64-linux-gnu/libc-2.23.so
7f6f4990a000-7f6f49b0a000 ---p 001c0000 08:0c 4719274                    /lib/x86_64-linux-gnu/libc-2.23.so
7f6f49b0a000-7f6f49b0e000 r--p 001c0000 08:0c 4719274                    /lib/x86_64-linux-gnu/libc-2.23.so
7f6f49b0e000-7f6f49b10000 rw-p 001c4000 08:0c 4719274                    /lib/x86_64-linux-gnu/libc-2.23.so
7f6f49b10000-7f6f49b14000 rw-p 00000000 00:00 0 
7f6f49b14000-7f6f49b17000 r-xp 00000000 08:0c 4719255                    /lib/x86_64-linux-gnu/libdl-2.23.so
7f6f49b17000-7f6f49d16000 ---p 00003000 08:0c 4719255                    /lib/x86_64-linux-gnu/libdl-2.23.so
7f6f49d16000-7f6f49d17000 r--p 00002000 08:0c 4719255                    /lib/x86_64-linux-gnu/libdl-2.23.so
7f6f49d17000-7f6f49d18000 rw-p 00003000 08:0c 4719255                    /lib/x86_64-linux-gnu/libdl-2.23.so
7f6f49d18000-7f6f49d26000 r-xp 00000000 08:0c 2889453                    /usr/lib/jvm/jdk-9.0.1/lib/jli/libjli.so
7f6f49d26000-7f6f49f26000 ---p 0000e000 08:0c 2889453                    /usr/lib/jvm/jdk-9.0.1/lib/jli/libjli.so
7f6f49f26000-7f6f49f27000 rw-p 0000e000 08:0c 2889453                    /usr/lib/jvm/jdk-9.0.1/lib/jli/libjli.so
7f6f49f27000-7f6f49f3f000 r-xp 00000000 08:0c 4719238                    /lib/x86_64-linux-gnu/libpthread-2.23.so
7f6f49f3f000-7f6f4a13e000 ---p 00018000 08:0c 4719238                    /lib/x86_64-linux-gnu/libpthread-2.23.so
7f6f4a13e000-7f6f4a13f000 r--p 00017000 08:0c 4719238                    /lib/x86_64-linux-gnu/libpthread-2.23.so
7f6f4a13f000-7f6f4a140000 rw-p 00018000 08:0c 4719238                    /lib/x86_64-linux-gnu/libpthread-2.23.so
7f6f4a140000-7f6f4a144000 rw-p 00000000 00:00 0 
7f6f4a144000-7f6f4a15d000 r-xp 00000000 08:0c 4718933                    /lib/x86_64-linux-gnu/libz.so.1.2.8
7f6f4a15d000-7f6f4a35c000 ---p 00019000 08:0c 4718933                    /lib/x86_64-linux-gnu/libz.so.1.2.8
7f6f4a35c000-7f6f4a35d000 r--p 00018000 08:0c 4718933                    /lib/x86_64-linux-gnu/libz.so.1.2.8
7f6f4a35d000-7f6f4a35e000 rw-p 00019000 08:0c 4718933                    /lib/x86_64-linux-gnu/libz.so.1.2.8
7f6f4a35e000-7f6f4a384000 r-xp 00000000 08:0c 4719226                    /lib/x86_64-linux-gnu/ld-2.23.so
7f6f4a393000-7f6f4a451000 rw-p 00000000 00:00 0 
7f6f4a451000-7f6f4a456000 ---p 00000000 00:00 0 
7f6f4a456000-7f6f4a557000 rw-p 00000000 00:00 0 
7f6f4a56a000-7f6f4a570000 rw-p 00000000 00:00 0 
7f6f4a570000-7f6f4a577000 ---p 00000000 00:00 0 
7f6f4a577000-7f6f4a57f000 rw-s 00000000 08:0c 2883640                    /tmp/hsperfdata_merrillm/9636
7f6f4a57f000-7f6f4a580000 rw-p 00000000 00:00 0 
7f6f4a580000-7f6f4a581000 r--p 00000000 00:00 0 
7f6f4a581000-7f6f4a583000 rw-p 00000000 00:00 0 
7f6f4a583000-7f6f4a584000 r--p 00025000 08:0c 4719226                    /lib/x86_64-linux-gnu/ld-2.23.so
7f6f4a584000-7f6f4a585000 rw-p 00026000 08:0c 4719226                    /lib/x86_64-linux-gnu/ld-2.23.so
7f6f4a585000-7f6f4a586000 rw-p 00000000 00:00 0 
7ffd709b4000-7ffd709d5000 rw-p 00000000 00:00 0                          [stack]
7ffd709e3000-7ffd709e5000 r--p 00000000 00:00 0                          [vvar]
7ffd709e5000-7ffd709e7000 r-xp 00000000 00:00 0                          [vdso]
ffffffffff600000-ffffffffff601000 r-xp 00000000 00:00 0                  [vsyscall]

VM Arguments:
jvm_args: -javaagent:/opt/idea-IU-172.3757.52/lib/idea_rt.jar=45696:/opt/idea-IU-172.3757.52/bin -Dfile.encoding=UTF-8 
java_command: io.javalanche.covfefe.CovfefeMain example.iloc
java_class_path (initial): /home/merrillm/cs/IdeaProjects/covfefe/target/classes:/home/merrillm/.m2/repository/junit/junit/4.12/junit-4.12.jar:/home/merrillm/.m2/repository/org/hamcrest/hamcrest-core/1.3/hamcrest-core-1.3.jar:/home/merrillm/.m2/repository/org/apache/commons/commons-lang3/3.5/commons-lang3-3.5.jar:/home/merrillm/.m2/repository/org/bytedeco/javacpp-presets/llvm-platform/3.9.0-1.3/llvm-platform-3.9.0-1.3.jar:/home/merrillm/.m2/repository/org/bytedeco/javacpp-presets/llvm/3.9.0-1.3/llvm-3.9.0-1.3-linux-x86.jar:/home/merrillm/.m2/repository/org/bytedeco/javacpp-presets/llvm/3.9.0-1.3/llvm-3.9.0-1.3-linux-x86_64.jar:/home/merrillm/.m2/repository/org/bytedeco/javacpp-presets/llvm/3.9.0-1.3/llvm-3.9.0-1.3-macosx-x86_64.jar:/home/merrillm/.m2/repository/org/bytedeco/javacpp-presets/llvm/3.9.0-1.3/llvm-3.9.0-1.3.jar:/home/merrillm/.m2/repository/org/bytedeco/javacpp/1.3/javacpp-1.3.jar
Launcher Type: SUN_STANDARD

Logging:
Log output configuration:
#0: stdout all=warning uptime,level,tags
#1: stderr all=off uptime,level,tags

Environment Variables:
JAVA_HOME=/usr/lib/jvm/java-8-oracle
PATH=/usr/local/cuda-8.0/bin:/usr/lib/nvidia-384/bin:/usr/local/heroku/bin:/home/merrillm/bin:/usr/local/sbin:/usr/local/bin:/usr/sbin:/usr/bin:/sbin:/bin:/usr/games:/usr/local/games:/snap/bin:/usr/lib/go/bin:/usr/lib/jvm/java-8-oracle/bin:/usr/lib/jvm/java-8-oracle/db/bin:/usr/lib/jvm/java-8-oracle/jre/bin:/home/merrillm/.rvm/bin
LD_LIBRARY_PATH=/opt/default-idea/bin:
SHELL=/bin/bash
DISPLAY=:0

Signal Handlers:
SIGSEGV: [libjvm.so+0xd4ce90], sa_mask[0]=11111111011111111101111111111110, sa_flags=SA_RESTART|SA_SIGINFO
SIGBUS: [libjvm.so+0xd4ce90], sa_mask[0]=11111111011111111101111111111110, sa_flags=SA_RESTART|SA_SIGINFO
SIGFPE: [libjvm.so+0xd4ce90], sa_mask[0]=11111111011111111101111111111110, sa_flags=SA_RESTART|SA_SIGINFO
SIGPIPE: [libjvm.so+0xb64460], sa_mask[0]=11111111011111111101111111111110, sa_flags=SA_RESTART|SA_SIGINFO
SIGXFSZ: [libjvm.so+0xb64460], sa_mask[0]=11111111011111111101111111111110, sa_flags=SA_RESTART|SA_SIGINFO
SIGILL: [libjvm.so+0xd4ce90], sa_mask[0]=11111111011111111101111111111110, sa_flags=SA_RESTART|SA_SIGINFO
SIGUSR2: [libjvm.so+0xb64320], sa_mask[0]=00100000000000000000000000000000, sa_flags=SA_RESTART|SA_SIGINFO
SIGHUP: [libjvm.so+0xb64530], sa_mask[0]=11111111011111111101111111111110, sa_flags=SA_RESTART|SA_SIGINFO
SIGINT: SIG_IGN, sa_mask[0]=00000000000000000000000000000000, sa_flags=none
SIGTERM: [libjvm.so+0xb64530], sa_mask[0]=11111111011111111101111111111110, sa_flags=SA_RESTART|SA_SIGINFO
SIGQUIT: [libjvm.so+0xb64530], sa_mask[0]=11111111011111111101111111111110, sa_flags=SA_RESTART|SA_SIGINFO


---------------  S Y S T E M  ---------------

OS:DISTRIB_ID=Ubuntu
DISTRIB_RELEASE=16.04
DISTRIB_CODENAME=xenial
DISTRIB_DESCRIPTION="Ubuntu 16.04.3 LTS"
uname:Linux 4.4.0-64-generic #85-Ubuntu SMP Mon Feb 20 11:50:30 UTC 2017 x86_64
libc:glibc 2.23 NPTL 2.23 
rlimit: STACK 8192k, CORE 0k, NPROC 30609, NOFILE 1048576, AS infinity
load average:0.47 0.46 0.54

/proc/meminfo:
MemTotal:        8080736 kB
MemFree:         2157320 kB
MemAvailable:    2903544 kB
Buffers:          125864 kB
Cached:          1166560 kB
SwapCached:        26444 kB
Active:          5169516 kB
Inactive:         459244 kB
Active(anon):    4457172 kB
Inactive(anon):   243164 kB
Active(file):     712344 kB
Inactive(file):   216080 kB
Unevictable:          32 kB
Mlocked:              32 kB
SwapTotal:      16777212 kB
SwapFree:       16474872 kB
Dirty:               932 kB
Writeback:             0 kB
AnonPages:       4311624 kB
Mapped:           575984 kB
Shmem:            364012 kB
Slab:             128476 kB
SReclaimable:      76392 kB
SUnreclaim:        52084 kB
KernelStack:       15360 kB
PageTables:        66156 kB
NFS_Unstable:          0 kB
Bounce:                0 kB
WritebackTmp:          0 kB
CommitLimit:    20817580 kB
Committed_AS:   12530108 kB
VmallocTotal:   34359738367 kB
VmallocUsed:           0 kB
VmallocChunk:          0 kB
HardwareCorrupted:     0 kB
AnonHugePages:   2082816 kB
CmaTotal:              0 kB
CmaFree:               0 kB
HugePages_Total:       0
HugePages_Free:        0
HugePages_Rsvd:        0
HugePages_Surp:        0
Hugepagesize:       2048 kB
DirectMap4k:      784796 kB
DirectMap2M:     6461440 kB
DirectMap1G:     1048576 kB


CPU:total 4 (initial active 4) (2 cores per cpu, 2 threads per core) family 6 model 69 stepping 1, cmov, cx8, fxsr, mmx, sse, sse2, sse3, ssse3, sse4.1, sse4.2, popcnt, avx, avx2, aes, clmul, erms, lzcnt, ht, tsc, tscinvbit, bmi1, bmi2, fma
CPU Model and flags from /proc/cpuinfo:
model name	: Intel(R) Core(TM) i7-4510U CPU @ 2.00GHz
flags		: fpu vme de pse tsc msr pae mce cx8 apic sep mtrr pge mca cmov pat pse36 clflush dts acpi mmx fxsr sse sse2 ss ht tm pbe syscall nx pdpe1gb rdtscp lm constant_tsc arch_perfmon pebs bts rep_good nopl xtopology nonstop_tsc aperfmperf eagerfpu pni pclmulqdq dtes64 monitor ds_cpl vmx est tm2 ssse3 sdbg fma cx16 xtpr pdcm pcid sse4_1 sse4_2 movbe popcnt tsc_deadline_timer aes xsave avx f16c rdrand lahf_lm abm epb tpr_shadow vnmi flexpriority ept vpid fsgsbase tsc_adjust bmi1 avx2 smep bmi2 erms invpcid xsaveopt dtherm ida arat pln pts

Memory: 4k page, physical 8080736k(2157320k free), swap 16777212k(16474872k free)

vm_info: Java HotSpot(TM) 64-Bit Server VM (9.0.1+11) for linux-amd64 JRE (9.0.1+11), built on Sep 27 2017 20:48:27 by "mach5one" with gcc 4.9.2

END.
