#
# A fatal error has been detected by the Java Runtime Environment:
#
#  SIGSEGV (0xb) at pc=0x00007fc8cf442e10, pid=3516, tid=3517
#
# JRE version: Java(TM) SE Runtime Environment (9.0+11) (build 9.0.1+11)
# Java VM: Java HotSpot(TM) 64-Bit Server VM (9.0.1+11, mixed mode, tiered, compressed oops, g1 gc, linux-amd64)
# Problematic frame:
# C  [libLLVM-3.9.so+0xfe7e10]  LLVMRunFunction+0x950
#
# Core dump will be written. Default location: Core dumps may be processed with "/usr/share/apport/apport %p %s %c %d %P" (or dumping to /home/merrillm/cs/IdeaProjects/covfefe/core.3516)
#
# If you would like to submit a bug report, please visit:
#   http://bugreport.java.com/bugreport/crash.jsp
#

---------------  S U M M A R Y ------------

Command Line: -javaagent:/opt/idea-IU-172.3757.52/lib/idea_rt.jar=40968:/opt/idea-IU-172.3757.52/bin -Dfile.encoding=UTF-8 io.javalanche.covfefe.CovfefeMain example.iloc

Host: Intel(R) Core(TM) i7-4510U CPU @ 2.00GHz, 4 cores, 7G, Ubuntu 16.04.3 LTS
Time: Sat Dec  2 17:02:53 2017 PST elapsed time: 0 seconds (0d 0h 0m 0s)

---------------  T H R E A D  ---------------

Current thread is native thread

Stack: [0x00007fc954974000,0x00007fc954a74000],  sp=0x00007fc954a72730,  free space=1017k
Native frames: (J=compiled Java code, A=aot compiled Java code, j=interpreted, Vv=VM code, C=native code)
C  [libLLVM-3.9.so+0xfe7e10]  LLVMRunFunction+0x950

[error occurred during error reporting (printing native stack), id 0xb]


siginfo: si_signo: 11 (SIGSEGV), si_code: 1 (SEGV_MAPERR), si_addr: 0x0000000000000026

Register to memory mapping:

RAX=0x0000000000000000 is an unknown value
RBX=0x0000000000000000 is an unknown value
RCX=0x0000000000000000 is an unknown value
RDX=0x000000000000001e is an unknown value
RSP=0x00007fc954a72730 is pointing into the stack for thread: 0x00007fc94c013800
RBP=0x0000000000000000 is an unknown value
RSI=0x0000000000000018 is an unknown value
RDI=0x0000000000000000 is an unknown value
R8 =0x0000000000000000 is an unknown value
R9 =0x0000000000000006 is an unknown value
R10=0x0000000000000000 is an unknown value
R11=0x0000000000000000 is an unknown value
R12=0x0000000000000000 is an unknown value
R13=0x00007fc954a72988 is pointing into the stack for thread: 0x00007fc94c013800
R14=0x00007fc94c40a3c0 is an unknown value
R15=0x0000000000000000 is an unknown value


Registers:
RAX=0x0000000000000000, RBX=0x0000000000000000, RCX=0x0000000000000000, RDX=0x000000000000001e
RSP=0x00007fc954a72730, RBP=0x0000000000000000, RSI=0x0000000000000018, RDI=0x0000000000000000
R8 =0x0000000000000000, R9 =0x0000000000000006, R10=0x0000000000000000, R11=0x0000000000000000
R12=0x0000000000000000, R13=0x00007fc954a72988, R14=0x00007fc94c40a3c0, R15=0x0000000000000000
RIP=0x00007fc8cf442e10, EFLAGS=0x0000000000010246, CSGSFS=0x0000000000000033, ERR=0x0000000000000004
  TRAPNO=0x000000000000000e

Top of Stack: (sp=0x00007fc954a72730)
0x00007fc954a72730:   0000000000000000 0000000000000000
0x00007fc954a72740:   8d49f0468b45c845 00007fc94c40a3c0
0x00007fc954a72750:   0000000000000006 0000000000000000
0x00007fc954a72760:   0000000000000000 0000000000000000 

Instructions: (pc=0x00007fc8cf442e10)
0x00007fc8cf442df0:   18 48 89 84 24 80 00 00 00 48 8b 44 24 20 48 2b
0x00007fc8cf442e00:   44 24 60 48 8b 94 24 80 00 00 00 48 89 44 24 78
0x00007fc8cf442e10:   48 8b 4c 10 08 48 8b 04 10 48 89 4c 24 68 48 39
0x00007fc8cf442e20:   c1 48 89 44 24 70 0f 84 40 02 00 00 48 89 44 24 


---------------  P R O C E S S  ---------------

VM state:not at safepoint (normal execution)

VM Mutex/Monitor currently owned by a thread: None

Heap address: 0x0000000084a00000, size: 1974 MB, Compressed Oops mode: 32-bit
Narrow klass base: 0x0000000000000000, Narrow klass shift: 3
Compressed class space size: 1073741824 Address: 0x0000000100000000

Heap:
 garbage-first heap   total 126976K, used 9216K [0x0000000084a00000, 0x0000000084b003e0, 0x0000000100000000)
  region size 1024K, 10 young (10240K), 0 survivors (0K)
 Metaspace       used 9174K, capacity 9510K, committed 9728K, reserved 1058816K
  class space    used 843K, capacity 907K, committed 1024K, reserved 1048576K
Heap Regions: E=young(eden), S=young(survivor), O=old, HS=humongous(starts), HC=humongous(continues), CS=collection set, F=free, A=archive, TS=gc time stamp, AC=allocation context, TAMS=top-at-mark-start (previous, next)
|   0|0x0000000084a00000, 0x0000000084a00000, 0x0000000084b00000|  0%| F|  |TS  0|AC  0|TAMS 0x0000000084a00000, 0x0000000084a00000|
|   1|0x0000000084b00000, 0x0000000084b00000, 0x0000000084c00000|  0%| F|  |TS  0|AC  0|TAMS 0x0000000084b00000, 0x0000000084b00000|
|   2|0x0000000084c00000, 0x0000000084c00000, 0x0000000084d00000|  0%| F|  |TS  0|AC  0|TAMS 0x0000000084c00000, 0x0000000084c00000|
|   3|0x0000000084d00000, 0x0000000084d00000, 0x0000000084e00000|  0%| F|  |TS  0|AC  0|TAMS 0x0000000084d00000, 0x0000000084d00000|
|   4|0x0000000084e00000, 0x0000000084e00000, 0x0000000084f00000|  0%| F|  |TS  0|AC  0|TAMS 0x0000000084e00000, 0x0000000084e00000|
|   5|0x0000000084f00000, 0x0000000084f00000, 0x0000000085000000|  0%| F|  |TS  0|AC  0|TAMS 0x0000000084f00000, 0x0000000084f00000|
|   6|0x0000000085000000, 0x0000000085000000, 0x0000000085100000|  0%| F|  |TS  0|AC  0|TAMS 0x0000000085000000, 0x0000000085000000|
|   7|0x0000000085100000, 0x0000000085100000, 0x0000000085200000|  0%| F|  |TS  0|AC  0|TAMS 0x0000000085100000, 0x0000000085100000|
|   8|0x0000000085200000, 0x0000000085200000, 0x0000000085300000|  0%| F|  |TS  0|AC  0|TAMS 0x0000000085200000, 0x0000000085200000|
|   9|0x0000000085300000, 0x0000000085300000, 0x0000000085400000|  0%| F|  |TS  0|AC  0|TAMS 0x0000000085300000, 0x0000000085300000|
|  10|0x0000000085400000, 0x0000000085400000, 0x0000000085500000|  0%| F|  |TS  0|AC  0|TAMS 0x0000000085400000, 0x0000000085400000|
|  11|0x0000000085500000, 0x0000000085500000, 0x0000000085600000|  0%| F|  |TS  0|AC  0|TAMS 0x0000000085500000, 0x0000000085500000|
|  12|0x0000000085600000, 0x0000000085600000, 0x0000000085700000|  0%| F|  |TS  0|AC  0|TAMS 0x0000000085600000, 0x0000000085600000|
|  13|0x0000000085700000, 0x0000000085700000, 0x0000000085800000|  0%| F|  |TS  0|AC  0|TAMS 0x0000000085700000, 0x0000000085700000|
|  14|0x0000000085800000, 0x0000000085800000, 0x0000000085900000|  0%| F|  |TS  0|AC  0|TAMS 0x0000000085800000, 0x0000000085800000|
|  15|0x0000000085900000, 0x0000000085900000, 0x0000000085a00000|  0%| F|  |TS  0|AC  0|TAMS 0x0000000085900000, 0x0000000085900000|
|  16|0x0000000085a00000, 0x0000000085a00000, 0x0000000085b00000|  0%| F|  |TS  0|AC  0|TAMS 0x0000000085a00000, 0x0000000085a00000|
|  17|0x0000000085b00000, 0x0000000085b00000, 0x0000000085c00000|  0%| F|  |TS  0|AC  0|TAMS 0x0000000085b00000, 0x0000000085b00000|
|  18|0x0000000085c00000, 0x0000000085c00000, 0x0000000085d00000|  0%| F|  |TS  0|AC  0|TAMS 0x0000000085c00000, 0x0000000085c00000|
|  19|0x0000000085d00000, 0x0000000085d00000, 0x0000000085e00000|  0%| F|  |TS  0|AC  0|TAMS 0x0000000085d00000, 0x0000000085d00000|
|  20|0x0000000085e00000, 0x0000000085e00000, 0x0000000085f00000|  0%| F|  |TS  0|AC  0|TAMS 0x0000000085e00000, 0x0000000085e00000|
|  21|0x0000000085f00000, 0x0000000085f00000, 0x0000000086000000|  0%| F|  |TS  0|AC  0|TAMS 0x0000000085f00000, 0x0000000085f00000|
|  22|0x0000000086000000, 0x0000000086000000, 0x0000000086100000|  0%| F|  |TS  0|AC  0|TAMS 0x0000000086000000, 0x0000000086000000|
|  23|0x0000000086100000, 0x0000000086100000, 0x0000000086200000|  0%| F|  |TS  0|AC  0|TAMS 0x0000000086100000, 0x0000000086100000|
|  24|0x0000000086200000, 0x0000000086200000, 0x0000000086300000|  0%| F|  |TS  0|AC  0|TAMS 0x0000000086200000, 0x0000000086200000|
|  25|0x0000000086300000, 0x0000000086300000, 0x0000000086400000|  0%| F|  |TS  0|AC  0|TAMS 0x0000000086300000, 0x0000000086300000|
|  26|0x0000000086400000, 0x0000000086400000, 0x0000000086500000|  0%| F|  |TS  0|AC  0|TAMS 0x0000000086400000, 0x0000000086400000|
|  27|0x0000000086500000, 0x0000000086500000, 0x0000000086600000|  0%| F|  |TS  0|AC  0|TAMS 0x0000000086500000, 0x0000000086500000|
|  28|0x0000000086600000, 0x0000000086600000, 0x0000000086700000|  0%| F|  |TS  0|AC  0|TAMS 0x0000000086600000, 0x0000000086600000|
|  29|0x0000000086700000, 0x0000000086700000, 0x0000000086800000|  0%| F|  |TS  0|AC  0|TAMS 0x0000000086700000, 0x0000000086700000|
|  30|0x0000000086800000, 0x0000000086800000, 0x0000000086900000|  0%| F|  |TS  0|AC  0|TAMS 0x0000000086800000, 0x0000000086800000|
|  31|0x0000000086900000, 0x0000000086900000, 0x0000000086a00000|  0%| F|  |TS  0|AC  0|TAMS 0x0000000086900000, 0x0000000086900000|
|  32|0x0000000086a00000, 0x0000000086a00000, 0x0000000086b00000|  0%| F|  |TS  0|AC  0|TAMS 0x0000000086a00000, 0x0000000086a00000|
|  33|0x0000000086b00000, 0x0000000086b00000, 0x0000000086c00000|  0%| F|  |TS  0|AC  0|TAMS 0x0000000086b00000, 0x0000000086b00000|
|  34|0x0000000086c00000, 0x0000000086c00000, 0x0000000086d00000|  0%| F|  |TS  0|AC  0|TAMS 0x0000000086c00000, 0x0000000086c00000|
|  35|0x0000000086d00000, 0x0000000086d00000, 0x0000000086e00000|  0%| F|  |TS  0|AC  0|TAMS 0x0000000086d00000, 0x0000000086d00000|
|  36|0x0000000086e00000, 0x0000000086e00000, 0x0000000086f00000|  0%| F|  |TS  0|AC  0|TAMS 0x0000000086e00000, 0x0000000086e00000|
|  37|0x0000000086f00000, 0x0000000086f00000, 0x0000000087000000|  0%| F|  |TS  0|AC  0|TAMS 0x0000000086f00000, 0x0000000086f00000|
|  38|0x0000000087000000, 0x0000000087000000, 0x0000000087100000|  0%| F|  |TS  0|AC  0|TAMS 0x0000000087000000, 0x0000000087000000|
|  39|0x0000000087100000, 0x0000000087100000, 0x0000000087200000|  0%| F|  |TS  0|AC  0|TAMS 0x0000000087100000, 0x0000000087100000|
|  40|0x0000000087200000, 0x0000000087200000, 0x0000000087300000|  0%| F|  |TS  0|AC  0|TAMS 0x0000000087200000, 0x0000000087200000|
|  41|0x0000000087300000, 0x0000000087300000, 0x0000000087400000|  0%| F|  |TS  0|AC  0|TAMS 0x0000000087300000, 0x0000000087300000|
|  42|0x0000000087400000, 0x0000000087400000, 0x0000000087500000|  0%| F|  |TS  0|AC  0|TAMS 0x0000000087400000, 0x0000000087400000|
|  43|0x0000000087500000, 0x0000000087500000, 0x0000000087600000|  0%| F|  |TS  0|AC  0|TAMS 0x0000000087500000, 0x0000000087500000|
|  44|0x0000000087600000, 0x0000000087600000, 0x0000000087700000|  0%| F|  |TS  0|AC  0|TAMS 0x0000000087600000, 0x0000000087600000|
|  45|0x0000000087700000, 0x0000000087700000, 0x0000000087800000|  0%| F|  |TS  0|AC  0|TAMS 0x0000000087700000, 0x0000000087700000|
|  46|0x0000000087800000, 0x0000000087800000, 0x0000000087900000|  0%| F|  |TS  0|AC  0|TAMS 0x0000000087800000, 0x0000000087800000|
|  47|0x0000000087900000, 0x0000000087900000, 0x0000000087a00000|  0%| F|  |TS  0|AC  0|TAMS 0x0000000087900000, 0x0000000087900000|
|  48|0x0000000087a00000, 0x0000000087a00000, 0x0000000087b00000|  0%| F|  |TS  0|AC  0|TAMS 0x0000000087a00000, 0x0000000087a00000|
|  49|0x0000000087b00000, 0x0000000087b00000, 0x0000000087c00000|  0%| F|  |TS  0|AC  0|TAMS 0x0000000087b00000, 0x0000000087b00000|
|  50|0x0000000087c00000, 0x0000000087c00000, 0x0000000087d00000|  0%| F|  |TS  0|AC  0|TAMS 0x0000000087c00000, 0x0000000087c00000|
|  51|0x0000000087d00000, 0x0000000087d00000, 0x0000000087e00000|  0%| F|  |TS  0|AC  0|TAMS 0x0000000087d00000, 0x0000000087d00000|
|  52|0x0000000087e00000, 0x0000000087e00000, 0x0000000087f00000|  0%| F|  |TS  0|AC  0|TAMS 0x0000000087e00000, 0x0000000087e00000|
|  53|0x0000000087f00000, 0x0000000087f00000, 0x0000000088000000|  0%| F|  |TS  0|AC  0|TAMS 0x0000000087f00000, 0x0000000087f00000|
|  54|0x0000000088000000, 0x0000000088000000, 0x0000000088100000|  0%| F|  |TS  0|AC  0|TAMS 0x0000000088000000, 0x0000000088000000|
|  55|0x0000000088100000, 0x0000000088100000, 0x0000000088200000|  0%| F|  |TS  0|AC  0|TAMS 0x0000000088100000, 0x0000000088100000|
|  56|0x0000000088200000, 0x0000000088200000, 0x0000000088300000|  0%| F|  |TS  0|AC  0|TAMS 0x0000000088200000, 0x0000000088200000|
|  57|0x0000000088300000, 0x0000000088300000, 0x0000000088400000|  0%| F|  |TS  0|AC  0|TAMS 0x0000000088300000, 0x0000000088300000|
|  58|0x0000000088400000, 0x0000000088400000, 0x0000000088500000|  0%| F|  |TS  0|AC  0|TAMS 0x0000000088400000, 0x0000000088400000|
|  59|0x0000000088500000, 0x0000000088500000, 0x0000000088600000|  0%| F|  |TS  0|AC  0|TAMS 0x0000000088500000, 0x0000000088500000|
|  60|0x0000000088600000, 0x0000000088600000, 0x0000000088700000|  0%| F|  |TS  0|AC  0|TAMS 0x0000000088600000, 0x0000000088600000|
|  61|0x0000000088700000, 0x0000000088700000, 0x0000000088800000|  0%| F|  |TS  0|AC  0|TAMS 0x0000000088700000, 0x0000000088700000|
|  62|0x0000000088800000, 0x0000000088800000, 0x0000000088900000|  0%| F|  |TS  0|AC  0|TAMS 0x0000000088800000, 0x0000000088800000|
|  63|0x0000000088900000, 0x0000000088900000, 0x0000000088a00000|  0%| F|  |TS  0|AC  0|TAMS 0x0000000088900000, 0x0000000088900000|
|  64|0x0000000088a00000, 0x0000000088a00000, 0x0000000088b00000|  0%| F|  |TS  0|AC  0|TAMS 0x0000000088a00000, 0x0000000088a00000|
|  65|0x0000000088b00000, 0x0000000088b00000, 0x0000000088c00000|  0%| F|  |TS  0|AC  0|TAMS 0x0000000088b00000, 0x0000000088b00000|
|  66|0x0000000088c00000, 0x0000000088c00000, 0x0000000088d00000|  0%| F|  |TS  0|AC  0|TAMS 0x0000000088c00000, 0x0000000088c00000|
|  67|0x0000000088d00000, 0x0000000088d00000, 0x0000000088e00000|  0%| F|  |TS  0|AC  0|TAMS 0x0000000088d00000, 0x0000000088d00000|
|  68|0x0000000088e00000, 0x0000000088e00000, 0x0000000088f00000|  0%| F|  |TS  0|AC  0|TAMS 0x0000000088e00000, 0x0000000088e00000|
|  69|0x0000000088f00000, 0x0000000088f00000, 0x0000000089000000|  0%| F|  |TS  0|AC  0|TAMS 0x0000000088f00000, 0x0000000088f00000|
|  70|0x0000000089000000, 0x0000000089000000, 0x0000000089100000|  0%| F|  |TS  0|AC  0|TAMS 0x0000000089000000, 0x0000000089000000|
|  71|0x0000000089100000, 0x0000000089100000, 0x0000000089200000|  0%| F|  |TS  0|AC  0|TAMS 0x0000000089100000, 0x0000000089100000|
|  72|0x0000000089200000, 0x0000000089200000, 0x0000000089300000|  0%| F|  |TS  0|AC  0|TAMS 0x0000000089200000, 0x0000000089200000|
|  73|0x0000000089300000, 0x0000000089300000, 0x0000000089400000|  0%| F|  |TS  0|AC  0|TAMS 0x0000000089300000, 0x0000000089300000|
|  74|0x0000000089400000, 0x0000000089400000, 0x0000000089500000|  0%| F|  |TS  0|AC  0|TAMS 0x0000000089400000, 0x0000000089400000|
|  75|0x0000000089500000, 0x0000000089500000, 0x0000000089600000|  0%| F|  |TS  0|AC  0|TAMS 0x0000000089500000, 0x0000000089500000|
|  76|0x0000000089600000, 0x0000000089600000, 0x0000000089700000|  0%| F|  |TS  0|AC  0|TAMS 0x0000000089600000, 0x0000000089600000|
|  77|0x0000000089700000, 0x0000000089700000, 0x0000000089800000|  0%| F|  |TS  0|AC  0|TAMS 0x0000000089700000, 0x0000000089700000|
|  78|0x0000000089800000, 0x0000000089800000, 0x0000000089900000|  0%| F|  |TS  0|AC  0|TAMS 0x0000000089800000, 0x0000000089800000|
|  79|0x0000000089900000, 0x0000000089900000, 0x0000000089a00000|  0%| F|  |TS  0|AC  0|TAMS 0x0000000089900000, 0x0000000089900000|
|  80|0x0000000089a00000, 0x0000000089a00000, 0x0000000089b00000|  0%| F|  |TS  0|AC  0|TAMS 0x0000000089a00000, 0x0000000089a00000|
|  81|0x0000000089b00000, 0x0000000089b00000, 0x0000000089c00000|  0%| F|  |TS  0|AC  0|TAMS 0x0000000089b00000, 0x0000000089b00000|
|  82|0x0000000089c00000, 0x0000000089c00000, 0x0000000089d00000|  0%| F|  |TS  0|AC  0|TAMS 0x0000000089c00000, 0x0000000089c00000|
|  83|0x0000000089d00000, 0x0000000089d00000, 0x0000000089e00000|  0%| F|  |TS  0|AC  0|TAMS 0x0000000089d00000, 0x0000000089d00000|
|  84|0x0000000089e00000, 0x0000000089e00000, 0x0000000089f00000|  0%| F|  |TS  0|AC  0|TAMS 0x0000000089e00000, 0x0000000089e00000|
|  85|0x0000000089f00000, 0x0000000089f00000, 0x000000008a000000|  0%| F|  |TS  0|AC  0|TAMS 0x0000000089f00000, 0x0000000089f00000|
|  86|0x000000008a000000, 0x000000008a000000, 0x000000008a100000|  0%| F|  |TS  0|AC  0|TAMS 0x000000008a000000, 0x000000008a000000|
|  87|0x000000008a100000, 0x000000008a100000, 0x000000008a200000|  0%| F|  |TS  0|AC  0|TAMS 0x000000008a100000, 0x000000008a100000|
|  88|0x000000008a200000, 0x000000008a200000, 0x000000008a300000|  0%| F|  |TS  0|AC  0|TAMS 0x000000008a200000, 0x000000008a200000|
|  89|0x000000008a300000, 0x000000008a300000, 0x000000008a400000|  0%| F|  |TS  0|AC  0|TAMS 0x000000008a300000, 0x000000008a300000|
|  90|0x000000008a400000, 0x000000008a400000, 0x000000008a500000|  0%| F|  |TS  0|AC  0|TAMS 0x000000008a400000, 0x000000008a400000|
|  91|0x000000008a500000, 0x000000008a500000, 0x000000008a600000|  0%| F|  |TS  0|AC  0|TAMS 0x000000008a500000, 0x000000008a500000|
|  92|0x000000008a600000, 0x000000008a600000, 0x000000008a700000|  0%| F|  |TS  0|AC  0|TAMS 0x000000008a600000, 0x000000008a600000|
|  93|0x000000008a700000, 0x000000008a700000, 0x000000008a800000|  0%| F|  |TS  0|AC  0|TAMS 0x000000008a700000, 0x000000008a700000|
|  94|0x000000008a800000, 0x000000008a800000, 0x000000008a900000|  0%| F|  |TS  0|AC  0|TAMS 0x000000008a800000, 0x000000008a800000|
|  95|0x000000008a900000, 0x000000008a900000, 0x000000008aa00000|  0%| F|  |TS  0|AC  0|TAMS 0x000000008a900000, 0x000000008a900000|
|  96|0x000000008aa00000, 0x000000008aa00000, 0x000000008ab00000|  0%| F|  |TS  0|AC  0|TAMS 0x000000008aa00000, 0x000000008aa00000|
|  97|0x000000008ab00000, 0x000000008ab00000, 0x000000008ac00000|  0%| F|  |TS  0|AC  0|TAMS 0x000000008ab00000, 0x000000008ab00000|
|  98|0x000000008ac00000, 0x000000008ac00000, 0x000000008ad00000|  0%| F|  |TS  0|AC  0|TAMS 0x000000008ac00000, 0x000000008ac00000|
|  99|0x000000008ad00000, 0x000000008ad00000, 0x000000008ae00000|  0%| F|  |TS  0|AC  0|TAMS 0x000000008ad00000, 0x000000008ad00000|
| 100|0x000000008ae00000, 0x000000008ae00000, 0x000000008af00000|  0%| F|  |TS  0|AC  0|TAMS 0x000000008ae00000, 0x000000008ae00000|
| 101|0x000000008af00000, 0x000000008af00000, 0x000000008b000000|  0%| F|  |TS  0|AC  0|TAMS 0x000000008af00000, 0x000000008af00000|
| 102|0x000000008b000000, 0x000000008b000000, 0x000000008b100000|  0%| F|  |TS  0|AC  0|TAMS 0x000000008b000000, 0x000000008b000000|
| 103|0x000000008b100000, 0x000000008b100000, 0x000000008b200000|  0%| F|  |TS  0|AC  0|TAMS 0x000000008b100000, 0x000000008b100000|
| 104|0x000000008b200000, 0x000000008b200000, 0x000000008b300000|  0%| F|  |TS  0|AC  0|TAMS 0x000000008b200000, 0x000000008b200000|
| 105|0x000000008b300000, 0x000000008b300000, 0x000000008b400000|  0%| F|  |TS  0|AC  0|TAMS 0x000000008b300000, 0x000000008b300000|
| 106|0x000000008b400000, 0x000000008b400000, 0x000000008b500000|  0%| F|  |TS  0|AC  0|TAMS 0x000000008b400000, 0x000000008b400000|
| 107|0x000000008b500000, 0x000000008b500000, 0x000000008b600000|  0%| F|  |TS  0|AC  0|TAMS 0x000000008b500000, 0x000000008b500000|
| 108|0x000000008b600000, 0x000000008b600000, 0x000000008b700000|  0%| F|  |TS  0|AC  0|TAMS 0x000000008b600000, 0x000000008b600000|
| 109|0x000000008b700000, 0x000000008b700000, 0x000000008b800000|  0%| F|  |TS  0|AC  0|TAMS 0x000000008b700000, 0x000000008b700000|
| 110|0x000000008b800000, 0x000000008b800000, 0x000000008b900000|  0%| F|  |TS  0|AC  0|TAMS 0x000000008b800000, 0x000000008b800000|
| 111|0x000000008b900000, 0x000000008b900000, 0x000000008ba00000|  0%| F|  |TS  0|AC  0|TAMS 0x000000008b900000, 0x000000008b900000|
| 112|0x000000008ba00000, 0x000000008ba00000, 0x000000008bb00000|  0%| F|  |TS  0|AC  0|TAMS 0x000000008ba00000, 0x000000008ba00000|
| 113|0x000000008bb00000, 0x000000008bb00000, 0x000000008bc00000|  0%| F|  |TS  0|AC  0|TAMS 0x000000008bb00000, 0x000000008bb00000|
| 114|0x000000008bc00000, 0x000000008bcd7ee8, 0x000000008bd00000| 84%| E|  |TS  0|AC  0|TAMS 0x000000008bc00000, 0x000000008bc00000|
| 115|0x000000008bd00000, 0x000000008be00000, 0x000000008be00000|100%| E|CS|TS  0|AC  0|TAMS 0x000000008bd00000, 0x000000008bd00000|
| 116|0x000000008be00000, 0x000000008bf00000, 0x000000008bf00000|100%| E|CS|TS  0|AC  0|TAMS 0x000000008be00000, 0x000000008be00000|
| 117|0x000000008bf00000, 0x000000008c000000, 0x000000008c000000|100%| E|CS|TS  0|AC  0|TAMS 0x000000008bf00000, 0x000000008bf00000|
| 118|0x000000008c000000, 0x000000008c100000, 0x000000008c100000|100%| E|CS|TS  0|AC  0|TAMS 0x000000008c000000, 0x000000008c000000|
| 119|0x000000008c100000, 0x000000008c200000, 0x000000008c200000|100%| E|CS|TS  0|AC  0|TAMS 0x000000008c100000, 0x000000008c100000|
| 120|0x000000008c200000, 0x000000008c300000, 0x000000008c300000|100%| E|CS|TS  0|AC  0|TAMS 0x000000008c200000, 0x000000008c200000|
| 121|0x000000008c300000, 0x000000008c400000, 0x000000008c400000|100%| E|CS|TS  0|AC  0|TAMS 0x000000008c300000, 0x000000008c300000|
| 122|0x000000008c400000, 0x000000008c500000, 0x000000008c500000|100%| E|CS|TS  0|AC  0|TAMS 0x000000008c400000, 0x000000008c400000|
| 123|0x000000008c500000, 0x000000008c600000, 0x000000008c600000|100%| E|CS|TS  0|AC  0|TAMS 0x000000008c500000, 0x000000008c500000|

Card table byte_map: [0x00007fc930fac000,0x00007fc931387000] byte_map_base: 0x00007fc930b87000

Marking Bits (Prev, Next): (CMBitMap*) 0x00007fc94c05d620, (CMBitMap*) 0x00007fc94c05d658
 Prev Bits: [0x00007fc90a128000, 0x00007fc90c000000)
 Next Bits: [0x00007fc908250000, 0x00007fc90a128000)

Polling page: 0x00007fc954aa2000

CodeHeap 'non-profiled nmethods': size=120032Kb used=177Kb max_used=177Kb free=119854Kb
 bounds [0x00007fc939605000, 0x00007fc939875000, 0x00007fc940b3d000]
CodeHeap 'profiled nmethods': size=120032Kb used=836Kb max_used=836Kb free=119195Kb
 bounds [0x00007fc9320cd000, 0x00007fc93233d000, 0x00007fc939605000]
CodeHeap 'non-nmethods': size=5696Kb used=1204Kb max_used=1222Kb free=4491Kb
 bounds [0x00007fc931b3d000, 0x00007fc931dad000, 0x00007fc9320cd000]
 total_blobs=1067 nmethods=574 adapters=287
 compilation: enabled

Compilation events (10 events):
Event: 0.549 Thread 0x00007fc94c18b800  571       3       java.lang.invoke.LambdaForm::prepare (112 bytes)
Event: 0.549 Thread 0x00007fc94c18b800 nmethod 571 0x00007fc932198690 code [0x00007fc9321988c0, 0x00007fc9321990b8]
Event: 0.549 Thread 0x00007fc94c18b800  572       3       java.lang.invoke.LambdaForm::uncustomize (57 bytes)
Event: 0.55 Thread 0x00007fc94c18b800 nmethod 572 0x00007fc932199310 code [0x00007fc9321994e0, 0x00007fc932199828]
Event: 0.55 Thread 0x00007fc94c18b800  573       3       sun.invoke.util.Wrapper::forPrimitiveType (49 bytes)
Event: 0.556 Thread 0x00007fc94c18b800 nmethod 573 0x00007fc932199910 code [0x00007fc932199ca0, 0x00007fc93219b7a8]
Event: 0.556 Thread 0x00007fc94c18b800  564       3       sun.invoke.util.VerifyAccess::isSamePackage (60 bytes)
Event: 0.558 Thread 0x00007fc94c18b800 nmethod 564 0x00007fc93219bf90 code [0x00007fc93219c2c0, 0x00007fc93219db48]
Event: 0.558 Thread 0x00007fc94c18b800  555       1       java.lang.invoke.DirectMethodHandle::internalMemberName (5 bytes)
Event: 0.558 Thread 0x00007fc94c18b800 nmethod 555 0x00007fc939631190 code [0x00007fc939631340, 0x00007fc939631450]

GC Heap History (0 events):
No events

Deoptimization events (1 events):
Event: 0.219 Thread 0x00007fc94c2d7800 Uncommon trap: reason=unstable_if action=reinterpret pc=0x00007fc939607c14 method=java.lang.String.charAt(I)C @ 4 c2

Classes redefined (0 events):
No events

Internal exceptions (10 events):
Event: 0.32 Thread 0x00007fc94c013800 Exception <a 'java/lang/NoSuchMethodError'{0x000000008c013bb8}: java.lang.invoke.DirectMethodHandle$Holder.invokeInterface(Ljava/lang/Object;Ljava/lang/Object;)Ljava/lang/Object;> (0x000000008c013bb8) thrown at [/scratch/opt/mach5/mesos/work_dir/slaves/e7
Event: 0.32 Thread 0x00007fc94c013800 Exception <a 'java/lang/IncompatibleClassChangeError'{0x000000008c016670}: Found class java.lang.Object, but interface was expected> (0x000000008c016670) thrown at [/scratch/opt/mach5/mesos/work_dir/slaves/e72b529e-af37-4c00-b29e-141f3b57348c-S1075/framew
Event: 0.325 Thread 0x00007fc94c013800 Exception <a 'java/lang/NoSuchMethodError'{0x000000008c01a550}: java.lang.invoke.DirectMethodHandle$Holder.invokeStaticInit(Ljava/lang/Object;Ljava/lang/Object;)V> (0x000000008c01a550) thrown at [/scratch/opt/mach5/mesos/work_dir/slaves/e72b529e-af37-4c00
Event: 0.328 Thread 0x00007fc94c013800 Exception <a 'java/lang/NoSuchMethodError'{0x000000008c02cdc0}: java.lang.invoke.DirectMethodHandle$Holder.invokeStatic(Ljava/lang/Object;Ljava/lang/Object;)I> (0x000000008c02cdc0) thrown at [/scratch/opt/mach5/mesos/work_dir/slaves/e72b529e-af37-4c00-b29
Event: 0.329 Thread 0x00007fc94c013800 Exception <a 'java/lang/NoSuchMethodError'{0x000000008c02ff70}: java.lang.invoke.DirectMethodHandle$Holder.invokeStaticInit(Ljava/lang/Object;Ljava/lang/Object;)I> (0x000000008c02ff70) thrown at [/scratch/opt/mach5/mesos/work_dir/slaves/e72b529e-af37-4c00
Event: 0.336 Thread 0x00007fc94c013800 Exception <a 'java/lang/NoSuchMethodError'{0x000000008c038480}: java.lang.invoke.DirectMethodHandle$Holder.invokeInterface(Ljava/lang/Object;Ljava/lang/Object;Ljava/lang/Object;)I> (0x000000008c038480) thrown at [/scratch/opt/mach5/mesos/work_dir/slaves/e
Event: 0.381 Thread 0x00007fc94c013800 Exception <a 'java/lang/NoSuchMethodError'{0x000000008bf0bec8}: java.lang.Object.of([Ljava/lang/Object;)Ljava/util/stream/Stream;> (0x000000008bf0bec8) thrown at [/scratch/opt/mach5/mesos/work_dir/slaves/e72b529e-af37-4c00-b29e-141f3b57348c-S1075/framewor
Event: 0.503 Thread 0x00007fc94c013800 Exception <a 'java/lang/NoSuchMethodError'{0x000000008bd94e08}: java.lang.invoke.DirectMethodHandle$Holder.invokeStatic(Ljava/lang/Object;Ljava/lang/Object;Ljava/lang/Object;)V> (0x000000008bd94e08) thrown at [/scratch/opt/mach5/mesos/work_dir/slaves/e72b
Event: 0.512 Thread 0x00007fc94c013800 Exception <a 'java/lang/NoSuchMethodError'{0x000000008bdcc7d0}: java.lang.invoke.DirectMethodHandle$Holder.invokeStaticInit(Ljava/lang/Object;Ljava/lang/Object;Ljava/lang/Object;)V> (0x000000008bdcc7d0) thrown at [/scratch/opt/mach5/mesos/work_dir/slaves/
Event: 0.548 Thread 0x00007fc94c013800 Exception <a 'java/lang/NoSuchMethodError'{0x000000008bc84f20}: java.lang.Object.lambda$comparing$77a9974f$1(Ljava/util/function/Function;Ljava/lang/Object;Ljava/lang/Object;)I> (0x000000008bc84f20) thrown at [/scratch/opt/mach5/mesos/work_dir/slaves/e72b

Events (10 events):
Event: 0.545 loading class io/javalanche/covfefe/instructions/InstructionArithmetic$LLVMArithmeticOp
Event: 0.545 loading class io/javalanche/covfefe/instructions/InstructionArithmetic$LLVMArithmeticOp done
Event: 0.545 loading class io/javalanche/covfefe/instructions/InstructionArithmetic$LLVMArithmeticOp
Event: 0.545 loading class io/javalanche/covfefe/instructions/InstructionArithmetic$LLVMArithmeticOp done
Event: 0.548 loading class java/util/Arrays$LegacyMergeSort
Event: 0.548 loading class java/util/Arrays$LegacyMergeSort done
Event: 0.549 loading class java/util/TimSort
Event: 0.549 loading class java/util/TimSort done
Event: 0.556 loading class org/bytedeco/javacpp/LLVM$LLVMExecutionEngineRef
Event: 0.556 loading class org/bytedeco/javacpp/LLVM$LLVMExecutionEngineRef done


Dynamic libraries:
00400000-00401000 r-xp 00000000 08:0c 2889210                            /usr/lib/jvm/jdk-9.0.1/bin/java
00600000-00601000 rw-p 00000000 08:0c 2889210                            /usr/lib/jvm/jdk-9.0.1/bin/java
02278000-02299000 rw-p 00000000 00:00 0                                  [heap]
84a00000-8c600000 rw-p 00000000 00:00 0 
8c600000-100000000 ---p 00000000 00:00 0 
100000000-100100000 rw-p 00000000 00:00 0 
100100000-140000000 ---p 00000000 00:00 0 
7fc8c4000000-7fc8c4021000 rw-p 00000000 00:00 0 
7fc8c4021000-7fc8c8000000 ---p 00000000 00:00 0 
7fc8c8000000-7fc8c8021000 rw-p 00000000 00:00 0 
7fc8c8021000-7fc8cc000000 ---p 00000000 00:00 0 
7fc8ce45b000-7fc8cfc95000 r-xp 00000000 08:06 1596814                    /home/merrillm/.javacpp/cache/llvm-3.9.0-1.3-linux-x86_64.jar/org/bytedeco/javacpp/linux-x86_64/libLLVM-3.9.so
7fc8cfc95000-7fc8cfe95000 ---p 0183a000 08:06 1596814                    /home/merrillm/.javacpp/cache/llvm-3.9.0-1.3-linux-x86_64.jar/org/bytedeco/javacpp/linux-x86_64/libLLVM-3.9.so
7fc8cfe95000-7fc8cffbf000 r--p 0183a000 08:06 1596814                    /home/merrillm/.javacpp/cache/llvm-3.9.0-1.3-linux-x86_64.jar/org/bytedeco/javacpp/linux-x86_64/libLLVM-3.9.so
7fc8cffbf000-7fc8cffd7000 rw-p 01964000 08:06 1596814                    /home/merrillm/.javacpp/cache/llvm-3.9.0-1.3-linux-x86_64.jar/org/bytedeco/javacpp/linux-x86_64/libLLVM-3.9.so
7fc8cffd7000-7fc8d0000000 rw-p 00000000 00:00 0 
7fc8d0000000-7fc8d0052000 rw-p 00000000 00:00 0 
7fc8d0052000-7fc8d4000000 ---p 00000000 00:00 0 
7fc8d4000000-7fc8d4021000 rw-p 00000000 00:00 0 
7fc8d4021000-7fc8d8000000 ---p 00000000 00:00 0 
7fc8d8000000-7fc8d8021000 rw-p 00000000 00:00 0 
7fc8d8021000-7fc8dc000000 ---p 00000000 00:00 0 
7fc8dc000000-7fc8dc021000 rw-p 00000000 00:00 0 
7fc8dc021000-7fc8e0000000 ---p 00000000 00:00 0 
7fc8e0000000-7fc8e0132000 rw-p 00000000 00:00 0 
7fc8e0132000-7fc8e4000000 ---p 00000000 00:00 0 
7fc8e4000000-7fc8e4146000 rw-p 00000000 00:00 0 
7fc8e4146000-7fc8e8000000 ---p 00000000 00:00 0 
7fc8e8000000-7fc8e8021000 rw-p 00000000 00:00 0 
7fc8e8021000-7fc8ec000000 ---p 00000000 00:00 0 
7fc8ec000000-7fc8ec194000 rw-p 00000000 00:00 0 
7fc8ec194000-7fc8f0000000 ---p 00000000 00:00 0 
7fc8f0000000-7fc8f0021000 rw-p 00000000 00:00 0 
7fc8f0021000-7fc8f4000000 ---p 00000000 00:00 0 
7fc8f4000000-7fc8f4021000 rw-p 00000000 00:00 0 
7fc8f4021000-7fc8f8000000 ---p 00000000 00:00 0 
7fc8f8000000-7fc8f8021000 rw-p 00000000 00:00 0 
7fc8f8021000-7fc8fc000000 ---p 00000000 00:00 0 
7fc8fc000000-7fc8fc021000 rw-p 00000000 00:00 0 
7fc8fc021000-7fc900000000 ---p 00000000 00:00 0 
7fc90005a000-7fc9000da000 rw-p 00000000 00:00 0 
7fc9000da000-7fc90025a000 ---p 00000000 00:00 0 
7fc90025a000-7fc90025e000 ---p 00000000 00:00 0 
7fc90025e000-7fc90035b000 rw-p 00000000 00:00 0 
7fc90035b000-7fc900414000 r-xp 00000000 08:06 1596845                    /home/merrillm/.javacpp/cache/llvm-3.9.0-1.3-linux-x86_64.jar/org/bytedeco/javacpp/linux-x86_64/libjniLLVM.so
7fc900414000-7fc900614000 ---p 000b9000 08:06 1596845                    /home/merrillm/.javacpp/cache/llvm-3.9.0-1.3-linux-x86_64.jar/org/bytedeco/javacpp/linux-x86_64/libjniLLVM.so
7fc900614000-7fc900615000 r--p 000b9000 08:06 1596845                    /home/merrillm/.javacpp/cache/llvm-3.9.0-1.3-linux-x86_64.jar/org/bytedeco/javacpp/linux-x86_64/libjniLLVM.so
7fc900615000-7fc900617000 rw-p 000ba000 08:06 1596845                    /home/merrillm/.javacpp/cache/llvm-3.9.0-1.3-linux-x86_64.jar/org/bytedeco/javacpp/linux-x86_64/libjniLLVM.so
7fc900617000-7fc900618000 rw-p 00000000 00:00 0 
7fc900618000-7fc90062e000 r-xp 00000000 08:06 1596826                    /home/merrillm/.javacpp/cache/llvm-3.9.0-1.3-linux-x86_64.jar/org/bytedeco/javacpp/linux-x86_64/libLTO.so
7fc90062e000-7fc90082d000 ---p 00016000 08:06 1596826                    /home/merrillm/.javacpp/cache/llvm-3.9.0-1.3-linux-x86_64.jar/org/bytedeco/javacpp/linux-x86_64/libLTO.so
7fc90082d000-7fc90082f000 r--p 00015000 08:06 1596826                    /home/merrillm/.javacpp/cache/llvm-3.9.0-1.3-linux-x86_64.jar/org/bytedeco/javacpp/linux-x86_64/libLTO.so
7fc90082f000-7fc900830000 rw-p 00017000 08:06 1596826                    /home/merrillm/.javacpp/cache/llvm-3.9.0-1.3-linux-x86_64.jar/org/bytedeco/javacpp/linux-x86_64/libLTO.so
7fc900830000-7fc900833000 rw-p 00000000 00:00 0 
7fc900833000-7fc900849000 r-xp 00000000 08:0c 4726068                    /lib/x86_64-linux-gnu/libgcc_s.so.1
7fc900849000-7fc900a48000 ---p 00016000 08:0c 4726068                    /lib/x86_64-linux-gnu/libgcc_s.so.1
7fc900a48000-7fc900a49000 r--p 00015000 08:0c 4726068                    /lib/x86_64-linux-gnu/libgcc_s.so.1
7fc900a49000-7fc900a4a000 rw-p 00016000 08:0c 4726068                    /lib/x86_64-linux-gnu/libgcc_s.so.1
7fc900a4a000-7fc900bc4000 r-xp 00000000 08:0c 6062067                    /usr/lib/x86_64-linux-gnu/libstdc++.so.6.0.24
7fc900bc4000-7fc900dc3000 ---p 0017a000 08:0c 6062067                    /usr/lib/x86_64-linux-gnu/libstdc++.so.6.0.24
7fc900dc3000-7fc900dcd000 r--p 00179000 08:0c 6062067                    /usr/lib/x86_64-linux-gnu/libstdc++.so.6.0.24
7fc900dcd000-7fc900dcf000 rw-p 00183000 08:0c 6062067                    /usr/lib/x86_64-linux-gnu/libstdc++.so.6.0.24
7fc900dcf000-7fc900dd2000 rw-p 00000000 00:00 0 
7fc900dd2000-7fc900dd3000 ---p 00000000 00:00 0 
7fc900dd3000-7fc900ed3000 rw-p 00000000 00:00 0 
7fc900ed3000-7fc900ed7000 ---p 00000000 00:00 0 
7fc900ed7000-7fc900fd4000 rw-p 00000000 00:00 0 
7fc900fd4000-7fc900fd8000 ---p 00000000 00:00 0 
7fc900fd8000-7fc9010d5000 rw-p 00000000 00:00 0 
7fc9010d5000-7fc9010d9000 ---p 00000000 00:00 0 
7fc9010d9000-7fc9011d6000 rw-p 00000000 00:00 0 
7fc9011d6000-7fc9011ec000 r-xp 00000000 08:0c 2890133                    /usr/lib/jvm/jdk-9.0.1/lib/libnet.so
7fc9011ec000-7fc9013ec000 ---p 00016000 08:0c 2890133                    /usr/lib/jvm/jdk-9.0.1/lib/libnet.so
7fc9013ec000-7fc9013ed000 rw-p 00016000 08:0c 2890133                    /usr/lib/jvm/jdk-9.0.1/lib/libnet.so
7fc9013ed000-7fc9013fd000 r-xp 00000000 08:0c 2890130                    /usr/lib/jvm/jdk-9.0.1/lib/libnio.so
7fc9013fd000-7fc9015fd000 ---p 00010000 08:0c 2890130                    /usr/lib/jvm/jdk-9.0.1/lib/libnio.so
7fc9015fd000-7fc9015fe000 rw-p 00010000 08:0c 2890130                    /usr/lib/jvm/jdk-9.0.1/lib/libnio.so
7fc9015fe000-7fc901602000 ---p 00000000 00:00 0 
7fc901602000-7fc9016ff000 rw-p 00000000 00:00 0 
7fc9016ff000-7fc901703000 ---p 00000000 00:00 0 
7fc901703000-7fc902000000 rw-p 00000000 00:00 0 
7fc902000000-7fc904000000 rwxp 00000000 00:00 0 
7fc904000000-7fc904021000 rw-p 00000000 00:00 0 
7fc904021000-7fc908000000 ---p 00000000 00:00 0 
7fc90804e000-7fc908052000 ---p 00000000 00:00 0 
7fc908052000-7fc90814f000 rw-p 00000000 00:00 0 
7fc90814f000-7fc908153000 ---p 00000000 00:00 0 
7fc908153000-7fc908440000 rw-p 00000000 00:00 0 
7fc908440000-7fc90a128000 ---p 00000000 00:00 0 
7fc90a128000-7fc90a318000 rw-p 00000000 00:00 0 
7fc90a318000-7fc90c000000 ---p 00000000 00:00 0 
7fc90c000000-7fc90c021000 rw-p 00000000 00:00 0 
7fc90c021000-7fc910000000 ---p 00000000 00:00 0 
7fc910000000-7fc910021000 rw-p 00000000 00:00 0 
7fc910021000-7fc914000000 ---p 00000000 00:00 0 
7fc914000000-7fc914021000 rw-p 00000000 00:00 0 
7fc914021000-7fc918000000 ---p 00000000 00:00 0 
7fc918000000-7fc918021000 rw-p 00000000 00:00 0 
7fc918021000-7fc91c000000 ---p 00000000 00:00 0 
7fc91c000000-7fc91c021000 rw-p 00000000 00:00 0 
7fc91c021000-7fc920000000 ---p 00000000 00:00 0 
7fc920000000-7fc920021000 rw-p 00000000 00:00 0 
7fc920021000-7fc924000000 ---p 00000000 00:00 0 
7fc924000000-7fc924021000 rw-p 00000000 00:00 0 
7fc924021000-7fc928000000 ---p 00000000 00:00 0 
7fc928000000-7fc928021000 rw-p 00000000 00:00 0 
7fc928021000-7fc92c000000 ---p 00000000 00:00 0 
7fc92c000000-7fc92c021000 rw-p 00000000 00:00 0 
7fc92c021000-7fc930000000 ---p 00000000 00:00 0 
7fc930020000-7fc930024000 ---p 00000000 00:00 0 
7fc930024000-7fc930121000 rw-p 00000000 00:00 0 
7fc930121000-7fc9303f9000 r--p 00000000 08:0c 6053116                    /usr/lib/locale/locale-archive
7fc9303f9000-7fc9303fd000 ---p 00000000 00:00 0 
7fc9303fd000-7fc9304fa000 rw-p 00000000 00:00 0 
7fc9304fa000-7fc9304fe000 ---p 00000000 00:00 0 
7fc9304fe000-7fc9305fb000 rw-p 00000000 00:00 0 
7fc9305fb000-7fc9305fc000 ---p 00000000 00:00 0 
7fc9305fc000-7fc930c0f000 rw-p 00000000 00:00 0 
7fc930c0f000-7fc930fac000 ---p 00000000 00:00 0 
7fc930fac000-7fc930fea000 rw-p 00000000 00:00 0 
7fc930fea000-7fc931762000 ---p 00000000 00:00 0 
7fc931762000-7fc9317a0000 rw-p 00000000 00:00 0 
7fc9317a0000-7fc931b3d000 ---p 00000000 00:00 0 
7fc931b3d000-7fc931dad000 rwxp 00000000 00:00 0 
7fc931dad000-7fc9320cd000 ---p 00000000 00:00 0 
7fc9320cd000-7fc93233d000 rwxp 00000000 00:00 0 
7fc93233d000-7fc939605000 ---p 00000000 00:00 0 
7fc939605000-7fc939875000 rwxp 00000000 00:00 0 
7fc939875000-7fc940b3d000 ---p 00000000 00:00 0 
7fc940b3d000-7fc94c000000 r--s 00000000 08:0c 2889455                    /usr/lib/jvm/jdk-9.0.1/lib/modules
7fc94c000000-7fc94c577000 rw-p 00000000 00:00 0 
7fc94c577000-7fc950000000 ---p 00000000 00:00 0 
7fc950039000-7fc95003a000 ---p 00000000 00:00 0 
7fc95003a000-7fc95013a000 rw-p 00000000 00:00 0 
7fc95013a000-7fc95013b000 ---p 00000000 00:00 0 
7fc95013b000-7fc95023b000 rw-p 00000000 00:00 0 
7fc95023b000-7fc95023c000 ---p 00000000 00:00 0 
7fc95023c000-7fc95033c000 rw-p 00000000 00:00 0 
7fc95033c000-7fc95033d000 ---p 00000000 00:00 0 
7fc95033d000-7fc95043d000 rw-p 00000000 00:00 0 
7fc95043d000-7fc95043e000 ---p 00000000 00:00 0 
7fc95043e000-7fc95053e000 rw-p 00000000 00:00 0 
7fc95053e000-7fc95053f000 ---p 00000000 00:00 0 
7fc95053f000-7fc95063f000 rw-p 00000000 00:00 0 
7fc95063f000-7fc950640000 ---p 00000000 00:00 0 
7fc950640000-7fc950b44000 rw-p 00000000 00:00 0 
7fc950b44000-7fc950b45000 ---p 00000000 00:00 0 
7fc950b45000-7fc950c45000 rw-p 00000000 00:00 0 
7fc950c45000-7fc950c46000 ---p 00000000 00:00 0 
7fc950c46000-7fc950d46000 rw-p 00000000 00:00 0 
7fc950d46000-7fc950d47000 ---p 00000000 00:00 0 
7fc950d47000-7fc950e47000 rw-p 00000000 00:00 0 
7fc950e47000-7fc950e48000 ---p 00000000 00:00 0 
7fc950e48000-7fc950f4d000 rw-p 00000000 00:00 0 
7fc950f4d000-7fc951033000 ---p 00000000 00:00 0 
7fc951033000-7fc951038000 rw-p 00000000 00:00 0 
7fc951038000-7fc95111e000 ---p 00000000 00:00 0 
7fc95111e000-7fc951138000 r-xp 00000000 08:0c 2890135                    /usr/lib/jvm/jdk-9.0.1/lib/libjimage.so
7fc951138000-7fc951337000 ---p 0001a000 08:0c 2890135                    /usr/lib/jvm/jdk-9.0.1/lib/libjimage.so
7fc951337000-7fc951339000 rw-p 00019000 08:0c 2890135                    /usr/lib/jvm/jdk-9.0.1/lib/libjimage.so
7fc951339000-7fc95134b000 rw-p 00000000 00:00 0 
7fc95134b000-7fc951352000 r-xp 00000000 08:0c 2890311                    /usr/lib/jvm/jdk-9.0.1/lib/libzip.so
7fc951352000-7fc951551000 ---p 00007000 08:0c 2890311                    /usr/lib/jvm/jdk-9.0.1/lib/libzip.so
7fc951551000-7fc951552000 rw-p 00006000 08:0c 2890311                    /usr/lib/jvm/jdk-9.0.1/lib/libzip.so
7fc951552000-7fc95155d000 r-xp 00000000 08:0c 4719234                    /lib/x86_64-linux-gnu/libnss_files-2.23.so
7fc95155d000-7fc95175c000 ---p 0000b000 08:0c 4719234                    /lib/x86_64-linux-gnu/libnss_files-2.23.so
7fc95175c000-7fc95175d000 r--p 0000a000 08:0c 4719234                    /lib/x86_64-linux-gnu/libnss_files-2.23.so
7fc95175d000-7fc95175e000 rw-p 0000b000 08:0c 4719234                    /lib/x86_64-linux-gnu/libnss_files-2.23.so
7fc95175e000-7fc951764000 rw-p 00000000 00:00 0 
7fc951764000-7fc95176f000 r-xp 00000000 08:0c 4719240                    /lib/x86_64-linux-gnu/libnss_nis-2.23.so
7fc95176f000-7fc95196e000 ---p 0000b000 08:0c 4719240                    /lib/x86_64-linux-gnu/libnss_nis-2.23.so
7fc95196e000-7fc95196f000 r--p 0000a000 08:0c 4719240                    /lib/x86_64-linux-gnu/libnss_nis-2.23.so
7fc95196f000-7fc951970000 rw-p 0000b000 08:0c 4719240                    /lib/x86_64-linux-gnu/libnss_nis-2.23.so
7fc951970000-7fc951986000 r-xp 00000000 08:0c 4719224                    /lib/x86_64-linux-gnu/libnsl-2.23.so
7fc951986000-7fc951b85000 ---p 00016000 08:0c 4719224                    /lib/x86_64-linux-gnu/libnsl-2.23.so
7fc951b85000-7fc951b86000 r--p 00015000 08:0c 4719224                    /lib/x86_64-linux-gnu/libnsl-2.23.so
7fc951b86000-7fc951b87000 rw-p 00016000 08:0c 4719224                    /lib/x86_64-linux-gnu/libnsl-2.23.so
7fc951b87000-7fc951b89000 rw-p 00000000 00:00 0 
7fc951b89000-7fc951b91000 r-xp 00000000 08:0c 4719257                    /lib/x86_64-linux-gnu/libnss_compat-2.23.so
7fc951b91000-7fc951d90000 ---p 00008000 08:0c 4719257                    /lib/x86_64-linux-gnu/libnss_compat-2.23.so
7fc951d90000-7fc951d91000 r--p 00007000 08:0c 4719257                    /lib/x86_64-linux-gnu/libnss_compat-2.23.so
7fc951d91000-7fc951d92000 rw-p 00008000 08:0c 4719257                    /lib/x86_64-linux-gnu/libnss_compat-2.23.so
7fc951d92000-7fc951d9c000 r-xp 00000000 08:0c 2890121                    /usr/lib/jvm/jdk-9.0.1/lib/libinstrument.so
7fc951d9c000-7fc951f9b000 ---p 0000a000 08:0c 2890121                    /usr/lib/jvm/jdk-9.0.1/lib/libinstrument.so
7fc951f9b000-7fc951f9c000 rw-p 00009000 08:0c 2890121                    /usr/lib/jvm/jdk-9.0.1/lib/libinstrument.so
7fc951f9c000-7fc951fc7000 r-xp 00000000 08:0c 2890074                    /usr/lib/jvm/jdk-9.0.1/lib/libjava.so
7fc951fc7000-7fc9521c6000 ---p 0002b000 08:0c 2890074                    /usr/lib/jvm/jdk-9.0.1/lib/libjava.so
7fc9521c6000-7fc9521c8000 rw-p 0002a000 08:0c 2890074                    /usr/lib/jvm/jdk-9.0.1/lib/libjava.so
7fc9521c8000-7fc9521d5000 r-xp 00000000 08:0c 2889468                    /usr/lib/jvm/jdk-9.0.1/lib/libverify.so
7fc9521d5000-7fc9523d4000 ---p 0000d000 08:0c 2889468                    /usr/lib/jvm/jdk-9.0.1/lib/libverify.so
7fc9523d4000-7fc9523d6000 rw-p 0000c000 08:0c 2889468                    /usr/lib/jvm/jdk-9.0.1/lib/libverify.so
7fc9523d6000-7fc9523dd000 r-xp 00000000 08:0c 4719244                    /lib/x86_64-linux-gnu/librt-2.23.so
7fc9523dd000-7fc9525dc000 ---p 00007000 08:0c 4719244                    /lib/x86_64-linux-gnu/librt-2.23.so
7fc9525dc000-7fc9525dd000 r--p 00006000 08:0c 4719244                    /lib/x86_64-linux-gnu/librt-2.23.so
7fc9525dd000-7fc9525de000 rw-p 00007000 08:0c 4719244                    /lib/x86_64-linux-gnu/librt-2.23.so
7fc9525de000-7fc9526e6000 r-xp 00000000 08:0c 4719267                    /lib/x86_64-linux-gnu/libm-2.23.so
7fc9526e6000-7fc9528e5000 ---p 00108000 08:0c 4719267                    /lib/x86_64-linux-gnu/libm-2.23.so
7fc9528e5000-7fc9528e6000 r--p 00107000 08:0c 4719267                    /lib/x86_64-linux-gnu/libm-2.23.so
7fc9528e6000-7fc9528e7000 rw-p 00108000 08:0c 4719267                    /lib/x86_64-linux-gnu/libm-2.23.so
7fc9528e7000-7fc9538fb000 r-xp 00000000 08:0c 2890298                    /usr/lib/jvm/jdk-9.0.1/lib/server/libjvm.so
7fc9538fb000-7fc953afb000 ---p 01014000 08:0c 2890298                    /usr/lib/jvm/jdk-9.0.1/lib/server/libjvm.so
7fc953afb000-7fc953bcc000 r--p 01014000 08:0c 2890298                    /usr/lib/jvm/jdk-9.0.1/lib/server/libjvm.so
7fc953bcc000-7fc953c03000 rw-p 010e5000 08:0c 2890298                    /usr/lib/jvm/jdk-9.0.1/lib/server/libjvm.so
7fc953c03000-7fc953c6c000 rw-p 00000000 00:00 0 
7fc953c6c000-7fc953e2c000 r-xp 00000000 08:0c 4719274                    /lib/x86_64-linux-gnu/libc-2.23.so
7fc953e2c000-7fc95402c000 ---p 001c0000 08:0c 4719274                    /lib/x86_64-linux-gnu/libc-2.23.so
7fc95402c000-7fc954030000 r--p 001c0000 08:0c 4719274                    /lib/x86_64-linux-gnu/libc-2.23.so
7fc954030000-7fc954032000 rw-p 001c4000 08:0c 4719274                    /lib/x86_64-linux-gnu/libc-2.23.so
7fc954032000-7fc954036000 rw-p 00000000 00:00 0 
7fc954036000-7fc954039000 r-xp 00000000 08:0c 4719255                    /lib/x86_64-linux-gnu/libdl-2.23.so
7fc954039000-7fc954238000 ---p 00003000 08:0c 4719255                    /lib/x86_64-linux-gnu/libdl-2.23.so
7fc954238000-7fc954239000 r--p 00002000 08:0c 4719255                    /lib/x86_64-linux-gnu/libdl-2.23.so
7fc954239000-7fc95423a000 rw-p 00003000 08:0c 4719255                    /lib/x86_64-linux-gnu/libdl-2.23.so
7fc95423a000-7fc954248000 r-xp 00000000 08:0c 2889453                    /usr/lib/jvm/jdk-9.0.1/lib/jli/libjli.so
7fc954248000-7fc954448000 ---p 0000e000 08:0c 2889453                    /usr/lib/jvm/jdk-9.0.1/lib/jli/libjli.so
7fc954448000-7fc954449000 rw-p 0000e000 08:0c 2889453                    /usr/lib/jvm/jdk-9.0.1/lib/jli/libjli.so
7fc954449000-7fc954461000 r-xp 00000000 08:0c 4719238                    /lib/x86_64-linux-gnu/libpthread-2.23.so
7fc954461000-7fc954660000 ---p 00018000 08:0c 4719238                    /lib/x86_64-linux-gnu/libpthread-2.23.so
7fc954660000-7fc954661000 r--p 00017000 08:0c 4719238                    /lib/x86_64-linux-gnu/libpthread-2.23.so
7fc954661000-7fc954662000 rw-p 00018000 08:0c 4719238                    /lib/x86_64-linux-gnu/libpthread-2.23.so
7fc954662000-7fc954666000 rw-p 00000000 00:00 0 
7fc954666000-7fc95467f000 r-xp 00000000 08:0c 4718933                    /lib/x86_64-linux-gnu/libz.so.1.2.8
7fc95467f000-7fc95487e000 ---p 00019000 08:0c 4718933                    /lib/x86_64-linux-gnu/libz.so.1.2.8
7fc95487e000-7fc95487f000 r--p 00018000 08:0c 4718933                    /lib/x86_64-linux-gnu/libz.so.1.2.8
7fc95487f000-7fc954880000 rw-p 00019000 08:0c 4718933                    /lib/x86_64-linux-gnu/libz.so.1.2.8
7fc954880000-7fc9548a6000 r-xp 00000000 08:0c 4719226                    /lib/x86_64-linux-gnu/ld-2.23.so
7fc9548b5000-7fc954973000 rw-p 00000000 00:00 0 
7fc954973000-7fc954978000 ---p 00000000 00:00 0 
7fc954978000-7fc954a79000 rw-p 00000000 00:00 0 
7fc954a89000-7fc954a8a000 r-xp 00000000 00:00 0 
7fc954a8a000-7fc954a8b000 rw-p 00000000 00:00 0 
7fc954a8b000-7fc954a8c000 r-xp 00000000 00:00 0 
7fc954a8c000-7fc954a92000 rw-p 00000000 00:00 0 
7fc954a92000-7fc954a99000 ---p 00000000 00:00 0 
7fc954a99000-7fc954aa1000 rw-s 00000000 08:0c 2883642                    /tmp/hsperfdata_merrillm/3516
7fc954aa1000-7fc954aa2000 rw-p 00000000 00:00 0 
7fc954aa2000-7fc954aa3000 r--p 00000000 00:00 0 
7fc954aa3000-7fc954aa5000 rw-p 00000000 00:00 0 
7fc954aa5000-7fc954aa6000 r--p 00025000 08:0c 4719226                    /lib/x86_64-linux-gnu/ld-2.23.so
7fc954aa6000-7fc954aa7000 rw-p 00026000 08:0c 4719226                    /lib/x86_64-linux-gnu/ld-2.23.so
7fc954aa7000-7fc954aa8000 rw-p 00000000 00:00 0 
7fff8c689000-7fff8c6aa000 rw-p 00000000 00:00 0                          [stack]
7fff8c6e0000-7fff8c6e2000 r--p 00000000 00:00 0                          [vvar]
7fff8c6e2000-7fff8c6e4000 r-xp 00000000 00:00 0                          [vdso]
ffffffffff600000-ffffffffff601000 r-xp 00000000 00:00 0                  [vsyscall]

VM Arguments:
jvm_args: -javaagent:/opt/idea-IU-172.3757.52/lib/idea_rt.jar=40968:/opt/idea-IU-172.3757.52/bin -Dfile.encoding=UTF-8 
java_command: io.javalanche.covfefe.CovfefeMain example.iloc
java_class_path (initial): /home/merrillm/cs/IdeaProjects/covfefe/target/classes:/home/merrillm/.m2/repository/junit/junit/4.12/junit-4.12.jar:/home/merrillm/.m2/repository/org/hamcrest/hamcrest-core/1.3/hamcrest-core-1.3.jar:/home/merrillm/.m2/repository/org/apache/commons/commons-lang3/3.5/commons-lang3-3.5.jar:/home/merrillm/.m2/repository/org/bytedeco/javacpp-presets/llvm-platform/3.9.0-1.3/llvm-platform-3.9.0-1.3.jar:/home/merrillm/.m2/repository/org/bytedeco/javacpp-presets/llvm/3.9.0-1.3/llvm-3.9.0-1.3-linux-x86.jar:/home/merrillm/.m2/repository/org/bytedeco/javacpp-presets/llvm/3.9.0-1.3/llvm-3.9.0-1.3-linux-x86_64.jar:/home/merrillm/.m2/repository/org/bytedeco/javacpp-presets/llvm/3.9.0-1.3/llvm-3.9.0-1.3-macosx-x86_64.jar:/home/merrillm/.m2/repository/org/bytedeco/javacpp-presets/llvm/3.9.0-1.3/llvm-3.9.0-1.3.jar:/home/merrillm/.m2/repository/org/bytedeco/javacpp/1.3/javacpp-1.3.jar
Launcher Type: SUN_STANDARD

Logging:
Log output configuration:
#0: stdout all=warning uptime,level,tags
#1: stderr all=off uptime,level,tags

Environment Variables:
JAVA_HOME=/usr/lib/jvm/java-8-oracle
PATH=/usr/local/cuda-8.0/bin:/usr/lib/nvidia-384/bin:/usr/local/heroku/bin:/home/merrillm/bin:/usr/local/sbin:/usr/local/bin:/usr/sbin:/usr/bin:/sbin:/bin:/usr/games:/usr/local/games:/snap/bin:/usr/lib/go/bin:/usr/lib/jvm/java-8-oracle/bin:/usr/lib/jvm/java-8-oracle/db/bin:/usr/lib/jvm/java-8-oracle/jre/bin:/home/merrillm/.rvm/bin
LD_LIBRARY_PATH=/opt/default-idea/bin:
SHELL=/bin/bash
DISPLAY=:0

Signal Handlers:
SIGSEGV: [libjvm.so+0xd4ce90], sa_mask[0]=11111111011111111101111111111110, sa_flags=SA_RESTART|SA_SIGINFO
SIGBUS: [libjvm.so+0xd4ce90], sa_mask[0]=11111111011111111101111111111110, sa_flags=SA_RESTART|SA_SIGINFO
SIGFPE: [libjvm.so+0xd4ce90], sa_mask[0]=11111111011111111101111111111110, sa_flags=SA_RESTART|SA_SIGINFO
SIGPIPE: [libjvm.so+0xb64460], sa_mask[0]=11111111011111111101111111111110, sa_flags=SA_RESTART|SA_SIGINFO
SIGXFSZ: [libjvm.so+0xb64460], sa_mask[0]=11111111011111111101111111111110, sa_flags=SA_RESTART|SA_SIGINFO
SIGILL: [libjvm.so+0xd4ce90], sa_mask[0]=11111111011111111101111111111110, sa_flags=SA_RESTART|SA_SIGINFO
SIGUSR2: [libjvm.so+0xb64320], sa_mask[0]=00100000000000000000000000000000, sa_flags=SA_RESTART|SA_SIGINFO
SIGHUP: [libjvm.so+0xb64530], sa_mask[0]=11111111011111111101111111111110, sa_flags=SA_RESTART|SA_SIGINFO
SIGINT: SIG_IGN, sa_mask[0]=00000000000000000000000000000000, sa_flags=none
SIGTERM: [libjvm.so+0xb64530], sa_mask[0]=11111111011111111101111111111110, sa_flags=SA_RESTART|SA_SIGINFO
SIGQUIT: [libjvm.so+0xb64530], sa_mask[0]=11111111011111111101111111111110, sa_flags=SA_RESTART|SA_SIGINFO


---------------  S Y S T E M  ---------------

OS:DISTRIB_ID=Ubuntu
DISTRIB_RELEASE=16.04
DISTRIB_CODENAME=xenial
DISTRIB_DESCRIPTION="Ubuntu 16.04.3 LTS"
uname:Linux 4.4.0-64-generic #85-Ubuntu SMP Mon Feb 20 11:50:30 UTC 2017 x86_64
libc:glibc 2.23 NPTL 2.23 
rlimit: STACK 8192k, CORE 0k, NPROC 30609, NOFILE 1048576, AS infinity
load average:1 0.81 0.63

/proc/meminfo:
MemTotal:        8080736 kB
MemFree:         2142380 kB
MemAvailable:    2884772 kB
Buffers:          123752 kB
Cached:          1195160 kB
SwapCached:        26432 kB
Active:          5160848 kB
Inactive:         484336 kB
Active(anon):    4452324 kB
Inactive(anon):   268316 kB
Active(file):     708524 kB
Inactive(file):   216020 kB
Unevictable:          32 kB
Mlocked:              32 kB
SwapTotal:      16777212 kB
SwapFree:       16474812 kB
Dirty:              6700 kB
Writeback:             0 kB
AnonPages:       4301312 kB
Mapped:           618624 kB
Shmem:            394368 kB
Slab:             128684 kB
SReclaimable:      76484 kB
SUnreclaim:        52200 kB
KernelStack:       15136 kB
PageTables:        65436 kB
NFS_Unstable:          0 kB
Bounce:                0 kB
WritebackTmp:          0 kB
CommitLimit:    20817580 kB
Committed_AS:   12396976 kB
VmallocTotal:   34359738367 kB
VmallocUsed:           0 kB
VmallocChunk:          0 kB
HardwareCorrupted:     0 kB
AnonHugePages:   2103296 kB
CmaTotal:              0 kB
CmaFree:               0 kB
HugePages_Total:       0
HugePages_Free:        0
HugePages_Rsvd:        0
HugePages_Surp:        0
Hugepagesize:       2048 kB
DirectMap4k:      784796 kB
DirectMap2M:     6461440 kB
DirectMap1G:     1048576 kB


CPU:total 4 (initial active 4) (2 cores per cpu, 2 threads per core) family 6 model 69 stepping 1, cmov, cx8, fxsr, mmx, sse, sse2, sse3, ssse3, sse4.1, sse4.2, popcnt, avx, avx2, aes, clmul, erms, lzcnt, ht, tsc, tscinvbit, bmi1, bmi2, fma
CPU Model and flags from /proc/cpuinfo:
model name	: Intel(R) Core(TM) i7-4510U CPU @ 2.00GHz
flags		: fpu vme de pse tsc msr pae mce cx8 apic sep mtrr pge mca cmov pat pse36 clflush dts acpi mmx fxsr sse sse2 ss ht tm pbe syscall nx pdpe1gb rdtscp lm constant_tsc arch_perfmon pebs bts rep_good nopl xtopology nonstop_tsc aperfmperf eagerfpu pni pclmulqdq dtes64 monitor ds_cpl vmx est tm2 ssse3 sdbg fma cx16 xtpr pdcm pcid sse4_1 sse4_2 movbe popcnt tsc_deadline_timer aes xsave avx f16c rdrand lahf_lm abm epb tpr_shadow vnmi flexpriority ept vpid fsgsbase tsc_adjust bmi1 avx2 smep bmi2 erms invpcid xsaveopt dtherm ida arat pln pts

Memory: 4k page, physical 8080736k(2142380k free), swap 16777212k(16474812k free)

vm_info: Java HotSpot(TM) 64-Bit Server VM (9.0.1+11) for linux-amd64 JRE (9.0.1+11), built on Sep 27 2017 20:48:27 by "mach5one" with gcc 4.9.2

END.
